[2024-02-15 10:34:55,890][trainer.py][line:83][INFO] -----Start training-----
[2024-02-15 10:35:11,857][trainer.py][line:146][INFO] Epoch:[1/100]	 Train loss=0.2839182	 Vali Loss=0.1010143	 Cost time=16.0
[2024-02-15 10:35:27,395][trainer.py][line:146][INFO] Epoch:[2/100]	 Train loss=0.1159779	 Vali Loss=0.1087090	 Cost time=15.5
[2024-02-15 10:35:27,396][utils.py][line:105][INFO] EarlyStopping counter: 1 out of 100
[2024-02-15 10:35:42,567][trainer.py][line:146][INFO] Epoch:[3/100]	 Train loss=0.0994678	 Vali Loss=0.0830250	 Cost time=15.2
[2024-02-15 10:35:58,998][trainer.py][line:146][INFO] Epoch:[4/100]	 Train loss=0.1024205	 Vali Loss=0.0956018	 Cost time=16.4
[2024-02-15 10:35:58,998][utils.py][line:105][INFO] EarlyStopping counter: 1 out of 100
[2024-02-15 10:36:17,516][trainer.py][line:146][INFO] Epoch:[5/100]	 Train loss=0.1043497	 Vali Loss=0.1191611	 Cost time=18.5
[2024-02-15 10:36:17,516][utils.py][line:105][INFO] EarlyStopping counter: 2 out of 100
[2024-02-15 10:36:34,757][trainer.py][line:146][INFO] Epoch:[6/100]	 Train loss=0.2025505	 Vali Loss=0.1880970	 Cost time=17.2
[2024-02-15 10:36:34,757][utils.py][line:105][INFO] EarlyStopping counter: 3 out of 100
[2024-02-15 10:36:49,557][trainer.py][line:146][INFO] Epoch:[7/100]	 Train loss=0.1634814	 Vali Loss=0.0971029	 Cost time=14.8
[2024-02-15 10:36:49,557][utils.py][line:105][INFO] EarlyStopping counter: 4 out of 100
[2024-02-15 10:37:04,318][trainer.py][line:146][INFO] Epoch:[8/100]	 Train loss=0.1325482	 Vali Loss=0.1049733	 Cost time=14.8
[2024-02-15 10:37:04,318][utils.py][line:105][INFO] EarlyStopping counter: 5 out of 100
[2024-02-15 10:37:19,072][trainer.py][line:146][INFO] Epoch:[9/100]	 Train loss=0.1161183	 Vali Loss=0.1652201	 Cost time=14.8
[2024-02-15 10:37:19,072][utils.py][line:105][INFO] EarlyStopping counter: 6 out of 100
[2024-02-15 10:37:34,084][trainer.py][line:146][INFO] Epoch:[10/100]	 Train loss=0.1063841	 Vali Loss=0.0997243	 Cost time=15.0
[2024-02-15 10:37:34,084][utils.py][line:105][INFO] EarlyStopping counter: 7 out of 100
[2024-02-15 10:37:49,279][trainer.py][line:146][INFO] Epoch:[11/100]	 Train loss=0.0677966	 Vali Loss=0.0751954	 Cost time=15.2
[2024-02-15 10:38:04,705][trainer.py][line:146][INFO] Epoch:[12/100]	 Train loss=0.0753410	 Vali Loss=0.0720002	 Cost time=15.4
[2024-02-15 10:38:19,653][trainer.py][line:146][INFO] Epoch:[13/100]	 Train loss=0.0675028	 Vali Loss=0.0822086	 Cost time=14.9
[2024-02-15 10:38:19,653][utils.py][line:105][INFO] EarlyStopping counter: 1 out of 100
[2024-02-15 10:38:34,390][trainer.py][line:146][INFO] Epoch:[14/100]	 Train loss=0.1040485	 Vali Loss=0.1768447	 Cost time=14.7
[2024-02-15 10:38:34,390][utils.py][line:105][INFO] EarlyStopping counter: 2 out of 100
[2024-02-15 10:38:49,237][trainer.py][line:146][INFO] Epoch:[15/100]	 Train loss=0.1357929	 Vali Loss=0.0896043	 Cost time=14.8
[2024-02-15 10:38:49,238][utils.py][line:105][INFO] EarlyStopping counter: 3 out of 100
[2024-02-15 10:39:04,008][trainer.py][line:146][INFO] Epoch:[16/100]	 Train loss=0.0810184	 Vali Loss=0.0849688	 Cost time=14.8
[2024-02-15 10:39:04,009][utils.py][line:105][INFO] EarlyStopping counter: 4 out of 100
[2024-02-15 10:39:18,738][trainer.py][line:146][INFO] Epoch:[17/100]	 Train loss=0.0698407	 Vali Loss=0.0749675	 Cost time=14.7
[2024-02-15 10:39:18,738][utils.py][line:105][INFO] EarlyStopping counter: 5 out of 100
[2024-02-15 10:39:33,478][trainer.py][line:146][INFO] Epoch:[18/100]	 Train loss=0.0731289	 Vali Loss=0.0726210	 Cost time=14.7
[2024-02-15 10:39:33,478][utils.py][line:105][INFO] EarlyStopping counter: 6 out of 100
[2024-02-15 10:39:48,359][trainer.py][line:146][INFO] Epoch:[19/100]	 Train loss=0.0620233	 Vali Loss=0.0770837	 Cost time=14.9
[2024-02-15 10:39:48,359][utils.py][line:105][INFO] EarlyStopping counter: 7 out of 100
[2024-02-15 10:40:03,119][trainer.py][line:146][INFO] Epoch:[20/100]	 Train loss=0.0685834	 Vali Loss=0.0739313	 Cost time=14.8
[2024-02-15 10:40:03,119][utils.py][line:105][INFO] EarlyStopping counter: 8 out of 100
[2024-02-15 10:40:17,903][trainer.py][line:146][INFO] Epoch:[21/100]	 Train loss=0.0591636	 Vali Loss=0.0826909	 Cost time=14.8
[2024-02-15 10:40:17,903][utils.py][line:105][INFO] EarlyStopping counter: 9 out of 100
[2024-02-15 10:40:32,680][trainer.py][line:146][INFO] Epoch:[22/100]	 Train loss=0.0588492	 Vali Loss=0.0689530	 Cost time=14.8
[2024-02-15 10:40:47,476][trainer.py][line:146][INFO] Epoch:[23/100]	 Train loss=0.0861888	 Vali Loss=0.0752457	 Cost time=14.8
[2024-02-15 10:40:47,476][utils.py][line:105][INFO] EarlyStopping counter: 1 out of 100
[2024-02-15 10:41:02,361][trainer.py][line:146][INFO] Epoch:[24/100]	 Train loss=0.0675998	 Vali Loss=0.0690345	 Cost time=14.9
[2024-02-15 10:41:02,362][utils.py][line:105][INFO] EarlyStopping counter: 2 out of 100
[2024-02-15 10:41:17,117][trainer.py][line:146][INFO] Epoch:[25/100]	 Train loss=0.0615804	 Vali Loss=0.0795439	 Cost time=14.8
[2024-02-15 10:41:17,117][utils.py][line:105][INFO] EarlyStopping counter: 3 out of 100
[2024-02-15 10:41:31,890][trainer.py][line:146][INFO] Epoch:[26/100]	 Train loss=0.0575230	 Vali Loss=0.0697790	 Cost time=14.8
[2024-02-15 10:41:31,890][utils.py][line:105][INFO] EarlyStopping counter: 4 out of 100
[2024-02-15 10:41:46,667][trainer.py][line:146][INFO] Epoch:[27/100]	 Train loss=0.0638536	 Vali Loss=0.0701722	 Cost time=14.8
[2024-02-15 10:41:46,667][utils.py][line:105][INFO] EarlyStopping counter: 5 out of 100
[2024-02-15 10:42:01,573][trainer.py][line:146][INFO] Epoch:[28/100]	 Train loss=0.1079344	 Vali Loss=0.0955100	 Cost time=14.9
[2024-02-15 10:42:01,573][utils.py][line:105][INFO] EarlyStopping counter: 6 out of 100
[2024-02-15 10:42:19,003][trainer.py][line:146][INFO] Epoch:[29/100]	 Train loss=0.0883915	 Vali Loss=0.0772062	 Cost time=17.4
[2024-02-15 10:42:19,003][utils.py][line:105][INFO] EarlyStopping counter: 7 out of 100
[2024-02-15 10:42:35,701][trainer.py][line:146][INFO] Epoch:[30/100]	 Train loss=0.0636519	 Vali Loss=0.0728437	 Cost time=16.7
[2024-02-15 10:42:35,701][utils.py][line:105][INFO] EarlyStopping counter: 8 out of 100
[2024-02-15 10:42:50,742][trainer.py][line:146][INFO] Epoch:[31/100]	 Train loss=0.0679210	 Vali Loss=0.1094885	 Cost time=15.0
[2024-02-15 10:42:50,742][utils.py][line:105][INFO] EarlyStopping counter: 9 out of 100
[2024-02-15 10:43:05,734][trainer.py][line:146][INFO] Epoch:[32/100]	 Train loss=0.0722618	 Vali Loss=0.0733442	 Cost time=15.0
[2024-02-15 10:43:05,735][utils.py][line:105][INFO] EarlyStopping counter: 10 out of 100
[2024-02-15 10:43:20,634][trainer.py][line:146][INFO] Epoch:[33/100]	 Train loss=0.0702634	 Vali Loss=0.0861128	 Cost time=14.9
[2024-02-15 10:43:20,634][utils.py][line:105][INFO] EarlyStopping counter: 11 out of 100
[2024-02-15 10:43:35,671][trainer.py][line:146][INFO] Epoch:[34/100]	 Train loss=0.0611800	 Vali Loss=0.0719249	 Cost time=15.0
[2024-02-15 10:43:35,672][utils.py][line:105][INFO] EarlyStopping counter: 12 out of 100
[2024-02-15 10:43:50,611][trainer.py][line:146][INFO] Epoch:[35/100]	 Train loss=0.0599421	 Vali Loss=0.0693550	 Cost time=14.9
[2024-02-15 10:43:50,611][utils.py][line:105][INFO] EarlyStopping counter: 13 out of 100
[2024-02-15 10:44:05,390][trainer.py][line:146][INFO] Epoch:[36/100]	 Train loss=0.0619264	 Vali Loss=0.0683724	 Cost time=14.8
[2024-02-15 10:44:20,470][trainer.py][line:146][INFO] Epoch:[37/100]	 Train loss=0.0579183	 Vali Loss=0.0729468	 Cost time=15.1
[2024-02-15 10:44:20,471][utils.py][line:105][INFO] EarlyStopping counter: 1 out of 100
[2024-02-15 10:44:35,331][trainer.py][line:146][INFO] Epoch:[38/100]	 Train loss=0.0571726	 Vali Loss=0.0675785	 Cost time=14.9
[2024-02-15 10:44:50,253][trainer.py][line:146][INFO] Epoch:[39/100]	 Train loss=0.0572493	 Vali Loss=0.0730153	 Cost time=14.9
[2024-02-15 10:44:50,253][utils.py][line:105][INFO] EarlyStopping counter: 1 out of 100
[2024-02-15 10:45:05,296][trainer.py][line:146][INFO] Epoch:[40/100]	 Train loss=0.0555462	 Vali Loss=0.0729641	 Cost time=15.0
[2024-02-15 10:45:05,296][utils.py][line:105][INFO] EarlyStopping counter: 2 out of 100
[2024-02-15 10:45:20,448][trainer.py][line:146][INFO] Epoch:[41/100]	 Train loss=0.0511554	 Vali Loss=0.0687449	 Cost time=15.2
[2024-02-15 10:45:20,448][utils.py][line:105][INFO] EarlyStopping counter: 3 out of 100
[2024-02-15 10:45:35,633][trainer.py][line:146][INFO] Epoch:[42/100]	 Train loss=0.0512699	 Vali Loss=0.0689087	 Cost time=15.2
[2024-02-15 10:45:35,633][utils.py][line:105][INFO] EarlyStopping counter: 4 out of 100
[2024-02-15 10:45:51,005][trainer.py][line:146][INFO] Epoch:[43/100]	 Train loss=0.0505584	 Vali Loss=0.0688389	 Cost time=15.4
[2024-02-15 10:45:51,005][utils.py][line:105][INFO] EarlyStopping counter: 5 out of 100
[2024-02-15 10:46:06,044][trainer.py][line:146][INFO] Epoch:[44/100]	 Train loss=0.0505696	 Vali Loss=0.0726745	 Cost time=15.0
[2024-02-15 10:46:06,044][utils.py][line:105][INFO] EarlyStopping counter: 6 out of 100
[2024-02-15 10:46:21,644][trainer.py][line:146][INFO] Epoch:[45/100]	 Train loss=0.0504465	 Vali Loss=0.0675393	 Cost time=15.6
[2024-02-15 10:46:36,676][trainer.py][line:146][INFO] Epoch:[46/100]	 Train loss=0.0511891	 Vali Loss=0.0690409	 Cost time=15.0
[2024-02-15 10:46:36,676][utils.py][line:105][INFO] EarlyStopping counter: 1 out of 100
[2024-02-15 10:46:51,418][trainer.py][line:146][INFO] Epoch:[47/100]	 Train loss=0.0495623	 Vali Loss=0.0673277	 Cost time=14.7
[2024-02-15 10:47:06,175][trainer.py][line:146][INFO] Epoch:[48/100]	 Train loss=0.0515007	 Vali Loss=0.0700768	 Cost time=14.7
[2024-02-15 10:47:06,176][utils.py][line:105][INFO] EarlyStopping counter: 1 out of 100
[2024-02-15 10:47:21,727][trainer.py][line:146][INFO] Epoch:[49/100]	 Train loss=0.0492429	 Vali Loss=0.0797116	 Cost time=15.6
[2024-02-15 10:47:21,727][utils.py][line:105][INFO] EarlyStopping counter: 2 out of 100
[2024-02-15 10:47:38,738][trainer.py][line:146][INFO] Epoch:[50/100]	 Train loss=0.0508267	 Vali Loss=0.0685225	 Cost time=17.0
[2024-02-15 10:47:38,738][utils.py][line:105][INFO] EarlyStopping counter: 3 out of 100
[2024-02-15 10:47:54,704][trainer.py][line:146][INFO] Epoch:[51/100]	 Train loss=0.0474209	 Vali Loss=0.0678150	 Cost time=16.0
[2024-02-15 10:47:54,704][utils.py][line:105][INFO] EarlyStopping counter: 4 out of 100
[2024-02-15 10:48:09,670][trainer.py][line:146][INFO] Epoch:[52/100]	 Train loss=0.0481938	 Vali Loss=0.0682664	 Cost time=15.0
[2024-02-15 10:48:09,670][utils.py][line:105][INFO] EarlyStopping counter: 5 out of 100
[2024-02-15 10:48:24,562][trainer.py][line:146][INFO] Epoch:[53/100]	 Train loss=0.0493549	 Vali Loss=0.0672833	 Cost time=14.9
[2024-02-15 10:48:39,693][trainer.py][line:146][INFO] Epoch:[54/100]	 Train loss=0.0476816	 Vali Loss=0.0665755	 Cost time=15.1
[2024-02-15 10:48:54,529][trainer.py][line:146][INFO] Epoch:[55/100]	 Train loss=0.0478217	 Vali Loss=0.0672268	 Cost time=14.8
[2024-02-15 10:48:54,529][utils.py][line:105][INFO] EarlyStopping counter: 1 out of 100
[2024-02-15 10:49:09,333][trainer.py][line:146][INFO] Epoch:[56/100]	 Train loss=0.0479133	 Vali Loss=0.0674015	 Cost time=14.8
[2024-02-15 10:49:09,333][utils.py][line:105][INFO] EarlyStopping counter: 2 out of 100
[2024-02-15 10:49:24,090][trainer.py][line:146][INFO] Epoch:[57/100]	 Train loss=0.0473502	 Vali Loss=0.0700466	 Cost time=14.8
[2024-02-15 10:49:24,090][utils.py][line:105][INFO] EarlyStopping counter: 3 out of 100
[2024-02-15 10:49:38,877][trainer.py][line:146][INFO] Epoch:[58/100]	 Train loss=0.0477023	 Vali Loss=0.0688267	 Cost time=14.8
[2024-02-15 10:49:38,877][utils.py][line:105][INFO] EarlyStopping counter: 4 out of 100
[2024-02-15 10:49:53,842][trainer.py][line:146][INFO] Epoch:[59/100]	 Train loss=0.0477861	 Vali Loss=0.0695969	 Cost time=15.0
[2024-02-15 10:49:53,842][utils.py][line:105][INFO] EarlyStopping counter: 5 out of 100
[2024-02-15 10:50:08,739][trainer.py][line:146][INFO] Epoch:[60/100]	 Train loss=0.0470095	 Vali Loss=0.0698765	 Cost time=14.9
[2024-02-15 10:50:08,739][utils.py][line:105][INFO] EarlyStopping counter: 6 out of 100
[2024-02-15 10:50:23,481][trainer.py][line:146][INFO] Epoch:[61/100]	 Train loss=0.0455380	 Vali Loss=0.0670731	 Cost time=14.7
[2024-02-15 10:50:23,481][utils.py][line:105][INFO] EarlyStopping counter: 7 out of 100
[2024-02-15 10:50:38,269][trainer.py][line:146][INFO] Epoch:[62/100]	 Train loss=0.0454198	 Vali Loss=0.0673468	 Cost time=14.8
[2024-02-15 10:50:38,269][utils.py][line:105][INFO] EarlyStopping counter: 8 out of 100
[2024-02-15 10:50:53,313][trainer.py][line:146][INFO] Epoch:[63/100]	 Train loss=0.0456896	 Vali Loss=0.0672722	 Cost time=15.0
[2024-02-15 10:50:53,314][utils.py][line:105][INFO] EarlyStopping counter: 9 out of 100
[2024-02-15 10:51:08,053][trainer.py][line:146][INFO] Epoch:[64/100]	 Train loss=0.0458840	 Vali Loss=0.0683930	 Cost time=14.7
[2024-02-15 10:51:08,053][utils.py][line:105][INFO] EarlyStopping counter: 10 out of 100
[2024-02-15 10:51:22,925][trainer.py][line:146][INFO] Epoch:[65/100]	 Train loss=0.0449806	 Vali Loss=0.0679758	 Cost time=14.9
[2024-02-15 10:51:22,926][utils.py][line:105][INFO] EarlyStopping counter: 11 out of 100
[2024-02-15 10:51:37,718][trainer.py][line:146][INFO] Epoch:[66/100]	 Train loss=0.0458793	 Vali Loss=0.0670064	 Cost time=14.8
[2024-02-15 10:51:37,718][utils.py][line:105][INFO] EarlyStopping counter: 12 out of 100
[2024-02-15 10:51:52,565][trainer.py][line:146][INFO] Epoch:[67/100]	 Train loss=0.0455895	 Vali Loss=0.0665194	 Cost time=14.8
[2024-02-15 10:52:07,405][trainer.py][line:146][INFO] Epoch:[68/100]	 Train loss=0.0452975	 Vali Loss=0.0670724	 Cost time=14.8
[2024-02-15 10:52:07,405][utils.py][line:105][INFO] EarlyStopping counter: 1 out of 100
[2024-02-15 10:52:22,357][trainer.py][line:146][INFO] Epoch:[69/100]	 Train loss=0.0454838	 Vali Loss=0.0672537	 Cost time=15.0
[2024-02-15 10:52:22,357][utils.py][line:105][INFO] EarlyStopping counter: 2 out of 100
[2024-02-15 10:52:37,585][trainer.py][line:146][INFO] Epoch:[70/100]	 Train loss=0.0467349	 Vali Loss=0.0671403	 Cost time=15.2
[2024-02-15 10:52:37,585][utils.py][line:105][INFO] EarlyStopping counter: 3 out of 100
[2024-02-15 10:52:52,650][trainer.py][line:146][INFO] Epoch:[71/100]	 Train loss=0.0453436	 Vali Loss=0.0663828	 Cost time=15.1
[2024-02-15 10:53:07,645][trainer.py][line:146][INFO] Epoch:[72/100]	 Train loss=0.0450765	 Vali Loss=0.0667029	 Cost time=15.0
[2024-02-15 10:53:07,645][utils.py][line:105][INFO] EarlyStopping counter: 1 out of 100
[2024-02-15 10:53:22,444][trainer.py][line:146][INFO] Epoch:[73/100]	 Train loss=0.0452640	 Vali Loss=0.0668834	 Cost time=14.8
[2024-02-15 10:53:22,445][utils.py][line:105][INFO] EarlyStopping counter: 2 out of 100
[2024-02-15 10:53:37,509][trainer.py][line:146][INFO] Epoch:[74/100]	 Train loss=0.0451982	 Vali Loss=0.0668774	 Cost time=15.1
[2024-02-15 10:53:37,510][utils.py][line:105][INFO] EarlyStopping counter: 3 out of 100
[2024-02-15 10:53:52,273][trainer.py][line:146][INFO] Epoch:[75/100]	 Train loss=0.0450126	 Vali Loss=0.0677098	 Cost time=14.8
[2024-02-15 10:53:52,273][utils.py][line:105][INFO] EarlyStopping counter: 4 out of 100
[2024-02-15 10:54:07,277][trainer.py][line:146][INFO] Epoch:[76/100]	 Train loss=0.0450974	 Vali Loss=0.0679664	 Cost time=15.0
[2024-02-15 10:54:07,277][utils.py][line:105][INFO] EarlyStopping counter: 5 out of 100
[2024-02-15 10:54:22,074][trainer.py][line:146][INFO] Epoch:[77/100]	 Train loss=0.0449533	 Vali Loss=0.0669875	 Cost time=14.8
[2024-02-15 10:54:22,074][utils.py][line:105][INFO] EarlyStopping counter: 6 out of 100
[2024-02-15 10:54:36,825][trainer.py][line:146][INFO] Epoch:[78/100]	 Train loss=0.0448493	 Vali Loss=0.0671334	 Cost time=14.8
[2024-02-15 10:54:36,826][utils.py][line:105][INFO] EarlyStopping counter: 7 out of 100
[2024-02-15 10:54:51,606][trainer.py][line:146][INFO] Epoch:[79/100]	 Train loss=0.0447107	 Vali Loss=0.0672939	 Cost time=14.8
[2024-02-15 10:54:51,606][utils.py][line:105][INFO] EarlyStopping counter: 8 out of 100
[2024-02-15 10:55:06,390][trainer.py][line:146][INFO] Epoch:[80/100]	 Train loss=0.0447172	 Vali Loss=0.0665702	 Cost time=14.8
[2024-02-15 10:55:06,391][utils.py][line:105][INFO] EarlyStopping counter: 9 out of 100
[2024-02-15 10:55:21,266][trainer.py][line:146][INFO] Epoch:[81/100]	 Train loss=0.0441325	 Vali Loss=0.0670439	 Cost time=14.9
[2024-02-15 10:55:21,266][utils.py][line:105][INFO] EarlyStopping counter: 10 out of 100
[2024-02-15 10:55:36,027][trainer.py][line:146][INFO] Epoch:[82/100]	 Train loss=0.0441147	 Vali Loss=0.0670182	 Cost time=14.8
[2024-02-15 10:55:36,027][utils.py][line:105][INFO] EarlyStopping counter: 11 out of 100
[2024-02-15 10:55:50,955][trainer.py][line:146][INFO] Epoch:[83/100]	 Train loss=0.0442161	 Vali Loss=0.0671841	 Cost time=14.9
[2024-02-15 10:55:50,956][utils.py][line:105][INFO] EarlyStopping counter: 12 out of 100
[2024-02-15 10:56:05,893][trainer.py][line:146][INFO] Epoch:[84/100]	 Train loss=0.0441276	 Vali Loss=0.0668580	 Cost time=14.9
[2024-02-15 10:56:05,893][utils.py][line:105][INFO] EarlyStopping counter: 13 out of 100
[2024-02-15 10:56:20,880][trainer.py][line:146][INFO] Epoch:[85/100]	 Train loss=0.0441737	 Vali Loss=0.0670716	 Cost time=15.0
[2024-02-15 10:56:20,880][utils.py][line:105][INFO] EarlyStopping counter: 14 out of 100
[2024-02-15 10:56:35,695][trainer.py][line:146][INFO] Epoch:[86/100]	 Train loss=0.0441688	 Vali Loss=0.0671776	 Cost time=14.8
[2024-02-15 10:56:35,695][utils.py][line:105][INFO] EarlyStopping counter: 15 out of 100
[2024-02-15 10:56:50,594][trainer.py][line:146][INFO] Epoch:[87/100]	 Train loss=0.0439894	 Vali Loss=0.0670926	 Cost time=14.9
[2024-02-15 10:56:50,594][utils.py][line:105][INFO] EarlyStopping counter: 16 out of 100
[2024-02-15 10:57:05,526][trainer.py][line:146][INFO] Epoch:[88/100]	 Train loss=0.0441171	 Vali Loss=0.0670712	 Cost time=14.9
[2024-02-15 10:57:05,526][utils.py][line:105][INFO] EarlyStopping counter: 17 out of 100
[2024-02-15 10:57:20,438][trainer.py][line:146][INFO] Epoch:[89/100]	 Train loss=0.0439937	 Vali Loss=0.0671010	 Cost time=14.9
[2024-02-15 10:57:20,438][utils.py][line:105][INFO] EarlyStopping counter: 18 out of 100
[2024-02-15 10:57:35,455][trainer.py][line:146][INFO] Epoch:[90/100]	 Train loss=0.0441980	 Vali Loss=0.0665220	 Cost time=15.0
[2024-02-15 10:57:35,456][utils.py][line:105][INFO] EarlyStopping counter: 19 out of 100
[2024-02-15 10:57:50,507][trainer.py][line:146][INFO] Epoch:[91/100]	 Train loss=0.0438771	 Vali Loss=0.0668924	 Cost time=15.1
[2024-02-15 10:57:50,507][utils.py][line:105][INFO] EarlyStopping counter: 20 out of 100
[2024-02-15 10:58:05,432][trainer.py][line:146][INFO] Epoch:[92/100]	 Train loss=0.0437359	 Vali Loss=0.0669592	 Cost time=14.9
[2024-02-15 10:58:05,432][utils.py][line:105][INFO] EarlyStopping counter: 21 out of 100
[2024-02-15 10:58:21,605][trainer.py][line:146][INFO] Epoch:[93/100]	 Train loss=0.0438810	 Vali Loss=0.0669075	 Cost time=16.2
[2024-02-15 10:58:21,605][utils.py][line:105][INFO] EarlyStopping counter: 22 out of 100
[2024-02-15 10:58:36,771][trainer.py][line:146][INFO] Epoch:[94/100]	 Train loss=0.0438497	 Vali Loss=0.0667224	 Cost time=15.2
[2024-02-15 10:58:36,771][utils.py][line:105][INFO] EarlyStopping counter: 23 out of 100
[2024-02-15 10:58:51,516][trainer.py][line:146][INFO] Epoch:[95/100]	 Train loss=0.0438972	 Vali Loss=0.0669994	 Cost time=14.7
[2024-02-15 10:58:51,516][utils.py][line:105][INFO] EarlyStopping counter: 24 out of 100
[2024-02-15 10:59:06,202][trainer.py][line:146][INFO] Epoch:[96/100]	 Train loss=0.0437729	 Vali Loss=0.0668694	 Cost time=14.7
[2024-02-15 10:59:06,202][utils.py][line:105][INFO] EarlyStopping counter: 25 out of 100
[2024-02-15 10:59:20,943][trainer.py][line:146][INFO] Epoch:[97/100]	 Train loss=0.0437678	 Vali Loss=0.0669047	 Cost time=14.7
[2024-02-15 10:59:20,944][utils.py][line:105][INFO] EarlyStopping counter: 26 out of 100
[2024-02-15 10:59:35,714][trainer.py][line:146][INFO] Epoch:[98/100]	 Train loss=0.0437066	 Vali Loss=0.0671590	 Cost time=14.8
[2024-02-15 10:59:35,714][utils.py][line:105][INFO] EarlyStopping counter: 27 out of 100
[2024-02-15 10:59:50,560][trainer.py][line:146][INFO] Epoch:[99/100]	 Train loss=0.0438631	 Vali Loss=0.0671825	 Cost time=14.8
[2024-02-15 10:59:50,560][utils.py][line:105][INFO] EarlyStopping counter: 28 out of 100
[2024-02-15 11:00:05,491][trainer.py][line:146][INFO] Epoch:[100/100]	 Train loss=0.0437974	 Vali Loss=0.0671145	 Cost time=14.9
[2024-02-15 11:00:05,491][utils.py][line:105][INFO] EarlyStopping counter: 29 out of 100
[2024-02-15 11:00:05,863][trainer.py][line:163][INFO] Finish training!
[2024-02-15 11:00:05,864][trainer.py][line:219][INFO] loading model...
[2024-02-15 11:00:06,820][utils.py][line:147][INFO] Test MSE:  188892.8281   |  Test RMSE:  434.6180   |  Test MAE:  273.8005   |  Test R2:  0.8848|
[2024-02-15 11:00:07,052][utils.py][line:147][INFO] Test MSE:  477964.5938   |  Test RMSE:  691.3499   |  Test MAE:  410.3569   |  Test R2:  0.8668|
[2024-02-15 11:00:07,280][utils.py][line:147][INFO] Test MSE:  122932.2031   |  Test RMSE:  350.6169   |  Test MAE:  207.4908   |  Test R2:  0.9078|
[2024-02-15 11:00:07,481][utils.py][line:147][INFO] Test MSE:  39225.9336   |  Test RMSE:  198.0554   |  Test MAE:  136.3277   |  Test R2:  0.6774|
[2024-02-15 11:00:07,690][utils.py][line:147][INFO] Test MSE:  21041.5527   |  Test RMSE:  145.0571   |  Test MAE:  50.9068   |  Test R2:  0.5754|
[2024-02-15 11:00:07,690][trainer.py][line:219][INFO] loading model...
[2024-02-15 11:00:08,612][utils.py][line:147][INFO] Test MSE:  186173.9688   |  Test RMSE:  431.4788   |  Test MAE:  269.1296   |  Test R2:  0.8864|
[2024-02-15 11:00:08,824][utils.py][line:147][INFO] Test MSE:  475313.9062   |  Test RMSE:  689.4301   |  Test MAE:  407.7008   |  Test R2:  0.8675|
[2024-02-15 11:00:09,050][utils.py][line:147][INFO] Test MSE:  123332.3828   |  Test RMSE:  351.1871   |  Test MAE:  205.1518   |  Test R2:  0.9075|
[2024-02-15 11:00:09,266][utils.py][line:147][INFO] Test MSE:  39347.1914   |  Test RMSE:  198.3613   |  Test MAE:  136.5340   |  Test R2:  0.6764|
[2024-02-15 11:00:09,483][utils.py][line:147][INFO] Test MSE:  20797.7871   |  Test RMSE:  144.2144   |  Test MAE:  46.6204   |  Test R2:  0.5803|
