[2024-04-08 15:15:42,347][trainer.py][line:83][INFO] -----Start training-----
[2024-04-08 15:15:51,861][trainer.py][line:146][INFO] Epoch:[1/100]	 Train loss=0.9038228	 Vali Loss=0.2240898	 Cost time=9.5
[2024-04-08 15:16:00,662][trainer.py][line:146][INFO] Epoch:[2/100]	 Train loss=0.4267264	 Vali Loss=0.2048725	 Cost time=8.8
[2024-04-08 15:16:09,560][trainer.py][line:146][INFO] Epoch:[3/100]	 Train loss=0.3759150	 Vali Loss=0.1752174	 Cost time=8.9
[2024-04-08 15:16:18,327][trainer.py][line:146][INFO] Epoch:[4/100]	 Train loss=0.3387597	 Vali Loss=0.1831349	 Cost time=8.8
[2024-04-08 15:16:18,327][utils.py][line:105][INFO] EarlyStopping counter: 1 out of 100
[2024-04-08 15:16:27,073][trainer.py][line:146][INFO] Epoch:[5/100]	 Train loss=0.3465885	 Vali Loss=0.1655585	 Cost time=8.7
[2024-04-08 15:16:35,901][trainer.py][line:146][INFO] Epoch:[6/100]	 Train loss=0.3421228	 Vali Loss=0.1730357	 Cost time=8.8
[2024-04-08 15:16:35,901][utils.py][line:105][INFO] EarlyStopping counter: 1 out of 100
[2024-04-08 15:16:44,670][trainer.py][line:146][INFO] Epoch:[7/100]	 Train loss=0.3329176	 Vali Loss=0.1921533	 Cost time=8.8
[2024-04-08 15:16:44,670][utils.py][line:105][INFO] EarlyStopping counter: 2 out of 100
[2024-04-08 15:16:53,401][trainer.py][line:146][INFO] Epoch:[8/100]	 Train loss=0.3379498	 Vali Loss=0.1644892	 Cost time=8.7
[2024-04-08 15:17:02,183][trainer.py][line:146][INFO] Epoch:[9/100]	 Train loss=0.3041702	 Vali Loss=0.1610637	 Cost time=8.8
[2024-04-08 15:17:11,049][trainer.py][line:146][INFO] Epoch:[10/100]	 Train loss=0.3185187	 Vali Loss=0.1862818	 Cost time=8.9
[2024-04-08 15:17:11,049][utils.py][line:105][INFO] EarlyStopping counter: 1 out of 100
[2024-04-08 15:17:19,816][trainer.py][line:146][INFO] Epoch:[11/100]	 Train loss=0.2863804	 Vali Loss=0.1720246	 Cost time=8.8
[2024-04-08 15:17:19,816][utils.py][line:105][INFO] EarlyStopping counter: 2 out of 100
[2024-04-08 15:17:28,550][trainer.py][line:146][INFO] Epoch:[12/100]	 Train loss=0.2773540	 Vali Loss=0.1706046	 Cost time=8.7
[2024-04-08 15:17:28,550][utils.py][line:105][INFO] EarlyStopping counter: 3 out of 100
[2024-04-08 15:17:37,305][trainer.py][line:146][INFO] Epoch:[13/100]	 Train loss=0.2818305	 Vali Loss=0.1652356	 Cost time=8.8
[2024-04-08 15:17:37,305][utils.py][line:105][INFO] EarlyStopping counter: 4 out of 100
[2024-04-08 15:17:46,040][trainer.py][line:146][INFO] Epoch:[14/100]	 Train loss=0.2713369	 Vali Loss=0.1742487	 Cost time=8.7
[2024-04-08 15:17:46,040][utils.py][line:105][INFO] EarlyStopping counter: 5 out of 100
[2024-04-08 15:17:54,780][trainer.py][line:146][INFO] Epoch:[15/100]	 Train loss=0.2811192	 Vali Loss=0.1992718	 Cost time=8.7
[2024-04-08 15:17:54,781][utils.py][line:105][INFO] EarlyStopping counter: 6 out of 100
[2024-04-08 15:18:03,526][trainer.py][line:146][INFO] Epoch:[16/100]	 Train loss=0.2763633	 Vali Loss=0.1689281	 Cost time=8.7
[2024-04-08 15:18:03,526][utils.py][line:105][INFO] EarlyStopping counter: 7 out of 100
[2024-04-08 15:18:12,371][trainer.py][line:146][INFO] Epoch:[17/100]	 Train loss=0.2852419	 Vali Loss=0.1664387	 Cost time=8.8
[2024-04-08 15:18:12,371][utils.py][line:105][INFO] EarlyStopping counter: 8 out of 100
[2024-04-08 15:18:21,243][trainer.py][line:146][INFO] Epoch:[18/100]	 Train loss=0.2782738	 Vali Loss=0.1711654	 Cost time=8.9
[2024-04-08 15:18:21,243][utils.py][line:105][INFO] EarlyStopping counter: 9 out of 100
[2024-04-08 15:18:30,000][trainer.py][line:146][INFO] Epoch:[19/100]	 Train loss=0.2865048	 Vali Loss=0.1624886	 Cost time=8.8
[2024-04-08 15:18:30,000][utils.py][line:105][INFO] EarlyStopping counter: 10 out of 100
[2024-04-08 15:18:38,854][trainer.py][line:146][INFO] Epoch:[20/100]	 Train loss=0.2764413	 Vali Loss=0.1732609	 Cost time=8.9
[2024-04-08 15:18:38,854][utils.py][line:105][INFO] EarlyStopping counter: 11 out of 100
[2024-04-08 15:18:47,632][trainer.py][line:146][INFO] Epoch:[21/100]	 Train loss=0.2670669	 Vali Loss=0.1679957	 Cost time=8.8
[2024-04-08 15:18:47,632][utils.py][line:105][INFO] EarlyStopping counter: 12 out of 100
[2024-04-08 15:18:56,365][trainer.py][line:146][INFO] Epoch:[22/100]	 Train loss=0.2602936	 Vali Loss=0.1532945	 Cost time=8.7
[2024-04-08 15:19:05,162][trainer.py][line:146][INFO] Epoch:[23/100]	 Train loss=0.2622163	 Vali Loss=0.1620236	 Cost time=8.8
[2024-04-08 15:19:05,163][utils.py][line:105][INFO] EarlyStopping counter: 1 out of 100
[2024-04-08 15:19:13,925][trainer.py][line:146][INFO] Epoch:[24/100]	 Train loss=0.2632130	 Vali Loss=0.1718284	 Cost time=8.8
[2024-04-08 15:19:13,925][utils.py][line:105][INFO] EarlyStopping counter: 2 out of 100
[2024-04-08 15:19:22,803][trainer.py][line:146][INFO] Epoch:[25/100]	 Train loss=0.2643354	 Vali Loss=0.1595752	 Cost time=8.9
[2024-04-08 15:19:22,803][utils.py][line:105][INFO] EarlyStopping counter: 3 out of 100
[2024-04-08 15:19:31,618][trainer.py][line:146][INFO] Epoch:[26/100]	 Train loss=0.2565323	 Vali Loss=0.1633107	 Cost time=8.8
[2024-04-08 15:19:31,618][utils.py][line:105][INFO] EarlyStopping counter: 4 out of 100
[2024-04-08 15:19:40,372][trainer.py][line:146][INFO] Epoch:[27/100]	 Train loss=0.2617654	 Vali Loss=0.1603529	 Cost time=8.8
[2024-04-08 15:19:40,372][utils.py][line:105][INFO] EarlyStopping counter: 5 out of 100
[2024-04-08 15:19:49,153][trainer.py][line:146][INFO] Epoch:[28/100]	 Train loss=0.2592947	 Vali Loss=0.1560990	 Cost time=8.8
[2024-04-08 15:19:49,153][utils.py][line:105][INFO] EarlyStopping counter: 6 out of 100
[2024-04-08 15:19:57,916][trainer.py][line:146][INFO] Epoch:[29/100]	 Train loss=0.2553056	 Vali Loss=0.1624131	 Cost time=8.8
[2024-04-08 15:19:57,916][utils.py][line:105][INFO] EarlyStopping counter: 7 out of 100
[2024-04-08 15:20:06,647][trainer.py][line:146][INFO] Epoch:[30/100]	 Train loss=0.2625626	 Vali Loss=0.1714181	 Cost time=8.7
[2024-04-08 15:20:06,647][utils.py][line:105][INFO] EarlyStopping counter: 8 out of 100
[2024-04-08 15:20:15,404][trainer.py][line:146][INFO] Epoch:[31/100]	 Train loss=0.2532259	 Vali Loss=0.1571633	 Cost time=8.8
[2024-04-08 15:20:15,404][utils.py][line:105][INFO] EarlyStopping counter: 9 out of 100
[2024-04-08 15:20:24,150][trainer.py][line:146][INFO] Epoch:[32/100]	 Train loss=0.2472085	 Vali Loss=0.1561498	 Cost time=8.7
[2024-04-08 15:20:24,150][utils.py][line:105][INFO] EarlyStopping counter: 10 out of 100
[2024-04-08 15:20:33,065][trainer.py][line:146][INFO] Epoch:[33/100]	 Train loss=0.2467475	 Vali Loss=0.1637166	 Cost time=8.9
[2024-04-08 15:20:33,066][utils.py][line:105][INFO] EarlyStopping counter: 11 out of 100
[2024-04-08 15:20:41,827][trainer.py][line:146][INFO] Epoch:[34/100]	 Train loss=0.2446085	 Vali Loss=0.1533717	 Cost time=8.8
[2024-04-08 15:20:41,827][utils.py][line:105][INFO] EarlyStopping counter: 12 out of 100
[2024-04-08 15:20:50,588][trainer.py][line:146][INFO] Epoch:[35/100]	 Train loss=0.2469461	 Vali Loss=0.1519813	 Cost time=8.8
[2024-04-08 15:20:59,344][trainer.py][line:146][INFO] Epoch:[36/100]	 Train loss=0.2464046	 Vali Loss=0.1570129	 Cost time=8.7
[2024-04-08 15:20:59,344][utils.py][line:105][INFO] EarlyStopping counter: 1 out of 100
[2024-04-08 15:21:08,100][trainer.py][line:146][INFO] Epoch:[37/100]	 Train loss=0.2458896	 Vali Loss=0.1682598	 Cost time=8.8
[2024-04-08 15:21:08,100][utils.py][line:105][INFO] EarlyStopping counter: 2 out of 100
[2024-04-08 15:21:16,863][trainer.py][line:146][INFO] Epoch:[38/100]	 Train loss=0.2476435	 Vali Loss=0.1474415	 Cost time=8.8
[2024-04-08 15:21:25,609][trainer.py][line:146][INFO] Epoch:[39/100]	 Train loss=0.2464718	 Vali Loss=0.1579610	 Cost time=8.7
[2024-04-08 15:21:25,609][utils.py][line:105][INFO] EarlyStopping counter: 1 out of 100
[2024-04-08 15:21:34,458][trainer.py][line:146][INFO] Epoch:[40/100]	 Train loss=0.2451182	 Vali Loss=0.1512806	 Cost time=8.8
[2024-04-08 15:21:34,458][utils.py][line:105][INFO] EarlyStopping counter: 2 out of 100
[2024-04-08 15:21:43,299][trainer.py][line:146][INFO] Epoch:[41/100]	 Train loss=0.2404061	 Vali Loss=0.1535428	 Cost time=8.8
[2024-04-08 15:21:43,299][utils.py][line:105][INFO] EarlyStopping counter: 3 out of 100
[2024-04-08 15:21:52,050][trainer.py][line:146][INFO] Epoch:[42/100]	 Train loss=0.2386562	 Vali Loss=0.1494381	 Cost time=8.8
[2024-04-08 15:21:52,050][utils.py][line:105][INFO] EarlyStopping counter: 4 out of 100
[2024-04-08 15:22:00,810][trainer.py][line:146][INFO] Epoch:[43/100]	 Train loss=0.2405232	 Vali Loss=0.1543319	 Cost time=8.8
[2024-04-08 15:22:00,810][utils.py][line:105][INFO] EarlyStopping counter: 5 out of 100
[2024-04-08 15:22:09,540][trainer.py][line:146][INFO] Epoch:[44/100]	 Train loss=0.2387000	 Vali Loss=0.1595998	 Cost time=8.7
[2024-04-08 15:22:09,540][utils.py][line:105][INFO] EarlyStopping counter: 6 out of 100
[2024-04-08 15:22:18,350][trainer.py][line:146][INFO] Epoch:[45/100]	 Train loss=0.2381925	 Vali Loss=0.1521374	 Cost time=8.8
[2024-04-08 15:22:18,350][utils.py][line:105][INFO] EarlyStopping counter: 7 out of 100
[2024-04-08 15:22:27,095][trainer.py][line:146][INFO] Epoch:[46/100]	 Train loss=0.2384434	 Vali Loss=0.1595686	 Cost time=8.7
[2024-04-08 15:22:27,095][utils.py][line:105][INFO] EarlyStopping counter: 8 out of 100
[2024-04-08 15:22:35,835][trainer.py][line:146][INFO] Epoch:[47/100]	 Train loss=0.2405070	 Vali Loss=0.1512979	 Cost time=8.7
[2024-04-08 15:22:35,835][utils.py][line:105][INFO] EarlyStopping counter: 9 out of 100
[2024-04-08 15:22:44,720][trainer.py][line:146][INFO] Epoch:[48/100]	 Train loss=0.2389414	 Vali Loss=0.1488827	 Cost time=8.9
[2024-04-08 15:22:44,720][utils.py][line:105][INFO] EarlyStopping counter: 10 out of 100
[2024-04-08 15:22:53,457][trainer.py][line:146][INFO] Epoch:[49/100]	 Train loss=0.2377964	 Vali Loss=0.1493553	 Cost time=8.7
[2024-04-08 15:22:53,457][utils.py][line:105][INFO] EarlyStopping counter: 11 out of 100
[2024-04-08 15:23:02,297][trainer.py][line:146][INFO] Epoch:[50/100]	 Train loss=0.2382079	 Vali Loss=0.1486411	 Cost time=8.8
[2024-04-08 15:23:02,297][utils.py][line:105][INFO] EarlyStopping counter: 12 out of 100
[2024-04-08 15:23:11,062][trainer.py][line:146][INFO] Epoch:[51/100]	 Train loss=0.2340974	 Vali Loss=0.1546507	 Cost time=8.8
[2024-04-08 15:23:11,062][utils.py][line:105][INFO] EarlyStopping counter: 13 out of 100
[2024-04-08 15:23:19,822][trainer.py][line:146][INFO] Epoch:[52/100]	 Train loss=0.2342129	 Vali Loss=0.1523942	 Cost time=8.8
[2024-04-08 15:23:19,823][utils.py][line:105][INFO] EarlyStopping counter: 14 out of 100
[2024-04-08 15:23:28,565][trainer.py][line:146][INFO] Epoch:[53/100]	 Train loss=0.2330661	 Vali Loss=0.1533879	 Cost time=8.7
[2024-04-08 15:23:28,566][utils.py][line:105][INFO] EarlyStopping counter: 15 out of 100
[2024-04-08 15:23:37,328][trainer.py][line:146][INFO] Epoch:[54/100]	 Train loss=0.2329217	 Vali Loss=0.1501638	 Cost time=8.8
[2024-04-08 15:23:37,328][utils.py][line:105][INFO] EarlyStopping counter: 16 out of 100
[2024-04-08 15:23:46,198][trainer.py][line:146][INFO] Epoch:[55/100]	 Train loss=0.2332568	 Vali Loss=0.1499281	 Cost time=8.9
[2024-04-08 15:23:46,198][utils.py][line:105][INFO] EarlyStopping counter: 17 out of 100
[2024-04-08 15:23:54,997][trainer.py][line:146][INFO] Epoch:[56/100]	 Train loss=0.2325542	 Vali Loss=0.1516570	 Cost time=8.8
[2024-04-08 15:23:54,997][utils.py][line:105][INFO] EarlyStopping counter: 18 out of 100
[2024-04-08 15:24:03,770][trainer.py][line:146][INFO] Epoch:[57/100]	 Train loss=0.2336818	 Vali Loss=0.1556737	 Cost time=8.8
[2024-04-08 15:24:03,770][utils.py][line:105][INFO] EarlyStopping counter: 19 out of 100
[2024-04-08 15:24:12,524][trainer.py][line:146][INFO] Epoch:[58/100]	 Train loss=0.2328068	 Vali Loss=0.1464683	 Cost time=8.8
[2024-04-08 15:24:21,244][trainer.py][line:146][INFO] Epoch:[59/100]	 Train loss=0.2327648	 Vali Loss=0.1483722	 Cost time=8.7
[2024-04-08 15:24:21,244][utils.py][line:105][INFO] EarlyStopping counter: 1 out of 100
[2024-04-08 15:24:29,964][trainer.py][line:146][INFO] Epoch:[60/100]	 Train loss=0.2323149	 Vali Loss=0.1520800	 Cost time=8.7
[2024-04-08 15:24:29,964][utils.py][line:105][INFO] EarlyStopping counter: 2 out of 100
[2024-04-08 15:24:38,677][trainer.py][line:146][INFO] Epoch:[61/100]	 Train loss=0.2304175	 Vali Loss=0.1465933	 Cost time=8.7
[2024-04-08 15:24:38,677][utils.py][line:105][INFO] EarlyStopping counter: 3 out of 100
[2024-04-08 15:24:47,415][trainer.py][line:146][INFO] Epoch:[62/100]	 Train loss=0.2301050	 Vali Loss=0.1491025	 Cost time=8.7
[2024-04-08 15:24:47,415][utils.py][line:105][INFO] EarlyStopping counter: 4 out of 100
[2024-04-08 15:24:56,259][trainer.py][line:146][INFO] Epoch:[63/100]	 Train loss=0.2301331	 Vali Loss=0.1453909	 Cost time=8.8
[2024-04-08 15:25:04,982][trainer.py][line:146][INFO] Epoch:[64/100]	 Train loss=0.2306449	 Vali Loss=0.1506468	 Cost time=8.7
[2024-04-08 15:25:04,982][utils.py][line:105][INFO] EarlyStopping counter: 1 out of 100
[2024-04-08 15:25:13,716][trainer.py][line:146][INFO] Epoch:[65/100]	 Train loss=0.2304006	 Vali Loss=0.1494198	 Cost time=8.7
[2024-04-08 15:25:13,716][utils.py][line:105][INFO] EarlyStopping counter: 2 out of 100
[2024-04-08 15:25:22,428][trainer.py][line:146][INFO] Epoch:[66/100]	 Train loss=0.2298753	 Vali Loss=0.1508128	 Cost time=8.7
[2024-04-08 15:25:22,428][utils.py][line:105][INFO] EarlyStopping counter: 3 out of 100
[2024-04-08 15:25:31,133][trainer.py][line:146][INFO] Epoch:[67/100]	 Train loss=0.2304587	 Vali Loss=0.1497385	 Cost time=8.7
[2024-04-08 15:25:31,133][utils.py][line:105][INFO] EarlyStopping counter: 4 out of 100
[2024-04-08 15:25:39,866][trainer.py][line:146][INFO] Epoch:[68/100]	 Train loss=0.2297614	 Vali Loss=0.1496294	 Cost time=8.7
[2024-04-08 15:25:39,866][utils.py][line:105][INFO] EarlyStopping counter: 5 out of 100
[2024-04-08 15:25:48,579][trainer.py][line:146][INFO] Epoch:[69/100]	 Train loss=0.2297883	 Vali Loss=0.1474548	 Cost time=8.7
[2024-04-08 15:25:48,580][utils.py][line:105][INFO] EarlyStopping counter: 6 out of 100
[2024-04-08 15:25:57,323][trainer.py][line:146][INFO] Epoch:[70/100]	 Train loss=0.2294056	 Vali Loss=0.1476694	 Cost time=8.7
[2024-04-08 15:25:57,323][utils.py][line:105][INFO] EarlyStopping counter: 7 out of 100
[2024-04-08 15:26:06,112][trainer.py][line:146][INFO] Epoch:[71/100]	 Train loss=0.2285247	 Vali Loss=0.1484467	 Cost time=8.8
[2024-04-08 15:26:06,112][utils.py][line:105][INFO] EarlyStopping counter: 8 out of 100
[2024-04-08 15:26:14,805][trainer.py][line:146][INFO] Epoch:[72/100]	 Train loss=0.2287352	 Vali Loss=0.1481607	 Cost time=8.7
[2024-04-08 15:26:14,805][utils.py][line:105][INFO] EarlyStopping counter: 9 out of 100
[2024-04-08 15:26:23,510][trainer.py][line:146][INFO] Epoch:[73/100]	 Train loss=0.2281240	 Vali Loss=0.1459926	 Cost time=8.7
[2024-04-08 15:26:23,510][utils.py][line:105][INFO] EarlyStopping counter: 10 out of 100
[2024-04-08 15:26:32,351][trainer.py][line:146][INFO] Epoch:[74/100]	 Train loss=0.2279228	 Vali Loss=0.1467238	 Cost time=8.8
[2024-04-08 15:26:32,351][utils.py][line:105][INFO] EarlyStopping counter: 11 out of 100
[2024-04-08 15:26:41,084][trainer.py][line:146][INFO] Epoch:[75/100]	 Train loss=0.2278677	 Vali Loss=0.1489686	 Cost time=8.7
[2024-04-08 15:26:41,084][utils.py][line:105][INFO] EarlyStopping counter: 12 out of 100
[2024-04-08 15:26:49,831][trainer.py][line:146][INFO] Epoch:[76/100]	 Train loss=0.2278001	 Vali Loss=0.1467863	 Cost time=8.7
[2024-04-08 15:26:49,831][utils.py][line:105][INFO] EarlyStopping counter: 13 out of 100
[2024-04-08 15:26:58,553][trainer.py][line:146][INFO] Epoch:[77/100]	 Train loss=0.2277464	 Vali Loss=0.1458643	 Cost time=8.7
[2024-04-08 15:26:58,553][utils.py][line:105][INFO] EarlyStopping counter: 14 out of 100
[2024-04-08 15:27:07,458][trainer.py][line:146][INFO] Epoch:[78/100]	 Train loss=0.2275810	 Vali Loss=0.1443265	 Cost time=8.9
[2024-04-08 15:27:16,218][trainer.py][line:146][INFO] Epoch:[79/100]	 Train loss=0.2277277	 Vali Loss=0.1455247	 Cost time=8.7
[2024-04-08 15:27:16,218][utils.py][line:105][INFO] EarlyStopping counter: 1 out of 100
[2024-04-08 15:27:24,991][trainer.py][line:146][INFO] Epoch:[80/100]	 Train loss=0.2276887	 Vali Loss=0.1457060	 Cost time=8.8
[2024-04-08 15:27:24,991][utils.py][line:105][INFO] EarlyStopping counter: 2 out of 100
[2024-04-08 15:27:33,755][trainer.py][line:146][INFO] Epoch:[81/100]	 Train loss=0.2267475	 Vali Loss=0.1440153	 Cost time=8.8
[2024-04-08 15:27:42,532][trainer.py][line:146][INFO] Epoch:[82/100]	 Train loss=0.2267946	 Vali Loss=0.1461787	 Cost time=8.8
[2024-04-08 15:27:42,533][utils.py][line:105][INFO] EarlyStopping counter: 1 out of 100
[2024-04-08 15:27:51,303][trainer.py][line:146][INFO] Epoch:[83/100]	 Train loss=0.2266468	 Vali Loss=0.1449387	 Cost time=8.8
[2024-04-08 15:27:51,303][utils.py][line:105][INFO] EarlyStopping counter: 2 out of 100
[2024-04-08 15:28:00,036][trainer.py][line:146][INFO] Epoch:[84/100]	 Train loss=0.2265125	 Vali Loss=0.1454853	 Cost time=8.7
[2024-04-08 15:28:00,037][utils.py][line:105][INFO] EarlyStopping counter: 3 out of 100
[2024-04-08 15:28:08,808][trainer.py][line:146][INFO] Epoch:[85/100]	 Train loss=0.2265694	 Vali Loss=0.1447442	 Cost time=8.8
[2024-04-08 15:28:08,808][utils.py][line:105][INFO] EarlyStopping counter: 4 out of 100
[2024-04-08 15:28:17,636][trainer.py][line:146][INFO] Epoch:[86/100]	 Train loss=0.2263983	 Vali Loss=0.1450801	 Cost time=8.8
[2024-04-08 15:28:17,636][utils.py][line:105][INFO] EarlyStopping counter: 5 out of 100
[2024-04-08 15:28:26,356][trainer.py][line:146][INFO] Epoch:[87/100]	 Train loss=0.2263793	 Vali Loss=0.1447900	 Cost time=8.7
[2024-04-08 15:28:26,356][utils.py][line:105][INFO] EarlyStopping counter: 6 out of 100
[2024-04-08 15:28:35,099][trainer.py][line:146][INFO] Epoch:[88/100]	 Train loss=0.2264382	 Vali Loss=0.1445096	 Cost time=8.7
[2024-04-08 15:28:35,100][utils.py][line:105][INFO] EarlyStopping counter: 7 out of 100
[2024-04-08 15:28:43,842][trainer.py][line:146][INFO] Epoch:[89/100]	 Train loss=0.2262401	 Vali Loss=0.1440097	 Cost time=8.7
[2024-04-08 15:28:52,613][trainer.py][line:146][INFO] Epoch:[90/100]	 Train loss=0.2262871	 Vali Loss=0.1438922	 Cost time=8.8
[2024-04-08 15:29:01,372][trainer.py][line:146][INFO] Epoch:[91/100]	 Train loss=0.2260132	 Vali Loss=0.1443428	 Cost time=8.7
[2024-04-08 15:29:01,372][utils.py][line:105][INFO] EarlyStopping counter: 1 out of 100
[2024-04-08 15:29:10,114][trainer.py][line:146][INFO] Epoch:[92/100]	 Train loss=0.2258718	 Vali Loss=0.1436625	 Cost time=8.7
[2024-04-08 15:29:18,984][trainer.py][line:146][INFO] Epoch:[93/100]	 Train loss=0.2258009	 Vali Loss=0.1436688	 Cost time=8.9
[2024-04-08 15:29:18,984][utils.py][line:105][INFO] EarlyStopping counter: 1 out of 100
[2024-04-08 15:29:27,719][trainer.py][line:146][INFO] Epoch:[94/100]	 Train loss=0.2257958	 Vali Loss=0.1445411	 Cost time=8.7
[2024-04-08 15:29:27,719][utils.py][line:105][INFO] EarlyStopping counter: 2 out of 100
[2024-04-08 15:29:36,476][trainer.py][line:146][INFO] Epoch:[95/100]	 Train loss=0.2258219	 Vali Loss=0.1442752	 Cost time=8.8
[2024-04-08 15:29:36,476][utils.py][line:105][INFO] EarlyStopping counter: 3 out of 100
[2024-04-08 15:29:45,231][trainer.py][line:146][INFO] Epoch:[96/100]	 Train loss=0.2258458	 Vali Loss=0.1436124	 Cost time=8.8
[2024-04-08 15:29:53,996][trainer.py][line:146][INFO] Epoch:[97/100]	 Train loss=0.2257800	 Vali Loss=0.1441850	 Cost time=8.8
[2024-04-08 15:29:53,996][utils.py][line:105][INFO] EarlyStopping counter: 1 out of 100
[2024-04-08 15:30:02,743][trainer.py][line:146][INFO] Epoch:[98/100]	 Train loss=0.2258785	 Vali Loss=0.1435622	 Cost time=8.7
[2024-04-08 15:30:11,497][trainer.py][line:146][INFO] Epoch:[99/100]	 Train loss=0.2257030	 Vali Loss=0.1434220	 Cost time=8.7
[2024-04-08 15:30:20,303][trainer.py][line:146][INFO] Epoch:[100/100]	 Train loss=0.2256688	 Vali Loss=0.1438915	 Cost time=8.8
[2024-04-08 15:30:20,303][utils.py][line:105][INFO] EarlyStopping counter: 1 out of 100
[2024-04-08 15:30:20,602][trainer.py][line:163][INFO] Finish training!
[2024-04-08 15:30:20,603][trainer.py][line:219][INFO] loading model...
[2024-04-08 15:30:21,540][utils.py][line:147][INFO] Test MSE:  256918.4375   |  Test RMSE:  506.8712   |  Test MAE:  354.1618   |  Test R2:  0.8432|
[2024-04-08 15:30:21,766][utils.py][line:147][INFO] Test MSE:  1208237.8750   |  Test RMSE:  1099.1987   |  Test MAE:  691.1776   |  Test R2:  0.6632|
[2024-04-08 15:30:21,993][utils.py][line:147][INFO] Test MSE:  338887.1250   |  Test RMSE:  582.1401   |  Test MAE:  347.6311   |  Test R2:  0.7457|
[2024-04-08 15:30:22,224][utils.py][line:147][INFO] Test MSE:  99756.7578   |  Test RMSE:  315.8429   |  Test MAE:  214.7286   |  Test R2:  0.1796|
[2024-04-08 15:30:22,414][utils.py][line:147][INFO] Test MSE:  55098.7578   |  Test RMSE:  234.7312   |  Test MAE:  139.2864   |  Test R2:  -0.1120|
[2024-04-08 15:30:22,415][trainer.py][line:219][INFO] loading model...
[2024-04-08 15:30:23,338][utils.py][line:147][INFO] Test MSE:  254644.1562   |  Test RMSE:  504.6228   |  Test MAE:  351.3354   |  Test R2:  0.8446|
[2024-04-08 15:30:23,547][utils.py][line:147][INFO] Test MSE:  1212307.7500   |  Test RMSE:  1101.0485   |  Test MAE:  690.4867   |  Test R2:  0.6621|
[2024-04-08 15:30:23,768][utils.py][line:147][INFO] Test MSE:  338145.8125   |  Test RMSE:  581.5031   |  Test MAE:  345.4269   |  Test R2:  0.7463|
[2024-04-08 15:30:23,965][utils.py][line:147][INFO] Test MSE:  103460.2578   |  Test RMSE:  321.6524   |  Test MAE:  219.7727   |  Test R2:  0.1491|
[2024-04-08 15:30:24,173][utils.py][line:147][INFO] Test MSE:  52245.0742   |  Test RMSE:  228.5718   |  Test MAE:  126.3705   |  Test R2:  -0.0544|
