[2023-12-09 21:26:11,895][trainer.py][line:81][INFO] -----Start training-----
[2023-12-09 21:26:20,384][trainer.py][line:143][INFO] Epoch:[1/100]	 Train loss=0.2054127	 Vali Loss=0.0833757	 Cost time=8.5
[2023-12-09 21:26:28,378][trainer.py][line:143][INFO] Epoch:[2/100]	 Train loss=0.1482428	 Vali Loss=0.1048135	 Cost time=8.0
[2023-12-09 21:26:28,378][utils.py][line:105][INFO] EarlyStopping counter: 1 out of 100
[2023-12-09 21:26:36,205][trainer.py][line:143][INFO] Epoch:[3/100]	 Train loss=0.1402539	 Vali Loss=0.0631025	 Cost time=7.8
[2023-12-09 21:26:44,029][trainer.py][line:143][INFO] Epoch:[4/100]	 Train loss=0.1439815	 Vali Loss=0.0926783	 Cost time=7.8
[2023-12-09 21:26:44,029][utils.py][line:105][INFO] EarlyStopping counter: 1 out of 100
[2023-12-09 21:26:51,848][trainer.py][line:143][INFO] Epoch:[5/100]	 Train loss=0.1364923	 Vali Loss=0.0617499	 Cost time=7.8
[2023-12-09 21:26:59,649][trainer.py][line:143][INFO] Epoch:[6/100]	 Train loss=0.1328397	 Vali Loss=0.0788420	 Cost time=7.8
[2023-12-09 21:26:59,650][utils.py][line:105][INFO] EarlyStopping counter: 1 out of 100
[2023-12-09 21:27:07,435][trainer.py][line:143][INFO] Epoch:[7/100]	 Train loss=0.1375197	 Vali Loss=0.0756469	 Cost time=7.8
[2023-12-09 21:27:07,436][utils.py][line:105][INFO] EarlyStopping counter: 2 out of 100
[2023-12-09 21:27:15,381][trainer.py][line:143][INFO] Epoch:[8/100]	 Train loss=0.1347180	 Vali Loss=0.0728646	 Cost time=7.9
[2023-12-09 21:27:15,381][utils.py][line:105][INFO] EarlyStopping counter: 3 out of 100
[2023-12-09 21:27:23,179][trainer.py][line:143][INFO] Epoch:[9/100]	 Train loss=0.1327927	 Vali Loss=0.0682392	 Cost time=7.8
[2023-12-09 21:27:23,180][utils.py][line:105][INFO] EarlyStopping counter: 4 out of 100
[2023-12-09 21:27:31,095][trainer.py][line:143][INFO] Epoch:[10/100]	 Train loss=0.1329347	 Vali Loss=0.0723009	 Cost time=7.9
[2023-12-09 21:27:31,095][utils.py][line:105][INFO] EarlyStopping counter: 5 out of 100
[2023-12-09 21:27:38,895][trainer.py][line:143][INFO] Epoch:[11/100]	 Train loss=0.1198964	 Vali Loss=0.0670104	 Cost time=7.8
[2023-12-09 21:27:38,895][utils.py][line:105][INFO] EarlyStopping counter: 6 out of 100
[2023-12-09 21:27:46,707][trainer.py][line:143][INFO] Epoch:[12/100]	 Train loss=0.1183230	 Vali Loss=0.0590452	 Cost time=7.8
[2023-12-09 21:27:54,527][trainer.py][line:143][INFO] Epoch:[13/100]	 Train loss=0.1173601	 Vali Loss=0.0597566	 Cost time=7.8
[2023-12-09 21:27:54,527][utils.py][line:105][INFO] EarlyStopping counter: 1 out of 100
[2023-12-09 21:28:02,323][trainer.py][line:143][INFO] Epoch:[14/100]	 Train loss=0.1172377	 Vali Loss=0.0580363	 Cost time=7.8
[2023-12-09 21:28:10,126][trainer.py][line:143][INFO] Epoch:[15/100]	 Train loss=0.1238670	 Vali Loss=0.0627472	 Cost time=7.8
[2023-12-09 21:28:10,126][utils.py][line:105][INFO] EarlyStopping counter: 1 out of 100
[2023-12-09 21:28:17,896][trainer.py][line:143][INFO] Epoch:[16/100]	 Train loss=0.1210412	 Vali Loss=0.0791899	 Cost time=7.8
[2023-12-09 21:28:17,896][utils.py][line:105][INFO] EarlyStopping counter: 2 out of 100
[2023-12-09 21:28:25,660][trainer.py][line:143][INFO] Epoch:[17/100]	 Train loss=0.1190674	 Vali Loss=0.0565218	 Cost time=7.8
[2023-12-09 21:28:33,463][trainer.py][line:143][INFO] Epoch:[18/100]	 Train loss=0.1222761	 Vali Loss=0.0695365	 Cost time=7.8
[2023-12-09 21:28:33,463][utils.py][line:105][INFO] EarlyStopping counter: 1 out of 100
[2023-12-09 21:28:41,468][trainer.py][line:143][INFO] Epoch:[19/100]	 Train loss=0.1233967	 Vali Loss=0.0607615	 Cost time=8.0
[2023-12-09 21:28:41,468][utils.py][line:105][INFO] EarlyStopping counter: 2 out of 100
[2023-12-09 21:28:49,230][trainer.py][line:143][INFO] Epoch:[20/100]	 Train loss=0.1206117	 Vali Loss=0.0612210	 Cost time=7.8
[2023-12-09 21:28:49,230][utils.py][line:105][INFO] EarlyStopping counter: 3 out of 100
[2023-12-09 21:28:57,021][trainer.py][line:143][INFO] Epoch:[21/100]	 Train loss=0.1126221	 Vali Loss=0.0569667	 Cost time=7.8
[2023-12-09 21:28:57,021][utils.py][line:105][INFO] EarlyStopping counter: 4 out of 100
[2023-12-09 21:29:04,841][trainer.py][line:143][INFO] Epoch:[22/100]	 Train loss=0.1115813	 Vali Loss=0.0578074	 Cost time=7.8
[2023-12-09 21:29:04,842][utils.py][line:105][INFO] EarlyStopping counter: 5 out of 100
[2023-12-09 21:29:12,632][trainer.py][line:143][INFO] Epoch:[23/100]	 Train loss=0.1135551	 Vali Loss=0.0619116	 Cost time=7.8
[2023-12-09 21:29:12,632][utils.py][line:105][INFO] EarlyStopping counter: 6 out of 100
[2023-12-09 21:29:20,450][trainer.py][line:143][INFO] Epoch:[24/100]	 Train loss=0.1123225	 Vali Loss=0.0609730	 Cost time=7.8
[2023-12-09 21:29:20,450][utils.py][line:105][INFO] EarlyStopping counter: 7 out of 100
[2023-12-09 21:29:28,212][trainer.py][line:143][INFO] Epoch:[25/100]	 Train loss=0.1140571	 Vali Loss=0.0556909	 Cost time=7.8
[2023-12-09 21:29:35,982][trainer.py][line:143][INFO] Epoch:[26/100]	 Train loss=0.1130780	 Vali Loss=0.0580347	 Cost time=7.8
[2023-12-09 21:29:35,982][utils.py][line:105][INFO] EarlyStopping counter: 1 out of 100
[2023-12-09 21:29:43,905][trainer.py][line:143][INFO] Epoch:[27/100]	 Train loss=0.1129141	 Vali Loss=0.0567792	 Cost time=7.9
[2023-12-09 21:29:43,905][utils.py][line:105][INFO] EarlyStopping counter: 2 out of 100
[2023-12-09 21:29:51,756][trainer.py][line:143][INFO] Epoch:[28/100]	 Train loss=0.1116024	 Vali Loss=0.0558071	 Cost time=7.9
[2023-12-09 21:29:51,756][utils.py][line:105][INFO] EarlyStopping counter: 3 out of 100
[2023-12-09 21:29:59,749][trainer.py][line:143][INFO] Epoch:[29/100]	 Train loss=0.1144172	 Vali Loss=0.0564615	 Cost time=8.0
[2023-12-09 21:29:59,749][utils.py][line:105][INFO] EarlyStopping counter: 4 out of 100
[2023-12-09 21:30:07,647][trainer.py][line:143][INFO] Epoch:[30/100]	 Train loss=0.1131219	 Vali Loss=0.0561904	 Cost time=7.9
[2023-12-09 21:30:07,648][utils.py][line:105][INFO] EarlyStopping counter: 5 out of 100
[2023-12-09 21:30:15,466][trainer.py][line:143][INFO] Epoch:[31/100]	 Train loss=0.1105592	 Vali Loss=0.0568834	 Cost time=7.8
[2023-12-09 21:30:15,467][utils.py][line:105][INFO] EarlyStopping counter: 6 out of 100
[2023-12-09 21:30:23,240][trainer.py][line:143][INFO] Epoch:[32/100]	 Train loss=0.1078991	 Vali Loss=0.0560001	 Cost time=7.8
[2023-12-09 21:30:23,240][utils.py][line:105][INFO] EarlyStopping counter: 7 out of 100
[2023-12-09 21:30:31,040][trainer.py][line:143][INFO] Epoch:[33/100]	 Train loss=0.1086478	 Vali Loss=0.0582172	 Cost time=7.8
[2023-12-09 21:30:31,041][utils.py][line:105][INFO] EarlyStopping counter: 8 out of 100
[2023-12-09 21:30:38,802][trainer.py][line:143][INFO] Epoch:[34/100]	 Train loss=0.1092638	 Vali Loss=0.0557256	 Cost time=7.8
[2023-12-09 21:30:38,802][utils.py][line:105][INFO] EarlyStopping counter: 9 out of 100
[2023-12-09 21:30:46,677][trainer.py][line:143][INFO] Epoch:[35/100]	 Train loss=0.1083281	 Vali Loss=0.0584751	 Cost time=7.9
[2023-12-09 21:30:46,677][utils.py][line:105][INFO] EarlyStopping counter: 10 out of 100
[2023-12-09 21:30:54,660][trainer.py][line:143][INFO] Epoch:[36/100]	 Train loss=0.1094424	 Vali Loss=0.0624492	 Cost time=8.0
[2023-12-09 21:30:54,661][utils.py][line:105][INFO] EarlyStopping counter: 11 out of 100
[2023-12-09 21:31:02,450][trainer.py][line:143][INFO] Epoch:[37/100]	 Train loss=0.1097194	 Vali Loss=0.0591110	 Cost time=7.8
[2023-12-09 21:31:02,450][utils.py][line:105][INFO] EarlyStopping counter: 12 out of 100
[2023-12-09 21:31:10,262][trainer.py][line:143][INFO] Epoch:[38/100]	 Train loss=0.1087132	 Vali Loss=0.0552397	 Cost time=7.8
[2023-12-09 21:31:18,056][trainer.py][line:143][INFO] Epoch:[39/100]	 Train loss=0.1089205	 Vali Loss=0.0545227	 Cost time=7.8
[2023-12-09 21:31:25,870][trainer.py][line:143][INFO] Epoch:[40/100]	 Train loss=0.1079613	 Vali Loss=0.0578001	 Cost time=7.8
[2023-12-09 21:31:25,870][utils.py][line:105][INFO] EarlyStopping counter: 1 out of 100
[2023-12-09 21:31:33,666][trainer.py][line:143][INFO] Epoch:[41/100]	 Train loss=0.1068159	 Vali Loss=0.0577164	 Cost time=7.8
[2023-12-09 21:31:33,666][utils.py][line:105][INFO] EarlyStopping counter: 2 out of 100
[2023-12-09 21:31:41,438][trainer.py][line:143][INFO] Epoch:[42/100]	 Train loss=0.1062948	 Vali Loss=0.0548859	 Cost time=7.8
[2023-12-09 21:31:41,438][utils.py][line:105][INFO] EarlyStopping counter: 3 out of 100
[2023-12-09 21:31:49,233][trainer.py][line:143][INFO] Epoch:[43/100]	 Train loss=0.1064383	 Vali Loss=0.0574045	 Cost time=7.8
[2023-12-09 21:31:49,233][utils.py][line:105][INFO] EarlyStopping counter: 4 out of 100
[2023-12-09 21:31:57,210][trainer.py][line:143][INFO] Epoch:[44/100]	 Train loss=0.1073418	 Vali Loss=0.0549917	 Cost time=8.0
[2023-12-09 21:31:57,210][utils.py][line:105][INFO] EarlyStopping counter: 5 out of 100
[2023-12-09 21:32:05,024][trainer.py][line:143][INFO] Epoch:[45/100]	 Train loss=0.1066173	 Vali Loss=0.0557311	 Cost time=7.8
[2023-12-09 21:32:05,024][utils.py][line:105][INFO] EarlyStopping counter: 6 out of 100
[2023-12-09 21:32:12,818][trainer.py][line:143][INFO] Epoch:[46/100]	 Train loss=0.1063230	 Vali Loss=0.0555264	 Cost time=7.8
[2023-12-09 21:32:12,819][utils.py][line:105][INFO] EarlyStopping counter: 7 out of 100
[2023-12-09 21:32:20,609][trainer.py][line:143][INFO] Epoch:[47/100]	 Train loss=0.1063639	 Vali Loss=0.0551519	 Cost time=7.8
[2023-12-09 21:32:20,609][utils.py][line:105][INFO] EarlyStopping counter: 8 out of 100
[2023-12-09 21:32:28,379][trainer.py][line:143][INFO] Epoch:[48/100]	 Train loss=0.1061569	 Vali Loss=0.0553415	 Cost time=7.8
[2023-12-09 21:32:28,379][utils.py][line:105][INFO] EarlyStopping counter: 9 out of 100
[2023-12-09 21:32:36,165][trainer.py][line:143][INFO] Epoch:[49/100]	 Train loss=0.1070901	 Vali Loss=0.0560538	 Cost time=7.8
[2023-12-09 21:32:36,166][utils.py][line:105][INFO] EarlyStopping counter: 10 out of 100
[2023-12-09 21:32:43,950][trainer.py][line:143][INFO] Epoch:[50/100]	 Train loss=0.1065906	 Vali Loss=0.0555849	 Cost time=7.8
[2023-12-09 21:32:43,951][utils.py][line:105][INFO] EarlyStopping counter: 11 out of 100
[2023-12-09 21:32:51,761][trainer.py][line:143][INFO] Epoch:[51/100]	 Train loss=0.1054030	 Vali Loss=0.0550849	 Cost time=7.8
[2023-12-09 21:32:51,761][utils.py][line:105][INFO] EarlyStopping counter: 12 out of 100
[2023-12-09 21:32:59,643][trainer.py][line:143][INFO] Epoch:[52/100]	 Train loss=0.1048698	 Vali Loss=0.0562296	 Cost time=7.9
[2023-12-09 21:32:59,643][utils.py][line:105][INFO] EarlyStopping counter: 13 out of 100
[2023-12-09 21:33:07,861][trainer.py][line:143][INFO] Epoch:[53/100]	 Train loss=0.1055768	 Vali Loss=0.0552588	 Cost time=8.2
[2023-12-09 21:33:07,861][utils.py][line:105][INFO] EarlyStopping counter: 14 out of 100
[2023-12-09 21:33:16,346][trainer.py][line:143][INFO] Epoch:[54/100]	 Train loss=0.1054072	 Vali Loss=0.0548486	 Cost time=8.5
[2023-12-09 21:33:16,347][utils.py][line:105][INFO] EarlyStopping counter: 15 out of 100
[2023-12-09 21:33:24,204][trainer.py][line:143][INFO] Epoch:[55/100]	 Train loss=0.1052212	 Vali Loss=0.0547863	 Cost time=7.9
[2023-12-09 21:33:24,204][utils.py][line:105][INFO] EarlyStopping counter: 16 out of 100
[2023-12-09 21:33:32,077][trainer.py][line:143][INFO] Epoch:[56/100]	 Train loss=0.1054353	 Vali Loss=0.0561356	 Cost time=7.9
[2023-12-09 21:33:32,077][utils.py][line:105][INFO] EarlyStopping counter: 17 out of 100
[2023-12-09 21:33:40,136][trainer.py][line:143][INFO] Epoch:[57/100]	 Train loss=0.1056466	 Vali Loss=0.0549089	 Cost time=8.1
[2023-12-09 21:33:40,136][utils.py][line:105][INFO] EarlyStopping counter: 18 out of 100
[2023-12-09 21:33:47,908][trainer.py][line:143][INFO] Epoch:[58/100]	 Train loss=0.1051876	 Vali Loss=0.0566861	 Cost time=7.8
[2023-12-09 21:33:47,909][utils.py][line:105][INFO] EarlyStopping counter: 19 out of 100
[2023-12-09 21:33:55,695][trainer.py][line:143][INFO] Epoch:[59/100]	 Train loss=0.1053028	 Vali Loss=0.0555318	 Cost time=7.8
[2023-12-09 21:33:55,695][utils.py][line:105][INFO] EarlyStopping counter: 20 out of 100
[2023-12-09 21:34:03,523][trainer.py][line:143][INFO] Epoch:[60/100]	 Train loss=0.1053845	 Vali Loss=0.0567262	 Cost time=7.8
[2023-12-09 21:34:03,523][utils.py][line:105][INFO] EarlyStopping counter: 21 out of 100
[2023-12-09 21:34:11,463][trainer.py][line:143][INFO] Epoch:[61/100]	 Train loss=0.1047379	 Vali Loss=0.0546986	 Cost time=7.9
[2023-12-09 21:34:11,463][utils.py][line:105][INFO] EarlyStopping counter: 22 out of 100
[2023-12-09 21:34:19,243][trainer.py][line:143][INFO] Epoch:[62/100]	 Train loss=0.1048006	 Vali Loss=0.0549639	 Cost time=7.8
[2023-12-09 21:34:19,244][utils.py][line:105][INFO] EarlyStopping counter: 23 out of 100
[2023-12-09 21:34:27,017][trainer.py][line:143][INFO] Epoch:[63/100]	 Train loss=0.1046926	 Vali Loss=0.0553888	 Cost time=7.8
[2023-12-09 21:34:27,017][utils.py][line:105][INFO] EarlyStopping counter: 24 out of 100
[2023-12-09 21:34:34,801][trainer.py][line:143][INFO] Epoch:[64/100]	 Train loss=0.1046450	 Vali Loss=0.0551239	 Cost time=7.8
[2023-12-09 21:34:34,801][utils.py][line:105][INFO] EarlyStopping counter: 25 out of 100
[2023-12-09 21:34:42,565][trainer.py][line:143][INFO] Epoch:[65/100]	 Train loss=0.1046512	 Vali Loss=0.0550593	 Cost time=7.8
[2023-12-09 21:34:42,565][utils.py][line:105][INFO] EarlyStopping counter: 26 out of 100
[2023-12-09 21:34:50,370][trainer.py][line:143][INFO] Epoch:[66/100]	 Train loss=0.1046526	 Vali Loss=0.0551445	 Cost time=7.8
[2023-12-09 21:34:50,370][utils.py][line:105][INFO] EarlyStopping counter: 27 out of 100
[2023-12-09 21:34:58,157][trainer.py][line:143][INFO] Epoch:[67/100]	 Train loss=0.1046083	 Vali Loss=0.0553567	 Cost time=7.8
[2023-12-09 21:34:58,157][utils.py][line:105][INFO] EarlyStopping counter: 28 out of 100
[2023-12-09 21:35:06,178][trainer.py][line:143][INFO] Epoch:[68/100]	 Train loss=0.1047395	 Vali Loss=0.0550017	 Cost time=8.0
[2023-12-09 21:35:06,179][utils.py][line:105][INFO] EarlyStopping counter: 29 out of 100
[2023-12-09 21:35:14,144][trainer.py][line:143][INFO] Epoch:[69/100]	 Train loss=0.1045553	 Vali Loss=0.0555910	 Cost time=8.0
[2023-12-09 21:35:14,144][utils.py][line:105][INFO] EarlyStopping counter: 30 out of 100
[2023-12-09 21:35:21,933][trainer.py][line:143][INFO] Epoch:[70/100]	 Train loss=0.1047274	 Vali Loss=0.0548214	 Cost time=7.8
[2023-12-09 21:35:21,933][utils.py][line:105][INFO] EarlyStopping counter: 31 out of 100
[2023-12-09 21:35:29,739][trainer.py][line:143][INFO] Epoch:[71/100]	 Train loss=0.1044699	 Vali Loss=0.0549436	 Cost time=7.8
[2023-12-09 21:35:29,739][utils.py][line:105][INFO] EarlyStopping counter: 32 out of 100
[2023-12-09 21:35:37,599][trainer.py][line:143][INFO] Epoch:[72/100]	 Train loss=0.1042491	 Vali Loss=0.0549599	 Cost time=7.9
[2023-12-09 21:35:37,599][utils.py][line:105][INFO] EarlyStopping counter: 33 out of 100
[2023-12-09 21:35:45,378][trainer.py][line:143][INFO] Epoch:[73/100]	 Train loss=0.1043829	 Vali Loss=0.0547468	 Cost time=7.8
[2023-12-09 21:35:45,378][utils.py][line:105][INFO] EarlyStopping counter: 34 out of 100
[2023-12-09 21:35:53,141][trainer.py][line:143][INFO] Epoch:[74/100]	 Train loss=0.1041279	 Vali Loss=0.0556420	 Cost time=7.8
[2023-12-09 21:35:53,141][utils.py][line:105][INFO] EarlyStopping counter: 35 out of 100
[2023-12-09 21:36:00,934][trainer.py][line:143][INFO] Epoch:[75/100]	 Train loss=0.1044518	 Vali Loss=0.0548525	 Cost time=7.8
[2023-12-09 21:36:00,934][utils.py][line:105][INFO] EarlyStopping counter: 36 out of 100
[2023-12-09 21:36:08,717][trainer.py][line:143][INFO] Epoch:[76/100]	 Train loss=0.1042630	 Vali Loss=0.0549715	 Cost time=7.8
[2023-12-09 21:36:08,717][utils.py][line:105][INFO] EarlyStopping counter: 37 out of 100
[2023-12-09 21:36:16,586][trainer.py][line:143][INFO] Epoch:[77/100]	 Train loss=0.1043021	 Vali Loss=0.0549915	 Cost time=7.9
[2023-12-09 21:36:16,586][utils.py][line:105][INFO] EarlyStopping counter: 38 out of 100
[2023-12-09 21:36:24,476][trainer.py][line:143][INFO] Epoch:[78/100]	 Train loss=0.1042714	 Vali Loss=0.0549546	 Cost time=7.9
[2023-12-09 21:36:24,476][utils.py][line:105][INFO] EarlyStopping counter: 39 out of 100
[2023-12-09 21:36:32,300][trainer.py][line:143][INFO] Epoch:[79/100]	 Train loss=0.1042638	 Vali Loss=0.0547847	 Cost time=7.8
[2023-12-09 21:36:32,300][utils.py][line:105][INFO] EarlyStopping counter: 40 out of 100
[2023-12-09 21:36:40,067][trainer.py][line:143][INFO] Epoch:[80/100]	 Train loss=0.1043275	 Vali Loss=0.0550008	 Cost time=7.8
[2023-12-09 21:36:40,067][utils.py][line:105][INFO] EarlyStopping counter: 41 out of 100
[2023-12-09 21:36:47,838][trainer.py][line:143][INFO] Epoch:[81/100]	 Train loss=0.1041987	 Vali Loss=0.0548209	 Cost time=7.8
[2023-12-09 21:36:47,838][utils.py][line:105][INFO] EarlyStopping counter: 42 out of 100
[2023-12-09 21:36:55,620][trainer.py][line:143][INFO] Epoch:[82/100]	 Train loss=0.1040915	 Vali Loss=0.0552401	 Cost time=7.8
[2023-12-09 21:36:55,620][utils.py][line:105][INFO] EarlyStopping counter: 43 out of 100
[2023-12-09 21:37:03,444][trainer.py][line:143][INFO] Epoch:[83/100]	 Train loss=0.1042275	 Vali Loss=0.0549674	 Cost time=7.8
[2023-12-09 21:37:03,444][utils.py][line:105][INFO] EarlyStopping counter: 44 out of 100
[2023-12-09 21:37:11,254][trainer.py][line:143][INFO] Epoch:[84/100]	 Train loss=0.1041474	 Vali Loss=0.0550061	 Cost time=7.8
[2023-12-09 21:37:11,254][utils.py][line:105][INFO] EarlyStopping counter: 45 out of 100
[2023-12-09 21:37:19,060][trainer.py][line:143][INFO] Epoch:[85/100]	 Train loss=0.1042611	 Vali Loss=0.0549504	 Cost time=7.8
[2023-12-09 21:37:19,060][utils.py][line:105][INFO] EarlyStopping counter: 46 out of 100
[2023-12-09 21:37:27,005][trainer.py][line:143][INFO] Epoch:[86/100]	 Train loss=0.1045024	 Vali Loss=0.0548719	 Cost time=7.9
[2023-12-09 21:37:27,006][utils.py][line:105][INFO] EarlyStopping counter: 47 out of 100
[2023-12-09 21:37:34,785][trainer.py][line:143][INFO] Epoch:[87/100]	 Train loss=0.1040894	 Vali Loss=0.0549005	 Cost time=7.8
[2023-12-09 21:37:34,785][utils.py][line:105][INFO] EarlyStopping counter: 48 out of 100
[2023-12-09 21:37:42,567][trainer.py][line:143][INFO] Epoch:[88/100]	 Train loss=0.1040665	 Vali Loss=0.0547261	 Cost time=7.8
[2023-12-09 21:37:42,567][utils.py][line:105][INFO] EarlyStopping counter: 49 out of 100
[2023-12-09 21:37:50,391][trainer.py][line:143][INFO] Epoch:[89/100]	 Train loss=0.1042047	 Vali Loss=0.0548788	 Cost time=7.8
[2023-12-09 21:37:50,391][utils.py][line:105][INFO] EarlyStopping counter: 50 out of 100
[2023-12-09 21:37:58,182][trainer.py][line:143][INFO] Epoch:[90/100]	 Train loss=0.1040974	 Vali Loss=0.0549402	 Cost time=7.8
[2023-12-09 21:37:58,182][utils.py][line:105][INFO] EarlyStopping counter: 51 out of 100
[2023-12-09 21:38:05,979][trainer.py][line:143][INFO] Epoch:[91/100]	 Train loss=0.1039704	 Vali Loss=0.0549358	 Cost time=7.8
[2023-12-09 21:38:05,979][utils.py][line:105][INFO] EarlyStopping counter: 52 out of 100
[2023-12-09 21:38:13,735][trainer.py][line:143][INFO] Epoch:[92/100]	 Train loss=0.1039694	 Vali Loss=0.0549230	 Cost time=7.8
[2023-12-09 21:38:13,735][utils.py][line:105][INFO] EarlyStopping counter: 53 out of 100
[2023-12-09 21:38:21,520][trainer.py][line:143][INFO] Epoch:[93/100]	 Train loss=0.1039913	 Vali Loss=0.0549194	 Cost time=7.8
[2023-12-09 21:38:21,520][utils.py][line:105][INFO] EarlyStopping counter: 54 out of 100
[2023-12-09 21:38:29,412][trainer.py][line:143][INFO] Epoch:[94/100]	 Train loss=0.1040269	 Vali Loss=0.0549273	 Cost time=7.9
[2023-12-09 21:38:29,412][utils.py][line:105][INFO] EarlyStopping counter: 55 out of 100
[2023-12-09 21:38:37,346][trainer.py][line:143][INFO] Epoch:[95/100]	 Train loss=0.1039961	 Vali Loss=0.0550188	 Cost time=7.9
[2023-12-09 21:38:37,346][utils.py][line:105][INFO] EarlyStopping counter: 56 out of 100
[2023-12-09 21:38:45,134][trainer.py][line:143][INFO] Epoch:[96/100]	 Train loss=0.1039683	 Vali Loss=0.0549751	 Cost time=7.8
[2023-12-09 21:38:45,135][utils.py][line:105][INFO] EarlyStopping counter: 57 out of 100
[2023-12-09 21:38:52,974][trainer.py][line:143][INFO] Epoch:[97/100]	 Train loss=0.1040155	 Vali Loss=0.0549700	 Cost time=7.8
[2023-12-09 21:38:52,974][utils.py][line:105][INFO] EarlyStopping counter: 58 out of 100
[2023-12-09 21:39:00,749][trainer.py][line:143][INFO] Epoch:[98/100]	 Train loss=0.1040156	 Vali Loss=0.0549195	 Cost time=7.8
[2023-12-09 21:39:00,749][utils.py][line:105][INFO] EarlyStopping counter: 59 out of 100
[2023-12-09 21:39:08,535][trainer.py][line:143][INFO] Epoch:[99/100]	 Train loss=0.1039644	 Vali Loss=0.0549783	 Cost time=7.8
[2023-12-09 21:39:08,535][utils.py][line:105][INFO] EarlyStopping counter: 60 out of 100
[2023-12-09 21:39:16,322][trainer.py][line:143][INFO] Epoch:[100/100]	 Train loss=0.1039538	 Vali Loss=0.0549562	 Cost time=7.8
[2023-12-09 21:39:16,322][utils.py][line:105][INFO] EarlyStopping counter: 61 out of 100
[2023-12-09 21:39:16,611][trainer.py][line:160][INFO] Finish training!
[2023-12-09 21:39:16,612][trainer.py][line:216][INFO] loading model...
[2023-12-09 21:39:17,331][utils.py][line:147][INFO] Test MSE:  195210.6406   |  Test RMSE:  441.8265   |  Test MAE:  274.2618   |  Test R2:  0.8809|
[2023-12-09 21:39:17,564][utils.py][line:147][INFO] Test MSE:  497957.3125   |  Test RMSE:  705.6609   |  Test MAE:  423.0951   |  Test R2:  0.8612|
[2023-12-09 21:39:17,790][utils.py][line:147][INFO] Test MSE:  127781.2344   |  Test RMSE:  357.4650   |  Test MAE:  217.5013   |  Test R2:  0.9041|
[2023-12-09 21:39:17,993][utils.py][line:147][INFO] Test MSE:  48712.4102   |  Test RMSE:  220.7089   |  Test MAE:  151.4594   |  Test R2:  0.5994|
[2023-12-09 21:39:18,181][utils.py][line:147][INFO] Test MSE:  28938.7754   |  Test RMSE:  170.1140   |  Test MAE:  64.7197   |  Test R2:  0.4160|
[2023-12-09 21:39:18,181][trainer.py][line:216][INFO] loading model...
[2023-12-09 21:39:18,880][utils.py][line:147][INFO] Test MSE:  196121.2500   |  Test RMSE:  442.8558   |  Test MAE:  279.2629   |  Test R2:  0.8803|
[2023-12-09 21:39:19,093][utils.py][line:147][INFO] Test MSE:  476548.5938   |  Test RMSE:  690.3250   |  Test MAE:  415.3116   |  Test R2:  0.8672|
[2023-12-09 21:39:19,318][utils.py][line:147][INFO] Test MSE:  127080.7812   |  Test RMSE:  356.4839   |  Test MAE:  218.5378   |  Test R2:  0.9047|
[2023-12-09 21:39:19,523][utils.py][line:147][INFO] Test MSE:  43726.9844   |  Test RMSE:  209.1100   |  Test MAE:  140.1403   |  Test R2:  0.6404|
[2023-12-09 21:39:19,717][utils.py][line:147][INFO] Test MSE:  30544.1367   |  Test RMSE:  174.7688   |  Test MAE:  85.6211   |  Test R2:  0.3836|
