[2024-01-14 15:16:13,191][trainer.py][line:83][INFO] -----Start training-----
[2024-01-14 15:16:31,445][trainer.py][line:146][INFO] Epoch:[1/100]	 Train loss=0.3004864	 Vali Loss=0.1853872	 Cost time=18.3
[2024-01-14 15:16:48,933][trainer.py][line:146][INFO] Epoch:[2/100]	 Train loss=0.1241433	 Vali Loss=0.1188034	 Cost time=17.5
[2024-01-14 15:17:06,456][trainer.py][line:146][INFO] Epoch:[3/100]	 Train loss=0.1312993	 Vali Loss=0.0911643	 Cost time=17.5
[2024-01-14 15:17:24,295][trainer.py][line:146][INFO] Epoch:[4/100]	 Train loss=0.1107932	 Vali Loss=0.1188001	 Cost time=17.8
[2024-01-14 15:17:24,296][utils.py][line:105][INFO] EarlyStopping counter: 1 out of 100
[2024-01-14 15:17:41,840][trainer.py][line:146][INFO] Epoch:[5/100]	 Train loss=0.0931810	 Vali Loss=0.0816736	 Cost time=17.5
[2024-01-14 15:17:59,716][trainer.py][line:146][INFO] Epoch:[6/100]	 Train loss=0.0904029	 Vali Loss=0.0778933	 Cost time=17.8
[2024-01-14 15:18:17,659][trainer.py][line:146][INFO] Epoch:[7/100]	 Train loss=0.1057853	 Vali Loss=0.1165056	 Cost time=17.9
[2024-01-14 15:18:17,659][utils.py][line:105][INFO] EarlyStopping counter: 1 out of 100
[2024-01-14 15:18:35,586][trainer.py][line:146][INFO] Epoch:[8/100]	 Train loss=0.1004908	 Vali Loss=0.1060849	 Cost time=17.9
[2024-01-14 15:18:35,586][utils.py][line:105][INFO] EarlyStopping counter: 2 out of 100
[2024-01-14 15:18:52,967][trainer.py][line:146][INFO] Epoch:[9/100]	 Train loss=0.0920396	 Vali Loss=0.0876517	 Cost time=17.4
[2024-01-14 15:18:52,968][utils.py][line:105][INFO] EarlyStopping counter: 3 out of 100
[2024-01-14 15:19:11,457][trainer.py][line:146][INFO] Epoch:[10/100]	 Train loss=0.0953004	 Vali Loss=0.0783285	 Cost time=18.5
[2024-01-14 15:19:11,457][utils.py][line:105][INFO] EarlyStopping counter: 4 out of 100
[2024-01-14 15:19:28,944][trainer.py][line:146][INFO] Epoch:[11/100]	 Train loss=0.0727494	 Vali Loss=0.0770685	 Cost time=17.5
[2024-01-14 15:19:46,416][trainer.py][line:146][INFO] Epoch:[12/100]	 Train loss=0.0782527	 Vali Loss=0.0689358	 Cost time=17.5
[2024-01-14 15:20:04,117][trainer.py][line:146][INFO] Epoch:[13/100]	 Train loss=0.0766858	 Vali Loss=0.0887754	 Cost time=17.7
[2024-01-14 15:20:04,118][utils.py][line:105][INFO] EarlyStopping counter: 1 out of 100
[2024-01-14 15:20:21,498][trainer.py][line:146][INFO] Epoch:[14/100]	 Train loss=0.0839165	 Vali Loss=0.0734842	 Cost time=17.4
[2024-01-14 15:20:21,498][utils.py][line:105][INFO] EarlyStopping counter: 2 out of 100
[2024-01-14 15:20:38,938][trainer.py][line:146][INFO] Epoch:[15/100]	 Train loss=0.0776966	 Vali Loss=0.1735294	 Cost time=17.4
[2024-01-14 15:20:38,939][utils.py][line:105][INFO] EarlyStopping counter: 3 out of 100
[2024-01-14 15:20:56,350][trainer.py][line:146][INFO] Epoch:[16/100]	 Train loss=0.0995691	 Vali Loss=0.0834627	 Cost time=17.4
[2024-01-14 15:20:56,350][utils.py][line:105][INFO] EarlyStopping counter: 4 out of 100
[2024-01-14 15:21:14,181][trainer.py][line:146][INFO] Epoch:[17/100]	 Train loss=0.0958463	 Vali Loss=0.0754399	 Cost time=17.8
[2024-01-14 15:21:14,181][utils.py][line:105][INFO] EarlyStopping counter: 5 out of 100
[2024-01-14 15:21:31,752][trainer.py][line:146][INFO] Epoch:[18/100]	 Train loss=0.0958807	 Vali Loss=0.0773231	 Cost time=17.6
[2024-01-14 15:21:31,752][utils.py][line:105][INFO] EarlyStopping counter: 6 out of 100
[2024-01-14 15:21:49,191][trainer.py][line:146][INFO] Epoch:[19/100]	 Train loss=0.0731556	 Vali Loss=0.0886761	 Cost time=17.4
[2024-01-14 15:21:49,191][utils.py][line:105][INFO] EarlyStopping counter: 7 out of 100
[2024-01-14 15:22:06,506][trainer.py][line:146][INFO] Epoch:[20/100]	 Train loss=0.0707595	 Vali Loss=0.0984789	 Cost time=17.3
[2024-01-14 15:22:06,506][utils.py][line:105][INFO] EarlyStopping counter: 8 out of 100
[2024-01-14 15:22:21,094][trainer.py][line:146][INFO] Epoch:[21/100]	 Train loss=0.0612856	 Vali Loss=0.0711738	 Cost time=14.6
[2024-01-14 15:22:21,094][utils.py][line:105][INFO] EarlyStopping counter: 9 out of 100
[2024-01-14 15:22:35,459][trainer.py][line:146][INFO] Epoch:[22/100]	 Train loss=0.0707225	 Vali Loss=0.0736595	 Cost time=14.4
[2024-01-14 15:22:35,459][utils.py][line:105][INFO] EarlyStopping counter: 10 out of 100
[2024-01-14 15:22:49,778][trainer.py][line:146][INFO] Epoch:[23/100]	 Train loss=0.0640090	 Vali Loss=0.0924764	 Cost time=14.3
[2024-01-14 15:22:49,779][utils.py][line:105][INFO] EarlyStopping counter: 11 out of 100
[2024-01-14 15:23:04,093][trainer.py][line:146][INFO] Epoch:[24/100]	 Train loss=0.1430190	 Vali Loss=0.0950480	 Cost time=14.3
[2024-01-14 15:23:04,093][utils.py][line:105][INFO] EarlyStopping counter: 12 out of 100
[2024-01-14 15:23:18,576][trainer.py][line:146][INFO] Epoch:[25/100]	 Train loss=0.0936709	 Vali Loss=0.0826194	 Cost time=14.5
[2024-01-14 15:23:18,576][utils.py][line:105][INFO] EarlyStopping counter: 13 out of 100
[2024-01-14 15:23:33,027][trainer.py][line:146][INFO] Epoch:[26/100]	 Train loss=0.0859695	 Vali Loss=0.0806142	 Cost time=14.4
[2024-01-14 15:23:33,027][utils.py][line:105][INFO] EarlyStopping counter: 14 out of 100
[2024-01-14 15:23:47,393][trainer.py][line:146][INFO] Epoch:[27/100]	 Train loss=0.0894985	 Vali Loss=0.0970244	 Cost time=14.4
[2024-01-14 15:23:47,393][utils.py][line:105][INFO] EarlyStopping counter: 15 out of 100
[2024-01-14 15:24:01,746][trainer.py][line:146][INFO] Epoch:[28/100]	 Train loss=0.0826348	 Vali Loss=0.1028844	 Cost time=14.4
[2024-01-14 15:24:01,746][utils.py][line:105][INFO] EarlyStopping counter: 16 out of 100
[2024-01-14 15:24:16,109][trainer.py][line:146][INFO] Epoch:[29/100]	 Train loss=0.0966056	 Vali Loss=0.0730158	 Cost time=14.4
[2024-01-14 15:24:16,109][utils.py][line:105][INFO] EarlyStopping counter: 17 out of 100
[2024-01-14 15:24:30,595][trainer.py][line:146][INFO] Epoch:[30/100]	 Train loss=0.0657347	 Vali Loss=0.0723009	 Cost time=14.5
[2024-01-14 15:24:30,595][utils.py][line:105][INFO] EarlyStopping counter: 18 out of 100
[2024-01-14 15:24:44,942][trainer.py][line:146][INFO] Epoch:[31/100]	 Train loss=0.0557504	 Vali Loss=0.0705056	 Cost time=14.3
[2024-01-14 15:24:44,942][utils.py][line:105][INFO] EarlyStopping counter: 19 out of 100
[2024-01-14 15:24:59,289][trainer.py][line:146][INFO] Epoch:[32/100]	 Train loss=0.0541870	 Vali Loss=0.0702122	 Cost time=14.3
[2024-01-14 15:24:59,289][utils.py][line:105][INFO] EarlyStopping counter: 20 out of 100
[2024-01-14 15:25:13,610][trainer.py][line:146][INFO] Epoch:[33/100]	 Train loss=0.0567928	 Vali Loss=0.0720311	 Cost time=14.3
[2024-01-14 15:25:13,610][utils.py][line:105][INFO] EarlyStopping counter: 21 out of 100
[2024-01-14 15:25:27,959][trainer.py][line:146][INFO] Epoch:[34/100]	 Train loss=0.0598643	 Vali Loss=0.0810466	 Cost time=14.3
[2024-01-14 15:25:27,959][utils.py][line:105][INFO] EarlyStopping counter: 22 out of 100
[2024-01-14 15:25:42,476][trainer.py][line:146][INFO] Epoch:[35/100]	 Train loss=0.0690341	 Vali Loss=0.0741085	 Cost time=14.5
[2024-01-14 15:25:42,476][utils.py][line:105][INFO] EarlyStopping counter: 23 out of 100
[2024-01-14 15:25:56,827][trainer.py][line:146][INFO] Epoch:[36/100]	 Train loss=0.0555193	 Vali Loss=0.0691484	 Cost time=14.3
[2024-01-14 15:25:56,827][utils.py][line:105][INFO] EarlyStopping counter: 24 out of 100
[2024-01-14 15:26:11,799][trainer.py][line:146][INFO] Epoch:[37/100]	 Train loss=0.0536632	 Vali Loss=0.0690721	 Cost time=15.0
[2024-01-14 15:26:11,799][utils.py][line:105][INFO] EarlyStopping counter: 25 out of 100
[2024-01-14 15:26:26,749][trainer.py][line:146][INFO] Epoch:[38/100]	 Train loss=0.0617089	 Vali Loss=0.0694313	 Cost time=14.9
[2024-01-14 15:26:26,749][utils.py][line:105][INFO] EarlyStopping counter: 26 out of 100
[2024-01-14 15:26:42,015][trainer.py][line:146][INFO] Epoch:[39/100]	 Train loss=0.0623110	 Vali Loss=0.0714687	 Cost time=15.3
[2024-01-14 15:26:42,015][utils.py][line:105][INFO] EarlyStopping counter: 27 out of 100
[2024-01-14 15:26:56,974][trainer.py][line:146][INFO] Epoch:[40/100]	 Train loss=0.0620792	 Vali Loss=0.0778793	 Cost time=15.0
[2024-01-14 15:26:56,974][utils.py][line:105][INFO] EarlyStopping counter: 28 out of 100
[2024-01-14 15:27:11,996][trainer.py][line:146][INFO] Epoch:[41/100]	 Train loss=0.0614792	 Vali Loss=0.0690281	 Cost time=15.0
[2024-01-14 15:27:11,997][utils.py][line:105][INFO] EarlyStopping counter: 29 out of 100
[2024-01-14 15:27:27,249][trainer.py][line:146][INFO] Epoch:[42/100]	 Train loss=0.0549251	 Vali Loss=0.0700372	 Cost time=15.3
[2024-01-14 15:27:27,249][utils.py][line:105][INFO] EarlyStopping counter: 30 out of 100
[2024-01-14 15:27:42,314][trainer.py][line:146][INFO] Epoch:[43/100]	 Train loss=0.0536401	 Vali Loss=0.0683830	 Cost time=15.1
[2024-01-14 15:27:57,378][trainer.py][line:146][INFO] Epoch:[44/100]	 Train loss=0.0555972	 Vali Loss=0.0696471	 Cost time=15.1
[2024-01-14 15:27:57,378][utils.py][line:105][INFO] EarlyStopping counter: 1 out of 100
[2024-01-14 15:28:12,386][trainer.py][line:146][INFO] Epoch:[45/100]	 Train loss=0.0533534	 Vali Loss=0.0708956	 Cost time=15.0
[2024-01-14 15:28:12,387][utils.py][line:105][INFO] EarlyStopping counter: 2 out of 100
[2024-01-14 15:28:27,383][trainer.py][line:146][INFO] Epoch:[46/100]	 Train loss=0.0524687	 Vali Loss=0.0667783	 Cost time=15.0
[2024-01-14 15:28:42,433][trainer.py][line:146][INFO] Epoch:[47/100]	 Train loss=0.0500147	 Vali Loss=0.0676319	 Cost time=15.0
[2024-01-14 15:28:42,433][utils.py][line:105][INFO] EarlyStopping counter: 1 out of 100
[2024-01-14 15:28:57,646][trainer.py][line:146][INFO] Epoch:[48/100]	 Train loss=0.0522359	 Vali Loss=0.0677083	 Cost time=15.2
[2024-01-14 15:28:57,646][utils.py][line:105][INFO] EarlyStopping counter: 2 out of 100
[2024-01-14 15:29:12,685][trainer.py][line:146][INFO] Epoch:[49/100]	 Train loss=0.0507481	 Vali Loss=0.0663503	 Cost time=15.0
[2024-01-14 15:29:27,649][trainer.py][line:146][INFO] Epoch:[50/100]	 Train loss=0.0501394	 Vali Loss=0.0665600	 Cost time=15.0
[2024-01-14 15:29:27,649][utils.py][line:105][INFO] EarlyStopping counter: 1 out of 100
[2024-01-14 15:29:42,674][trainer.py][line:146][INFO] Epoch:[51/100]	 Train loss=0.0473207	 Vali Loss=0.0661690	 Cost time=15.0
[2024-01-14 15:29:57,846][trainer.py][line:146][INFO] Epoch:[52/100]	 Train loss=0.0466109	 Vali Loss=0.0678490	 Cost time=15.2
[2024-01-14 15:29:57,846][utils.py][line:105][INFO] EarlyStopping counter: 1 out of 100
[2024-01-14 15:30:12,825][trainer.py][line:146][INFO] Epoch:[53/100]	 Train loss=0.0467872	 Vali Loss=0.0671537	 Cost time=15.0
[2024-01-14 15:30:12,825][utils.py][line:105][INFO] EarlyStopping counter: 2 out of 100
[2024-01-14 15:30:27,806][trainer.py][line:146][INFO] Epoch:[54/100]	 Train loss=0.0469846	 Vali Loss=0.0684137	 Cost time=15.0
[2024-01-14 15:30:27,806][utils.py][line:105][INFO] EarlyStopping counter: 3 out of 100
[2024-01-14 15:30:42,738][trainer.py][line:146][INFO] Epoch:[55/100]	 Train loss=0.0480031	 Vali Loss=0.0697952	 Cost time=14.9
[2024-01-14 15:30:42,738][utils.py][line:105][INFO] EarlyStopping counter: 4 out of 100
[2024-01-14 15:30:57,734][trainer.py][line:146][INFO] Epoch:[56/100]	 Train loss=0.0497057	 Vali Loss=0.0686617	 Cost time=15.0
[2024-01-14 15:30:57,734][utils.py][line:105][INFO] EarlyStopping counter: 5 out of 100
[2024-01-14 15:31:12,894][trainer.py][line:146][INFO] Epoch:[57/100]	 Train loss=0.0474040	 Vali Loss=0.0687528	 Cost time=15.2
[2024-01-14 15:31:12,895][utils.py][line:105][INFO] EarlyStopping counter: 6 out of 100
[2024-01-14 15:31:27,826][trainer.py][line:146][INFO] Epoch:[58/100]	 Train loss=0.0470828	 Vali Loss=0.0668456	 Cost time=14.9
[2024-01-14 15:31:27,826][utils.py][line:105][INFO] EarlyStopping counter: 7 out of 100
[2024-01-14 15:31:42,773][trainer.py][line:146][INFO] Epoch:[59/100]	 Train loss=0.0457102	 Vali Loss=0.0669258	 Cost time=14.9
[2024-01-14 15:31:42,773][utils.py][line:105][INFO] EarlyStopping counter: 8 out of 100
[2024-01-14 15:31:57,616][trainer.py][line:146][INFO] Epoch:[60/100]	 Train loss=0.0457344	 Vali Loss=0.0687346	 Cost time=14.8
[2024-01-14 15:31:57,616][utils.py][line:105][INFO] EarlyStopping counter: 9 out of 100
[2024-01-14 15:32:12,188][trainer.py][line:146][INFO] Epoch:[61/100]	 Train loss=0.0451588	 Vali Loss=0.0672384	 Cost time=14.6
[2024-01-14 15:32:12,188][utils.py][line:105][INFO] EarlyStopping counter: 10 out of 100
[2024-01-14 15:32:26,586][trainer.py][line:146][INFO] Epoch:[62/100]	 Train loss=0.0446788	 Vali Loss=0.0676618	 Cost time=14.4
[2024-01-14 15:32:26,586][utils.py][line:105][INFO] EarlyStopping counter: 11 out of 100
[2024-01-14 15:32:40,955][trainer.py][line:146][INFO] Epoch:[63/100]	 Train loss=0.0444464	 Vali Loss=0.0670020	 Cost time=14.4
[2024-01-14 15:32:40,955][utils.py][line:105][INFO] EarlyStopping counter: 12 out of 100
[2024-01-14 15:32:55,332][trainer.py][line:146][INFO] Epoch:[64/100]	 Train loss=0.0450343	 Vali Loss=0.0673337	 Cost time=14.4
[2024-01-14 15:32:55,332][utils.py][line:105][INFO] EarlyStopping counter: 13 out of 100
[2024-01-14 15:33:09,948][trainer.py][line:146][INFO] Epoch:[65/100]	 Train loss=0.0446195	 Vali Loss=0.0664679	 Cost time=14.6
[2024-01-14 15:33:09,948][utils.py][line:105][INFO] EarlyStopping counter: 14 out of 100
[2024-01-14 15:33:24,867][trainer.py][line:146][INFO] Epoch:[66/100]	 Train loss=0.0446459	 Vali Loss=0.0668785	 Cost time=14.9
[2024-01-14 15:33:24,867][utils.py][line:105][INFO] EarlyStopping counter: 15 out of 100
[2024-01-14 15:33:39,222][trainer.py][line:146][INFO] Epoch:[67/100]	 Train loss=0.0456905	 Vali Loss=0.0664924	 Cost time=14.4
[2024-01-14 15:33:39,222][utils.py][line:105][INFO] EarlyStopping counter: 16 out of 100
[2024-01-14 15:33:53,595][trainer.py][line:146][INFO] Epoch:[68/100]	 Train loss=0.0447830	 Vali Loss=0.0685038	 Cost time=14.4
[2024-01-14 15:33:53,595][utils.py][line:105][INFO] EarlyStopping counter: 17 out of 100
[2024-01-14 15:34:07,930][trainer.py][line:146][INFO] Epoch:[69/100]	 Train loss=0.0464148	 Vali Loss=0.0676834	 Cost time=14.3
[2024-01-14 15:34:07,931][utils.py][line:105][INFO] EarlyStopping counter: 18 out of 100
[2024-01-14 15:34:22,522][trainer.py][line:146][INFO] Epoch:[70/100]	 Train loss=0.0451627	 Vali Loss=0.0668550	 Cost time=14.6
[2024-01-14 15:34:22,522][utils.py][line:105][INFO] EarlyStopping counter: 19 out of 100
[2024-01-14 15:34:36,909][trainer.py][line:146][INFO] Epoch:[71/100]	 Train loss=0.0440064	 Vali Loss=0.0662776	 Cost time=14.4
[2024-01-14 15:34:36,909][utils.py][line:105][INFO] EarlyStopping counter: 20 out of 100
[2024-01-14 15:34:51,306][trainer.py][line:146][INFO] Epoch:[72/100]	 Train loss=0.0439824	 Vali Loss=0.0675233	 Cost time=14.4
[2024-01-14 15:34:51,306][utils.py][line:105][INFO] EarlyStopping counter: 21 out of 100
[2024-01-14 15:35:05,691][trainer.py][line:146][INFO] Epoch:[73/100]	 Train loss=0.0438074	 Vali Loss=0.0672257	 Cost time=14.4
[2024-01-14 15:35:05,691][utils.py][line:105][INFO] EarlyStopping counter: 22 out of 100
[2024-01-14 15:35:20,074][trainer.py][line:146][INFO] Epoch:[74/100]	 Train loss=0.0440587	 Vali Loss=0.0667699	 Cost time=14.4
[2024-01-14 15:35:20,074][utils.py][line:105][INFO] EarlyStopping counter: 23 out of 100
[2024-01-14 15:35:34,594][trainer.py][line:146][INFO] Epoch:[75/100]	 Train loss=0.0438021	 Vali Loss=0.0685502	 Cost time=14.5
[2024-01-14 15:35:34,594][utils.py][line:105][INFO] EarlyStopping counter: 24 out of 100
[2024-01-14 15:35:48,956][trainer.py][line:146][INFO] Epoch:[76/100]	 Train loss=0.0455675	 Vali Loss=0.0667182	 Cost time=14.4
[2024-01-14 15:35:48,957][utils.py][line:105][INFO] EarlyStopping counter: 25 out of 100
[2024-01-14 15:36:03,331][trainer.py][line:146][INFO] Epoch:[77/100]	 Train loss=0.0438447	 Vali Loss=0.0665579	 Cost time=14.4
[2024-01-14 15:36:03,332][utils.py][line:105][INFO] EarlyStopping counter: 26 out of 100
[2024-01-14 15:36:17,711][trainer.py][line:146][INFO] Epoch:[78/100]	 Train loss=0.0438801	 Vali Loss=0.0662473	 Cost time=14.4
[2024-01-14 15:36:17,711][utils.py][line:105][INFO] EarlyStopping counter: 27 out of 100
[2024-01-14 15:36:32,191][trainer.py][line:146][INFO] Epoch:[79/100]	 Train loss=0.0445702	 Vali Loss=0.0663845	 Cost time=14.5
[2024-01-14 15:36:32,191][utils.py][line:105][INFO] EarlyStopping counter: 28 out of 100
[2024-01-14 15:36:46,545][trainer.py][line:146][INFO] Epoch:[80/100]	 Train loss=0.0438086	 Vali Loss=0.0671627	 Cost time=14.4
[2024-01-14 15:36:46,545][utils.py][line:105][INFO] EarlyStopping counter: 29 out of 100
[2024-01-14 15:37:00,918][trainer.py][line:146][INFO] Epoch:[81/100]	 Train loss=0.0434145	 Vali Loss=0.0664168	 Cost time=14.4
[2024-01-14 15:37:00,918][utils.py][line:105][INFO] EarlyStopping counter: 30 out of 100
[2024-01-14 15:37:15,345][trainer.py][line:146][INFO] Epoch:[82/100]	 Train loss=0.0442901	 Vali Loss=0.0660589	 Cost time=14.4
[2024-01-14 15:37:29,726][trainer.py][line:146][INFO] Epoch:[83/100]	 Train loss=0.0434133	 Vali Loss=0.0661541	 Cost time=14.4
[2024-01-14 15:37:29,726][utils.py][line:105][INFO] EarlyStopping counter: 1 out of 100
[2024-01-14 15:37:44,220][trainer.py][line:146][INFO] Epoch:[84/100]	 Train loss=0.0432794	 Vali Loss=0.0662766	 Cost time=14.5
[2024-01-14 15:37:44,221][utils.py][line:105][INFO] EarlyStopping counter: 2 out of 100
[2024-01-14 15:37:58,585][trainer.py][line:146][INFO] Epoch:[85/100]	 Train loss=0.0431309	 Vali Loss=0.0661726	 Cost time=14.4
[2024-01-14 15:37:58,585][utils.py][line:105][INFO] EarlyStopping counter: 3 out of 100
[2024-01-14 15:38:12,970][trainer.py][line:146][INFO] Epoch:[86/100]	 Train loss=0.0432378	 Vali Loss=0.0663905	 Cost time=14.4
[2024-01-14 15:38:12,970][utils.py][line:105][INFO] EarlyStopping counter: 4 out of 100
[2024-01-14 15:38:27,353][trainer.py][line:146][INFO] Epoch:[87/100]	 Train loss=0.0431594	 Vali Loss=0.0665152	 Cost time=14.4
[2024-01-14 15:38:27,353][utils.py][line:105][INFO] EarlyStopping counter: 5 out of 100
[2024-01-14 15:38:41,831][trainer.py][line:146][INFO] Epoch:[88/100]	 Train loss=0.0431732	 Vali Loss=0.0664317	 Cost time=14.5
[2024-01-14 15:38:41,831][utils.py][line:105][INFO] EarlyStopping counter: 6 out of 100
[2024-01-14 15:38:56,223][trainer.py][line:146][INFO] Epoch:[89/100]	 Train loss=0.0431084	 Vali Loss=0.0660854	 Cost time=14.4
[2024-01-14 15:38:56,223][utils.py][line:105][INFO] EarlyStopping counter: 7 out of 100
[2024-01-14 15:39:10,620][trainer.py][line:146][INFO] Epoch:[90/100]	 Train loss=0.0431061	 Vali Loss=0.0661677	 Cost time=14.4
[2024-01-14 15:39:10,620][utils.py][line:105][INFO] EarlyStopping counter: 8 out of 100
[2024-01-14 15:39:25,043][trainer.py][line:146][INFO] Epoch:[91/100]	 Train loss=0.0431570	 Vali Loss=0.0663792	 Cost time=14.4
[2024-01-14 15:39:25,043][utils.py][line:105][INFO] EarlyStopping counter: 9 out of 100
[2024-01-14 15:39:39,425][trainer.py][line:146][INFO] Epoch:[92/100]	 Train loss=0.0430374	 Vali Loss=0.0663915	 Cost time=14.4
[2024-01-14 15:39:39,425][utils.py][line:105][INFO] EarlyStopping counter: 10 out of 100
[2024-01-14 15:39:53,893][trainer.py][line:146][INFO] Epoch:[93/100]	 Train loss=0.0429271	 Vali Loss=0.0660621	 Cost time=14.5
[2024-01-14 15:39:53,894][utils.py][line:105][INFO] EarlyStopping counter: 11 out of 100
[2024-01-14 15:40:08,259][trainer.py][line:146][INFO] Epoch:[94/100]	 Train loss=0.0429398	 Vali Loss=0.0662845	 Cost time=14.4
[2024-01-14 15:40:08,260][utils.py][line:105][INFO] EarlyStopping counter: 12 out of 100
[2024-01-14 15:40:22,652][trainer.py][line:146][INFO] Epoch:[95/100]	 Train loss=0.0429248	 Vali Loss=0.0662190	 Cost time=14.4
[2024-01-14 15:40:22,652][utils.py][line:105][INFO] EarlyStopping counter: 13 out of 100
[2024-01-14 15:40:37,028][trainer.py][line:146][INFO] Epoch:[96/100]	 Train loss=0.0429196	 Vali Loss=0.0661826	 Cost time=14.4
[2024-01-14 15:40:37,029][utils.py][line:105][INFO] EarlyStopping counter: 14 out of 100
[2024-01-14 15:40:51,434][trainer.py][line:146][INFO] Epoch:[97/100]	 Train loss=0.0428719	 Vali Loss=0.0661161	 Cost time=14.4
[2024-01-14 15:40:51,435][utils.py][line:105][INFO] EarlyStopping counter: 15 out of 100
[2024-01-14 15:41:05,931][trainer.py][line:146][INFO] Epoch:[98/100]	 Train loss=0.0430454	 Vali Loss=0.0663458	 Cost time=14.5
[2024-01-14 15:41:05,931][utils.py][line:105][INFO] EarlyStopping counter: 16 out of 100
[2024-01-14 15:41:20,334][trainer.py][line:146][INFO] Epoch:[99/100]	 Train loss=0.0429058	 Vali Loss=0.0664221	 Cost time=14.4
[2024-01-14 15:41:20,334][utils.py][line:105][INFO] EarlyStopping counter: 17 out of 100
[2024-01-14 15:41:34,699][trainer.py][line:146][INFO] Epoch:[100/100]	 Train loss=0.0428404	 Vali Loss=0.0664047	 Cost time=14.4
[2024-01-14 15:41:34,700][utils.py][line:105][INFO] EarlyStopping counter: 18 out of 100
[2024-01-14 15:41:34,977][trainer.py][line:163][INFO] Finish training!
[2024-01-14 15:41:34,978][trainer.py][line:219][INFO] loading model...
[2024-01-14 15:41:35,896][utils.py][line:147][INFO] Test MSE:  187367.8906   |  Test RMSE:  432.8601   |  Test MAE:  266.2577   |  Test R2:  0.8857|
[2024-01-14 15:41:36,124][utils.py][line:147][INFO] Test MSE:  582951.3125   |  Test RMSE:  763.5125   |  Test MAE:  419.6217   |  Test R2:  0.8375|
[2024-01-14 15:41:36,351][utils.py][line:147][INFO] Test MSE:  122510.4453   |  Test RMSE:  350.0149   |  Test MAE:  202.7352   |  Test R2:  0.9081|
[2024-01-14 15:41:36,548][utils.py][line:147][INFO] Test MSE:  39720.5078   |  Test RMSE:  199.3000   |  Test MAE:  135.8515   |  Test R2:  0.6733|
[2024-01-14 15:41:36,756][utils.py][line:147][INFO] Test MSE:  20064.9180   |  Test RMSE:  141.6507   |  Test MAE:  22.8375   |  Test R2:  0.5951|
[2024-01-14 15:41:36,756][trainer.py][line:219][INFO] loading model...
[2024-01-14 15:41:37,659][utils.py][line:147][INFO] Test MSE:  187437.1719   |  Test RMSE:  432.9402   |  Test MAE:  265.3832   |  Test R2:  0.8856|
[2024-01-14 15:41:37,864][utils.py][line:147][INFO] Test MSE:  580576.3125   |  Test RMSE:  761.9556   |  Test MAE:  418.9003   |  Test R2:  0.8382|
[2024-01-14 15:41:38,088][utils.py][line:147][INFO] Test MSE:  122713.4766   |  Test RMSE:  350.3048   |  Test MAE:  202.2963   |  Test R2:  0.9079|
[2024-01-14 15:41:38,285][utils.py][line:147][INFO] Test MSE:  40067.7305   |  Test RMSE:  200.1693   |  Test MAE:  135.9103   |  Test R2:  0.6705|
[2024-01-14 15:41:38,492][utils.py][line:147][INFO] Test MSE:  20220.8086   |  Test RMSE:  142.1999   |  Test MAE:  24.2212   |  Test R2:  0.5919|
