[2023-12-09 20:31:37,566][trainer.py][line:81][INFO] -----Start training-----
[2023-12-09 20:31:46,027][trainer.py][line:143][INFO] Epoch:[1/100]	 Train loss=0.2393246	 Vali Loss=0.0889636	 Cost time=8.5
[2023-12-09 20:31:54,238][trainer.py][line:143][INFO] Epoch:[2/100]	 Train loss=0.1628872	 Vali Loss=0.0916636	 Cost time=8.2
[2023-12-09 20:31:54,238][utils.py][line:105][INFO] EarlyStopping counter: 1 out of 100
[2023-12-09 20:32:02,467][trainer.py][line:143][INFO] Epoch:[3/100]	 Train loss=0.1581196	 Vali Loss=0.0847660	 Cost time=8.2
[2023-12-09 20:32:10,651][trainer.py][line:143][INFO] Epoch:[4/100]	 Train loss=0.1606528	 Vali Loss=0.0655875	 Cost time=8.2
[2023-12-09 20:32:18,791][trainer.py][line:143][INFO] Epoch:[5/100]	 Train loss=0.1514667	 Vali Loss=0.0687583	 Cost time=8.1
[2023-12-09 20:32:18,813][utils.py][line:105][INFO] EarlyStopping counter: 1 out of 100
[2023-12-09 20:32:27,140][trainer.py][line:143][INFO] Epoch:[6/100]	 Train loss=0.1594152	 Vali Loss=0.0702948	 Cost time=8.3
[2023-12-09 20:32:27,140][utils.py][line:105][INFO] EarlyStopping counter: 2 out of 100
[2023-12-09 20:32:35,366][trainer.py][line:143][INFO] Epoch:[7/100]	 Train loss=0.1403129	 Vali Loss=0.0816478	 Cost time=8.2
[2023-12-09 20:32:35,366][utils.py][line:105][INFO] EarlyStopping counter: 3 out of 100
[2023-12-09 20:32:43,541][trainer.py][line:143][INFO] Epoch:[8/100]	 Train loss=0.1530865	 Vali Loss=0.1022171	 Cost time=8.2
[2023-12-09 20:32:43,541][utils.py][line:105][INFO] EarlyStopping counter: 4 out of 100
[2023-12-09 20:32:51,713][trainer.py][line:143][INFO] Epoch:[9/100]	 Train loss=0.1318104	 Vali Loss=0.0904375	 Cost time=8.2
[2023-12-09 20:32:51,713][utils.py][line:105][INFO] EarlyStopping counter: 5 out of 100
[2023-12-09 20:32:59,897][trainer.py][line:143][INFO] Epoch:[10/100]	 Train loss=0.1506010	 Vali Loss=0.0686790	 Cost time=8.2
[2023-12-09 20:32:59,898][utils.py][line:105][INFO] EarlyStopping counter: 6 out of 100
[2023-12-09 20:33:08,449][trainer.py][line:143][INFO] Epoch:[11/100]	 Train loss=0.1169419	 Vali Loss=0.0582089	 Cost time=8.6
[2023-12-09 20:33:16,670][trainer.py][line:143][INFO] Epoch:[12/100]	 Train loss=0.1229277	 Vali Loss=0.0641393	 Cost time=8.2
[2023-12-09 20:33:16,670][utils.py][line:105][INFO] EarlyStopping counter: 1 out of 100
[2023-12-09 20:33:24,831][trainer.py][line:143][INFO] Epoch:[13/100]	 Train loss=0.1240704	 Vali Loss=0.0645644	 Cost time=8.2
[2023-12-09 20:33:24,831][utils.py][line:105][INFO] EarlyStopping counter: 2 out of 100
[2023-12-09 20:33:33,152][trainer.py][line:143][INFO] Epoch:[14/100]	 Train loss=0.1316648	 Vali Loss=0.0591555	 Cost time=8.3
[2023-12-09 20:33:33,153][utils.py][line:105][INFO] EarlyStopping counter: 3 out of 100
[2023-12-09 20:33:41,555][trainer.py][line:143][INFO] Epoch:[15/100]	 Train loss=0.1231774	 Vali Loss=0.0696246	 Cost time=8.4
[2023-12-09 20:33:41,555][utils.py][line:105][INFO] EarlyStopping counter: 4 out of 100
[2023-12-09 20:33:49,709][trainer.py][line:143][INFO] Epoch:[16/100]	 Train loss=0.1301031	 Vali Loss=0.0861511	 Cost time=8.2
[2023-12-09 20:33:49,709][utils.py][line:105][INFO] EarlyStopping counter: 5 out of 100
[2023-12-09 20:33:57,903][trainer.py][line:143][INFO] Epoch:[17/100]	 Train loss=0.1239889	 Vali Loss=0.0646043	 Cost time=8.2
[2023-12-09 20:33:57,903][utils.py][line:105][INFO] EarlyStopping counter: 6 out of 100
[2023-12-09 20:34:06,073][trainer.py][line:143][INFO] Epoch:[18/100]	 Train loss=0.1185658	 Vali Loss=0.0635381	 Cost time=8.2
[2023-12-09 20:34:06,073][utils.py][line:105][INFO] EarlyStopping counter: 7 out of 100
[2023-12-09 20:34:14,241][trainer.py][line:143][INFO] Epoch:[19/100]	 Train loss=0.1236503	 Vali Loss=0.0648564	 Cost time=8.2
[2023-12-09 20:34:14,241][utils.py][line:105][INFO] EarlyStopping counter: 8 out of 100
[2023-12-09 20:34:22,426][trainer.py][line:143][INFO] Epoch:[20/100]	 Train loss=0.1215548	 Vali Loss=0.0703122	 Cost time=8.2
[2023-12-09 20:34:22,426][utils.py][line:105][INFO] EarlyStopping counter: 9 out of 100
[2023-12-09 20:34:30,636][trainer.py][line:143][INFO] Epoch:[21/100]	 Train loss=0.1111337	 Vali Loss=0.0644613	 Cost time=8.2
[2023-12-09 20:34:30,636][utils.py][line:105][INFO] EarlyStopping counter: 10 out of 100
[2023-12-09 20:34:38,997][trainer.py][line:143][INFO] Epoch:[22/100]	 Train loss=0.1116309	 Vali Loss=0.0612099	 Cost time=8.4
[2023-12-09 20:34:38,997][utils.py][line:105][INFO] EarlyStopping counter: 11 out of 100
[2023-12-09 20:34:47,215][trainer.py][line:143][INFO] Epoch:[23/100]	 Train loss=0.1105716	 Vali Loss=0.0583447	 Cost time=8.2
[2023-12-09 20:34:47,215][utils.py][line:105][INFO] EarlyStopping counter: 12 out of 100
[2023-12-09 20:34:55,383][trainer.py][line:143][INFO] Epoch:[24/100]	 Train loss=0.1099690	 Vali Loss=0.0548047	 Cost time=8.2
[2023-12-09 20:35:03,585][trainer.py][line:143][INFO] Epoch:[25/100]	 Train loss=0.1119558	 Vali Loss=0.0582233	 Cost time=8.2
[2023-12-09 20:35:03,585][utils.py][line:105][INFO] EarlyStopping counter: 1 out of 100
[2023-12-09 20:35:11,757][trainer.py][line:143][INFO] Epoch:[26/100]	 Train loss=0.1128645	 Vali Loss=0.0591241	 Cost time=8.2
[2023-12-09 20:35:11,757][utils.py][line:105][INFO] EarlyStopping counter: 2 out of 100
[2023-12-09 20:35:19,926][trainer.py][line:143][INFO] Epoch:[27/100]	 Train loss=0.1191762	 Vali Loss=0.0562264	 Cost time=8.2
[2023-12-09 20:35:19,927][utils.py][line:105][INFO] EarlyStopping counter: 3 out of 100
[2023-12-09 20:35:28,132][trainer.py][line:143][INFO] Epoch:[28/100]	 Train loss=0.1122672	 Vali Loss=0.0576569	 Cost time=8.2
[2023-12-09 20:35:28,132][utils.py][line:105][INFO] EarlyStopping counter: 4 out of 100
[2023-12-09 20:35:36,281][trainer.py][line:143][INFO] Epoch:[29/100]	 Train loss=0.1086016	 Vali Loss=0.0557880	 Cost time=8.1
[2023-12-09 20:35:36,281][utils.py][line:105][INFO] EarlyStopping counter: 5 out of 100
[2023-12-09 20:35:44,604][trainer.py][line:143][INFO] Epoch:[30/100]	 Train loss=0.1098523	 Vali Loss=0.0621172	 Cost time=8.3
[2023-12-09 20:35:44,604][utils.py][line:105][INFO] EarlyStopping counter: 6 out of 100
[2023-12-09 20:35:52,759][trainer.py][line:143][INFO] Epoch:[31/100]	 Train loss=0.1065783	 Vali Loss=0.0543047	 Cost time=8.2
[2023-12-09 20:36:01,503][trainer.py][line:143][INFO] Epoch:[32/100]	 Train loss=0.1054365	 Vali Loss=0.0551937	 Cost time=8.7
[2023-12-09 20:36:01,503][utils.py][line:105][INFO] EarlyStopping counter: 1 out of 100
[2023-12-09 20:36:09,728][trainer.py][line:143][INFO] Epoch:[33/100]	 Train loss=0.1063698	 Vali Loss=0.0565648	 Cost time=8.2
[2023-12-09 20:36:09,728][utils.py][line:105][INFO] EarlyStopping counter: 2 out of 100
[2023-12-09 20:36:17,928][trainer.py][line:143][INFO] Epoch:[34/100]	 Train loss=0.1064351	 Vali Loss=0.0577078	 Cost time=8.2
[2023-12-09 20:36:17,928][utils.py][line:105][INFO] EarlyStopping counter: 3 out of 100
[2023-12-09 20:36:26,089][trainer.py][line:143][INFO] Epoch:[35/100]	 Train loss=0.1066742	 Vali Loss=0.0558192	 Cost time=8.2
[2023-12-09 20:36:26,089][utils.py][line:105][INFO] EarlyStopping counter: 4 out of 100
[2023-12-09 20:36:34,277][trainer.py][line:143][INFO] Epoch:[36/100]	 Train loss=0.1059364	 Vali Loss=0.0594020	 Cost time=8.2
[2023-12-09 20:36:34,277][utils.py][line:105][INFO] EarlyStopping counter: 5 out of 100
[2023-12-09 20:36:42,441][trainer.py][line:143][INFO] Epoch:[37/100]	 Train loss=0.1058812	 Vali Loss=0.0553262	 Cost time=8.2
[2023-12-09 20:36:42,441][utils.py][line:105][INFO] EarlyStopping counter: 6 out of 100
[2023-12-09 20:36:50,820][trainer.py][line:143][INFO] Epoch:[38/100]	 Train loss=0.1061428	 Vali Loss=0.0549523	 Cost time=8.4
[2023-12-09 20:36:50,820][utils.py][line:105][INFO] EarlyStopping counter: 7 out of 100
[2023-12-09 20:36:59,047][trainer.py][line:143][INFO] Epoch:[39/100]	 Train loss=0.1052789	 Vali Loss=0.0605478	 Cost time=8.2
[2023-12-09 20:36:59,047][utils.py][line:105][INFO] EarlyStopping counter: 8 out of 100
[2023-12-09 20:37:07,243][trainer.py][line:143][INFO] Epoch:[40/100]	 Train loss=0.1085005	 Vali Loss=0.0577247	 Cost time=8.2
[2023-12-09 20:37:07,243][utils.py][line:105][INFO] EarlyStopping counter: 9 out of 100
[2023-12-09 20:37:15,428][trainer.py][line:143][INFO] Epoch:[41/100]	 Train loss=0.1039030	 Vali Loss=0.0567275	 Cost time=8.2
[2023-12-09 20:37:15,428][utils.py][line:105][INFO] EarlyStopping counter: 10 out of 100
[2023-12-09 20:37:23,590][trainer.py][line:143][INFO] Epoch:[42/100]	 Train loss=0.1039492	 Vali Loss=0.0556661	 Cost time=8.2
[2023-12-09 20:37:23,591][utils.py][line:105][INFO] EarlyStopping counter: 11 out of 100
[2023-12-09 20:37:31,774][trainer.py][line:143][INFO] Epoch:[43/100]	 Train loss=0.1027191	 Vali Loss=0.0552173	 Cost time=8.2
[2023-12-09 20:37:31,774][utils.py][line:105][INFO] EarlyStopping counter: 12 out of 100
[2023-12-09 20:37:39,988][trainer.py][line:143][INFO] Epoch:[44/100]	 Train loss=0.1040873	 Vali Loss=0.0553388	 Cost time=8.2
[2023-12-09 20:37:39,988][utils.py][line:105][INFO] EarlyStopping counter: 13 out of 100
[2023-12-09 20:37:48,146][trainer.py][line:143][INFO] Epoch:[45/100]	 Train loss=0.1027275	 Vali Loss=0.0553969	 Cost time=8.2
[2023-12-09 20:37:48,146][utils.py][line:105][INFO] EarlyStopping counter: 14 out of 100
[2023-12-09 20:37:56,427][trainer.py][line:143][INFO] Epoch:[46/100]	 Train loss=0.1037637	 Vali Loss=0.0567046	 Cost time=8.3
[2023-12-09 20:37:56,427][utils.py][line:105][INFO] EarlyStopping counter: 15 out of 100
[2023-12-09 20:38:04,631][trainer.py][line:143][INFO] Epoch:[47/100]	 Train loss=0.1036736	 Vali Loss=0.0550313	 Cost time=8.2
[2023-12-09 20:38:04,631][utils.py][line:105][INFO] EarlyStopping counter: 16 out of 100
[2023-12-09 20:38:12,812][trainer.py][line:143][INFO] Epoch:[48/100]	 Train loss=0.1040231	 Vali Loss=0.0545028	 Cost time=8.2
[2023-12-09 20:38:12,812][utils.py][line:105][INFO] EarlyStopping counter: 17 out of 100
[2023-12-09 20:38:21,008][trainer.py][line:143][INFO] Epoch:[49/100]	 Train loss=0.1028630	 Vali Loss=0.0547900	 Cost time=8.2
[2023-12-09 20:38:21,008][utils.py][line:105][INFO] EarlyStopping counter: 18 out of 100
[2023-12-09 20:38:29,164][trainer.py][line:143][INFO] Epoch:[50/100]	 Train loss=0.1045915	 Vali Loss=0.0549669	 Cost time=8.2
[2023-12-09 20:38:29,164][utils.py][line:105][INFO] EarlyStopping counter: 19 out of 100
[2023-12-09 20:38:37,353][trainer.py][line:143][INFO] Epoch:[51/100]	 Train loss=0.1029440	 Vali Loss=0.0552214	 Cost time=8.2
[2023-12-09 20:38:37,353][utils.py][line:105][INFO] EarlyStopping counter: 20 out of 100
[2023-12-09 20:38:45,530][trainer.py][line:143][INFO] Epoch:[52/100]	 Train loss=0.1023023	 Vali Loss=0.0547231	 Cost time=8.2
[2023-12-09 20:38:45,531][utils.py][line:105][INFO] EarlyStopping counter: 21 out of 100
[2023-12-09 20:38:53,701][trainer.py][line:143][INFO] Epoch:[53/100]	 Train loss=0.1021439	 Vali Loss=0.0549780	 Cost time=8.2
[2023-12-09 20:38:53,701][utils.py][line:105][INFO] EarlyStopping counter: 22 out of 100
[2023-12-09 20:39:02,019][trainer.py][line:143][INFO] Epoch:[54/100]	 Train loss=0.1021264	 Vali Loss=0.0560906	 Cost time=8.3
[2023-12-09 20:39:02,019][utils.py][line:105][INFO] EarlyStopping counter: 23 out of 100
[2023-12-09 20:39:10,197][trainer.py][line:143][INFO] Epoch:[55/100]	 Train loss=0.1020366	 Vali Loss=0.0553588	 Cost time=8.2
[2023-12-09 20:39:10,197][utils.py][line:105][INFO] EarlyStopping counter: 24 out of 100
[2023-12-09 20:39:18,343][trainer.py][line:143][INFO] Epoch:[56/100]	 Train loss=0.1020208	 Vali Loss=0.0557970	 Cost time=8.1
[2023-12-09 20:39:18,344][utils.py][line:105][INFO] EarlyStopping counter: 25 out of 100
[2023-12-09 20:39:26,512][trainer.py][line:143][INFO] Epoch:[57/100]	 Train loss=0.1027583	 Vali Loss=0.0565722	 Cost time=8.2
[2023-12-09 20:39:26,512][utils.py][line:105][INFO] EarlyStopping counter: 26 out of 100
[2023-12-09 20:39:34,698][trainer.py][line:143][INFO] Epoch:[58/100]	 Train loss=0.1022439	 Vali Loss=0.0552680	 Cost time=8.2
[2023-12-09 20:39:34,698][utils.py][line:105][INFO] EarlyStopping counter: 27 out of 100
[2023-12-09 20:39:42,858][trainer.py][line:143][INFO] Epoch:[59/100]	 Train loss=0.1019726	 Vali Loss=0.0554023	 Cost time=8.2
[2023-12-09 20:39:42,858][utils.py][line:105][INFO] EarlyStopping counter: 28 out of 100
[2023-12-09 20:39:51,033][trainer.py][line:143][INFO] Epoch:[60/100]	 Train loss=0.1021147	 Vali Loss=0.0551856	 Cost time=8.2
[2023-12-09 20:39:51,033][utils.py][line:105][INFO] EarlyStopping counter: 29 out of 100
[2023-12-09 20:39:59,201][trainer.py][line:143][INFO] Epoch:[61/100]	 Train loss=0.1014327	 Vali Loss=0.0551230	 Cost time=8.2
[2023-12-09 20:39:59,202][utils.py][line:105][INFO] EarlyStopping counter: 30 out of 100
[2023-12-09 20:40:07,591][trainer.py][line:143][INFO] Epoch:[62/100]	 Train loss=0.1017719	 Vali Loss=0.0551774	 Cost time=8.4
[2023-12-09 20:40:07,592][utils.py][line:105][INFO] EarlyStopping counter: 31 out of 100
[2023-12-09 20:40:15,791][trainer.py][line:143][INFO] Epoch:[63/100]	 Train loss=0.1014563	 Vali Loss=0.0550504	 Cost time=8.2
[2023-12-09 20:40:15,791][utils.py][line:105][INFO] EarlyStopping counter: 32 out of 100
[2023-12-09 20:40:23,946][trainer.py][line:143][INFO] Epoch:[64/100]	 Train loss=0.1014013	 Vali Loss=0.0550597	 Cost time=8.2
[2023-12-09 20:40:23,946][utils.py][line:105][INFO] EarlyStopping counter: 33 out of 100
[2023-12-09 20:40:32,112][trainer.py][line:143][INFO] Epoch:[65/100]	 Train loss=0.1014312	 Vali Loss=0.0552219	 Cost time=8.2
[2023-12-09 20:40:32,112][utils.py][line:105][INFO] EarlyStopping counter: 34 out of 100
[2023-12-09 20:40:40,373][trainer.py][line:143][INFO] Epoch:[66/100]	 Train loss=0.1014042	 Vali Loss=0.0545118	 Cost time=8.3
[2023-12-09 20:40:40,373][utils.py][line:105][INFO] EarlyStopping counter: 35 out of 100
[2023-12-09 20:40:48,563][trainer.py][line:143][INFO] Epoch:[67/100]	 Train loss=0.1014919	 Vali Loss=0.0553416	 Cost time=8.2
[2023-12-09 20:40:48,563][utils.py][line:105][INFO] EarlyStopping counter: 36 out of 100
[2023-12-09 20:40:56,731][trainer.py][line:143][INFO] Epoch:[68/100]	 Train loss=0.1014425	 Vali Loss=0.0550057	 Cost time=8.2
[2023-12-09 20:40:56,732][utils.py][line:105][INFO] EarlyStopping counter: 37 out of 100
[2023-12-09 20:41:04,892][trainer.py][line:143][INFO] Epoch:[69/100]	 Train loss=0.1013231	 Vali Loss=0.0554175	 Cost time=8.2
[2023-12-09 20:41:04,892][utils.py][line:105][INFO] EarlyStopping counter: 38 out of 100
[2023-12-09 20:41:13,161][trainer.py][line:143][INFO] Epoch:[70/100]	 Train loss=0.1016433	 Vali Loss=0.0548305	 Cost time=8.3
[2023-12-09 20:41:13,161][utils.py][line:105][INFO] EarlyStopping counter: 39 out of 100
[2023-12-09 20:41:21,350][trainer.py][line:143][INFO] Epoch:[71/100]	 Train loss=0.1010660	 Vali Loss=0.0554651	 Cost time=8.2
[2023-12-09 20:41:21,350][utils.py][line:105][INFO] EarlyStopping counter: 40 out of 100
[2023-12-09 20:41:29,526][trainer.py][line:143][INFO] Epoch:[72/100]	 Train loss=0.1010718	 Vali Loss=0.0546264	 Cost time=8.2
[2023-12-09 20:41:29,526][utils.py][line:105][INFO] EarlyStopping counter: 41 out of 100
[2023-12-09 20:41:37,716][trainer.py][line:143][INFO] Epoch:[73/100]	 Train loss=0.1010351	 Vali Loss=0.0548907	 Cost time=8.2
[2023-12-09 20:41:37,716][utils.py][line:105][INFO] EarlyStopping counter: 42 out of 100
[2023-12-09 20:41:45,888][trainer.py][line:143][INFO] Epoch:[74/100]	 Train loss=0.1012300	 Vali Loss=0.0547681	 Cost time=8.2
[2023-12-09 20:41:45,888][utils.py][line:105][INFO] EarlyStopping counter: 43 out of 100
[2023-12-09 20:41:54,043][trainer.py][line:143][INFO] Epoch:[75/100]	 Train loss=0.1011254	 Vali Loss=0.0546431	 Cost time=8.2
[2023-12-09 20:41:54,043][utils.py][line:105][INFO] EarlyStopping counter: 44 out of 100
[2023-12-09 20:42:02,213][trainer.py][line:143][INFO] Epoch:[76/100]	 Train loss=0.1009577	 Vali Loss=0.0550047	 Cost time=8.2
[2023-12-09 20:42:02,213][utils.py][line:105][INFO] EarlyStopping counter: 45 out of 100
[2023-12-09 20:42:10,444][trainer.py][line:143][INFO] Epoch:[77/100]	 Train loss=0.1010459	 Vali Loss=0.0548637	 Cost time=8.2
[2023-12-09 20:42:10,444][utils.py][line:105][INFO] EarlyStopping counter: 46 out of 100
[2023-12-09 20:42:18,774][trainer.py][line:143][INFO] Epoch:[78/100]	 Train loss=0.1008970	 Vali Loss=0.0549603	 Cost time=8.3
[2023-12-09 20:42:18,774][utils.py][line:105][INFO] EarlyStopping counter: 47 out of 100
[2023-12-09 20:42:27,186][trainer.py][line:143][INFO] Epoch:[79/100]	 Train loss=0.1010020	 Vali Loss=0.0550767	 Cost time=8.4
[2023-12-09 20:42:27,186][utils.py][line:105][INFO] EarlyStopping counter: 48 out of 100
[2023-12-09 20:42:35,400][trainer.py][line:143][INFO] Epoch:[80/100]	 Train loss=0.1011174	 Vali Loss=0.0550835	 Cost time=8.2
[2023-12-09 20:42:35,400][utils.py][line:105][INFO] EarlyStopping counter: 49 out of 100
[2023-12-09 20:42:43,647][trainer.py][line:143][INFO] Epoch:[81/100]	 Train loss=0.1008137	 Vali Loss=0.0547328	 Cost time=8.2
[2023-12-09 20:42:43,647][utils.py][line:105][INFO] EarlyStopping counter: 50 out of 100
[2023-12-09 20:42:51,936][trainer.py][line:143][INFO] Epoch:[82/100]	 Train loss=0.1007366	 Vali Loss=0.0547720	 Cost time=8.3
[2023-12-09 20:42:51,936][utils.py][line:105][INFO] EarlyStopping counter: 51 out of 100
[2023-12-09 20:43:00,002][trainer.py][line:143][INFO] Epoch:[83/100]	 Train loss=0.1006734	 Vali Loss=0.0547220	 Cost time=8.1
[2023-12-09 20:43:00,002][utils.py][line:105][INFO] EarlyStopping counter: 52 out of 100
[2023-12-09 20:43:08,167][trainer.py][line:143][INFO] Epoch:[84/100]	 Train loss=0.1007576	 Vali Loss=0.0549234	 Cost time=8.2
[2023-12-09 20:43:08,167][utils.py][line:105][INFO] EarlyStopping counter: 53 out of 100
[2023-12-09 20:43:16,240][trainer.py][line:143][INFO] Epoch:[85/100]	 Train loss=0.1007265	 Vali Loss=0.0548581	 Cost time=8.1
[2023-12-09 20:43:16,240][utils.py][line:105][INFO] EarlyStopping counter: 54 out of 100
[2023-12-09 20:43:24,354][trainer.py][line:143][INFO] Epoch:[86/100]	 Train loss=0.1006873	 Vali Loss=0.0548651	 Cost time=8.1
[2023-12-09 20:43:24,354][utils.py][line:105][INFO] EarlyStopping counter: 55 out of 100
[2023-12-09 20:43:32,475][trainer.py][line:143][INFO] Epoch:[87/100]	 Train loss=0.1006900	 Vali Loss=0.0549370	 Cost time=8.1
[2023-12-09 20:43:32,475][utils.py][line:105][INFO] EarlyStopping counter: 56 out of 100
[2023-12-09 20:43:40,555][trainer.py][line:143][INFO] Epoch:[88/100]	 Train loss=0.1006840	 Vali Loss=0.0547443	 Cost time=8.1
[2023-12-09 20:43:40,555][utils.py][line:105][INFO] EarlyStopping counter: 57 out of 100
[2023-12-09 20:43:48,632][trainer.py][line:143][INFO] Epoch:[89/100]	 Train loss=0.1007493	 Vali Loss=0.0548581	 Cost time=8.1
[2023-12-09 20:43:48,633][utils.py][line:105][INFO] EarlyStopping counter: 58 out of 100
[2023-12-09 20:43:56,673][trainer.py][line:143][INFO] Epoch:[90/100]	 Train loss=0.1007599	 Vali Loss=0.0548542	 Cost time=8.0
[2023-12-09 20:43:56,673][utils.py][line:105][INFO] EarlyStopping counter: 59 out of 100
[2023-12-09 20:44:04,732][trainer.py][line:143][INFO] Epoch:[91/100]	 Train loss=0.1005421	 Vali Loss=0.0548318	 Cost time=8.1
[2023-12-09 20:44:04,732][utils.py][line:105][INFO] EarlyStopping counter: 60 out of 100
[2023-12-09 20:44:12,834][trainer.py][line:143][INFO] Epoch:[92/100]	 Train loss=0.1004997	 Vali Loss=0.0547940	 Cost time=8.1
[2023-12-09 20:44:12,834][utils.py][line:105][INFO] EarlyStopping counter: 61 out of 100
[2023-12-09 20:44:20,910][trainer.py][line:143][INFO] Epoch:[93/100]	 Train loss=0.1005423	 Vali Loss=0.0548305	 Cost time=8.1
[2023-12-09 20:44:20,910][utils.py][line:105][INFO] EarlyStopping counter: 62 out of 100
[2023-12-09 20:44:29,022][trainer.py][line:143][INFO] Epoch:[94/100]	 Train loss=0.1005618	 Vali Loss=0.0548050	 Cost time=8.1
[2023-12-09 20:44:29,022][utils.py][line:105][INFO] EarlyStopping counter: 63 out of 100
[2023-12-09 20:44:37,163][trainer.py][line:143][INFO] Epoch:[95/100]	 Train loss=0.1005093	 Vali Loss=0.0548704	 Cost time=8.1
[2023-12-09 20:44:37,163][utils.py][line:105][INFO] EarlyStopping counter: 64 out of 100
[2023-12-09 20:44:45,245][trainer.py][line:143][INFO] Epoch:[96/100]	 Train loss=0.1005137	 Vali Loss=0.0547692	 Cost time=8.1
[2023-12-09 20:44:45,245][utils.py][line:105][INFO] EarlyStopping counter: 65 out of 100
[2023-12-09 20:44:53,358][trainer.py][line:143][INFO] Epoch:[97/100]	 Train loss=0.1005019	 Vali Loss=0.0547336	 Cost time=8.1
[2023-12-09 20:44:53,359][utils.py][line:105][INFO] EarlyStopping counter: 66 out of 100
[2023-12-09 20:45:01,549][trainer.py][line:143][INFO] Epoch:[98/100]	 Train loss=0.1005148	 Vali Loss=0.0547137	 Cost time=8.2
[2023-12-09 20:45:01,549][utils.py][line:105][INFO] EarlyStopping counter: 67 out of 100
[2023-12-09 20:45:09,603][trainer.py][line:143][INFO] Epoch:[99/100]	 Train loss=0.1005655	 Vali Loss=0.0547882	 Cost time=8.1
[2023-12-09 20:45:09,603][utils.py][line:105][INFO] EarlyStopping counter: 68 out of 100
[2023-12-09 20:45:17,699][trainer.py][line:143][INFO] Epoch:[100/100]	 Train loss=0.1005514	 Vali Loss=0.0547727	 Cost time=8.1
[2023-12-09 20:45:17,700][utils.py][line:105][INFO] EarlyStopping counter: 69 out of 100
[2023-12-09 20:45:17,965][trainer.py][line:160][INFO] Finish training!
[2023-12-09 20:45:17,965][trainer.py][line:216][INFO] loading model...
[2023-12-09 20:45:18,701][utils.py][line:147][INFO] Test MSE:  195765.9062   |  Test RMSE:  442.4544   |  Test MAE:  277.9265   |  Test R2:  0.8806|
[2023-12-09 20:45:18,931][utils.py][line:147][INFO] Test MSE:  479217.4375   |  Test RMSE:  692.2553   |  Test MAE:  408.3960   |  Test R2:  0.8664|
[2023-12-09 20:45:19,159][utils.py][line:147][INFO] Test MSE:  121684.7109   |  Test RMSE:  348.8333   |  Test MAE:  213.3214   |  Test R2:  0.9087|
[2023-12-09 20:45:19,379][utils.py][line:147][INFO] Test MSE:  46401.8086   |  Test RMSE:  215.4108   |  Test MAE:  145.3177   |  Test R2:  0.6184|
[2023-12-09 20:45:19,590][utils.py][line:147][INFO] Test MSE:  30206.0000   |  Test RMSE:  173.7987   |  Test MAE:  83.4151   |  Test R2:  0.3904|
[2023-12-09 20:45:19,590][trainer.py][line:216][INFO] loading model...
[2023-12-09 20:45:20,302][utils.py][line:147][INFO] Test MSE:  200941.1094   |  Test RMSE:  448.2646   |  Test MAE:  285.0652   |  Test R2:  0.8774|
[2023-12-09 20:45:20,520][utils.py][line:147][INFO] Test MSE:  457154.5625   |  Test RMSE:  676.1321   |  Test MAE:  404.9554   |  Test R2:  0.8726|
[2023-12-09 20:45:20,788][utils.py][line:147][INFO] Test MSE:  125458.9531   |  Test RMSE:  354.2018   |  Test MAE:  221.0367   |  Test R2:  0.9059|
[2023-12-09 20:45:21,034][utils.py][line:147][INFO] Test MSE:  44277.8008   |  Test RMSE:  210.4229   |  Test MAE:  141.1354   |  Test R2:  0.6358|
[2023-12-09 20:45:21,227][utils.py][line:147][INFO] Test MSE:  29167.1855   |  Test RMSE:  170.7840   |  Test MAE:  81.7085   |  Test R2:  0.4114|
