[2024-02-15 11:36:37,840][trainer.py][line:83][INFO] -----Start training-----
[2024-02-15 11:36:53,093][trainer.py][line:146][INFO] Epoch:[1/100]	 Train loss=0.2153696	 Vali Loss=0.1142110	 Cost time=15.3
[2024-02-15 11:37:07,947][trainer.py][line:146][INFO] Epoch:[2/100]	 Train loss=0.0996086	 Vali Loss=0.0750590	 Cost time=14.8
[2024-02-15 11:37:22,713][trainer.py][line:146][INFO] Epoch:[3/100]	 Train loss=0.0945260	 Vali Loss=0.1089988	 Cost time=14.7
[2024-02-15 11:37:22,714][utils.py][line:105][INFO] EarlyStopping counter: 1 out of 100
[2024-02-15 11:37:37,446][trainer.py][line:146][INFO] Epoch:[4/100]	 Train loss=0.1262989	 Vali Loss=0.0873423	 Cost time=14.7
[2024-02-15 11:37:37,446][utils.py][line:105][INFO] EarlyStopping counter: 2 out of 100
[2024-02-15 11:37:52,248][trainer.py][line:146][INFO] Epoch:[5/100]	 Train loss=0.0909744	 Vali Loss=0.0760745	 Cost time=14.8
[2024-02-15 11:37:52,248][utils.py][line:105][INFO] EarlyStopping counter: 3 out of 100
[2024-02-15 11:38:07,118][trainer.py][line:146][INFO] Epoch:[6/100]	 Train loss=0.1339936	 Vali Loss=0.1083996	 Cost time=14.9
[2024-02-15 11:38:07,118][utils.py][line:105][INFO] EarlyStopping counter: 4 out of 100
[2024-02-15 11:38:21,874][trainer.py][line:146][INFO] Epoch:[7/100]	 Train loss=0.1014387	 Vali Loss=0.0840769	 Cost time=14.8
[2024-02-15 11:38:21,874][utils.py][line:105][INFO] EarlyStopping counter: 5 out of 100
[2024-02-15 11:38:36,620][trainer.py][line:146][INFO] Epoch:[8/100]	 Train loss=0.1231639	 Vali Loss=0.0848451	 Cost time=14.7
[2024-02-15 11:38:36,620][utils.py][line:105][INFO] EarlyStopping counter: 6 out of 100
[2024-02-15 11:38:51,365][trainer.py][line:146][INFO] Epoch:[9/100]	 Train loss=0.0839971	 Vali Loss=0.1032837	 Cost time=14.7
[2024-02-15 11:38:51,365][utils.py][line:105][INFO] EarlyStopping counter: 7 out of 100
[2024-02-15 11:39:06,206][trainer.py][line:146][INFO] Epoch:[10/100]	 Train loss=0.0922392	 Vali Loss=0.0924701	 Cost time=14.8
[2024-02-15 11:39:06,206][utils.py][line:105][INFO] EarlyStopping counter: 8 out of 100
[2024-02-15 11:39:21,012][trainer.py][line:146][INFO] Epoch:[11/100]	 Train loss=0.0692288	 Vali Loss=0.0765644	 Cost time=14.8
[2024-02-15 11:39:21,012][utils.py][line:105][INFO] EarlyStopping counter: 9 out of 100
[2024-02-15 11:39:35,778][trainer.py][line:146][INFO] Epoch:[12/100]	 Train loss=0.0777004	 Vali Loss=0.0842446	 Cost time=14.8
[2024-02-15 11:39:35,778][utils.py][line:105][INFO] EarlyStopping counter: 10 out of 100
[2024-02-15 11:39:50,622][trainer.py][line:146][INFO] Epoch:[13/100]	 Train loss=0.0694644	 Vali Loss=0.0952361	 Cost time=14.8
[2024-02-15 11:39:50,623][utils.py][line:105][INFO] EarlyStopping counter: 11 out of 100
[2024-02-15 11:40:05,395][trainer.py][line:146][INFO] Epoch:[14/100]	 Train loss=0.0830470	 Vali Loss=0.0861032	 Cost time=14.8
[2024-02-15 11:40:05,395][utils.py][line:105][INFO] EarlyStopping counter: 12 out of 100
[2024-02-15 11:40:20,263][trainer.py][line:146][INFO] Epoch:[15/100]	 Train loss=0.0822705	 Vali Loss=0.0766606	 Cost time=14.9
[2024-02-15 11:40:20,263][utils.py][line:105][INFO] EarlyStopping counter: 13 out of 100
[2024-02-15 11:40:35,010][trainer.py][line:146][INFO] Epoch:[16/100]	 Train loss=0.0692209	 Vali Loss=0.0772108	 Cost time=14.7
[2024-02-15 11:40:35,010][utils.py][line:105][INFO] EarlyStopping counter: 14 out of 100
[2024-02-15 11:40:49,748][trainer.py][line:146][INFO] Epoch:[17/100]	 Train loss=0.0769339	 Vali Loss=0.0760428	 Cost time=14.7
[2024-02-15 11:40:49,748][utils.py][line:105][INFO] EarlyStopping counter: 15 out of 100
[2024-02-15 11:41:04,511][trainer.py][line:146][INFO] Epoch:[18/100]	 Train loss=0.0741695	 Vali Loss=0.0823337	 Cost time=14.8
[2024-02-15 11:41:04,511][utils.py][line:105][INFO] EarlyStopping counter: 16 out of 100
[2024-02-15 11:41:19,371][trainer.py][line:146][INFO] Epoch:[19/100]	 Train loss=0.0711242	 Vali Loss=0.0784843	 Cost time=14.9
[2024-02-15 11:41:19,371][utils.py][line:105][INFO] EarlyStopping counter: 17 out of 100
[2024-02-15 11:41:34,164][trainer.py][line:146][INFO] Epoch:[20/100]	 Train loss=0.0690558	 Vali Loss=0.0706560	 Cost time=14.8
[2024-02-15 11:41:48,968][trainer.py][line:146][INFO] Epoch:[21/100]	 Train loss=0.0584134	 Vali Loss=0.0674124	 Cost time=14.8
[2024-02-15 11:42:03,796][trainer.py][line:146][INFO] Epoch:[22/100]	 Train loss=0.0580449	 Vali Loss=0.0729159	 Cost time=14.8
[2024-02-15 11:42:03,796][utils.py][line:105][INFO] EarlyStopping counter: 1 out of 100
[2024-02-15 11:42:18,567][trainer.py][line:146][INFO] Epoch:[23/100]	 Train loss=0.0626309	 Vali Loss=0.0715374	 Cost time=14.8
[2024-02-15 11:42:18,567][utils.py][line:105][INFO] EarlyStopping counter: 2 out of 100
[2024-02-15 11:42:33,484][trainer.py][line:146][INFO] Epoch:[24/100]	 Train loss=0.0588199	 Vali Loss=0.0674796	 Cost time=14.9
[2024-02-15 11:42:33,484][utils.py][line:105][INFO] EarlyStopping counter: 3 out of 100
[2024-02-15 11:42:48,243][trainer.py][line:146][INFO] Epoch:[25/100]	 Train loss=0.0604273	 Vali Loss=0.0886244	 Cost time=14.8
[2024-02-15 11:42:48,243][utils.py][line:105][INFO] EarlyStopping counter: 4 out of 100
[2024-02-15 11:43:03,053][trainer.py][line:146][INFO] Epoch:[26/100]	 Train loss=0.0601860	 Vali Loss=0.0738665	 Cost time=14.8
[2024-02-15 11:43:03,053][utils.py][line:105][INFO] EarlyStopping counter: 5 out of 100
[2024-02-15 11:43:17,829][trainer.py][line:146][INFO] Epoch:[27/100]	 Train loss=0.0579308	 Vali Loss=0.0702730	 Cost time=14.8
[2024-02-15 11:43:17,830][utils.py][line:105][INFO] EarlyStopping counter: 6 out of 100
[2024-02-15 11:43:32,731][trainer.py][line:146][INFO] Epoch:[28/100]	 Train loss=0.0626969	 Vali Loss=0.0712482	 Cost time=14.9
[2024-02-15 11:43:32,732][utils.py][line:105][INFO] EarlyStopping counter: 7 out of 100
[2024-02-15 11:43:47,503][trainer.py][line:146][INFO] Epoch:[29/100]	 Train loss=0.0611573	 Vali Loss=0.0682838	 Cost time=14.8
[2024-02-15 11:43:47,503][utils.py][line:105][INFO] EarlyStopping counter: 8 out of 100
[2024-02-15 11:44:02,412][trainer.py][line:146][INFO] Epoch:[30/100]	 Train loss=0.0580582	 Vali Loss=0.0686994	 Cost time=14.9
[2024-02-15 11:44:02,412][utils.py][line:105][INFO] EarlyStopping counter: 9 out of 100
[2024-02-15 11:44:17,192][trainer.py][line:146][INFO] Epoch:[31/100]	 Train loss=0.0550201	 Vali Loss=0.0678513	 Cost time=14.8
[2024-02-15 11:44:17,192][utils.py][line:105][INFO] EarlyStopping counter: 10 out of 100
[2024-02-15 11:44:31,979][trainer.py][line:146][INFO] Epoch:[32/100]	 Train loss=0.0529087	 Vali Loss=0.0693232	 Cost time=14.8
[2024-02-15 11:44:31,979][utils.py][line:105][INFO] EarlyStopping counter: 11 out of 100
[2024-02-15 11:44:46,862][trainer.py][line:146][INFO] Epoch:[33/100]	 Train loss=0.0493305	 Vali Loss=0.0716308	 Cost time=14.9
[2024-02-15 11:44:46,862][utils.py][line:105][INFO] EarlyStopping counter: 12 out of 100
[2024-02-15 11:45:01,772][trainer.py][line:146][INFO] Epoch:[34/100]	 Train loss=0.0543094	 Vali Loss=0.0682219	 Cost time=14.9
[2024-02-15 11:45:01,773][utils.py][line:105][INFO] EarlyStopping counter: 13 out of 100
[2024-02-15 11:45:16,559][trainer.py][line:146][INFO] Epoch:[35/100]	 Train loss=0.0529949	 Vali Loss=0.0674256	 Cost time=14.8
[2024-02-15 11:45:16,559][utils.py][line:105][INFO] EarlyStopping counter: 14 out of 100
[2024-02-15 11:45:31,347][trainer.py][line:146][INFO] Epoch:[36/100]	 Train loss=0.0521304	 Vali Loss=0.0680562	 Cost time=14.8
[2024-02-15 11:45:31,347][utils.py][line:105][INFO] EarlyStopping counter: 15 out of 100
[2024-02-15 11:45:46,204][trainer.py][line:146][INFO] Epoch:[37/100]	 Train loss=0.0519837	 Vali Loss=0.0672341	 Cost time=14.9
[2024-02-15 11:46:01,013][trainer.py][line:146][INFO] Epoch:[38/100]	 Train loss=0.0548361	 Vali Loss=0.0703569	 Cost time=14.8
[2024-02-15 11:46:01,013][utils.py][line:105][INFO] EarlyStopping counter: 1 out of 100
[2024-02-15 11:46:15,788][trainer.py][line:146][INFO] Epoch:[39/100]	 Train loss=0.0523686	 Vali Loss=0.0691140	 Cost time=14.8
[2024-02-15 11:46:15,788][utils.py][line:105][INFO] EarlyStopping counter: 2 out of 100
[2024-02-15 11:46:30,537][trainer.py][line:146][INFO] Epoch:[40/100]	 Train loss=0.0537439	 Vali Loss=0.0670553	 Cost time=14.7
[2024-02-15 11:46:45,317][trainer.py][line:146][INFO] Epoch:[41/100]	 Train loss=0.0474303	 Vali Loss=0.0677713	 Cost time=14.8
[2024-02-15 11:46:45,317][utils.py][line:105][INFO] EarlyStopping counter: 1 out of 100
[2024-02-15 11:47:00,172][trainer.py][line:146][INFO] Epoch:[42/100]	 Train loss=0.0473097	 Vali Loss=0.0734071	 Cost time=14.9
[2024-02-15 11:47:00,172][utils.py][line:105][INFO] EarlyStopping counter: 2 out of 100
[2024-02-15 11:47:14,925][trainer.py][line:146][INFO] Epoch:[43/100]	 Train loss=0.0490951	 Vali Loss=0.0675946	 Cost time=14.8
[2024-02-15 11:47:14,926][utils.py][line:105][INFO] EarlyStopping counter: 3 out of 100
[2024-02-15 11:47:29,671][trainer.py][line:146][INFO] Epoch:[44/100]	 Train loss=0.0476753	 Vali Loss=0.0682451	 Cost time=14.7
[2024-02-15 11:47:29,671][utils.py][line:105][INFO] EarlyStopping counter: 4 out of 100
[2024-02-15 11:47:44,410][trainer.py][line:146][INFO] Epoch:[45/100]	 Train loss=0.0495962	 Vali Loss=0.0674343	 Cost time=14.7
[2024-02-15 11:47:44,410][utils.py][line:105][INFO] EarlyStopping counter: 5 out of 100
[2024-02-15 11:47:59,432][trainer.py][line:146][INFO] Epoch:[46/100]	 Train loss=0.0481282	 Vali Loss=0.0668695	 Cost time=15.0
[2024-02-15 11:48:14,302][trainer.py][line:146][INFO] Epoch:[47/100]	 Train loss=0.0476591	 Vali Loss=0.0674614	 Cost time=14.9
[2024-02-15 11:48:14,302][utils.py][line:105][INFO] EarlyStopping counter: 1 out of 100
[2024-02-15 11:48:29,060][trainer.py][line:146][INFO] Epoch:[48/100]	 Train loss=0.0487905	 Vali Loss=0.0702612	 Cost time=14.8
[2024-02-15 11:48:29,060][utils.py][line:105][INFO] EarlyStopping counter: 2 out of 100
[2024-02-15 11:48:44,141][trainer.py][line:146][INFO] Epoch:[49/100]	 Train loss=0.0483333	 Vali Loss=0.0777188	 Cost time=15.1
[2024-02-15 11:48:44,141][utils.py][line:105][INFO] EarlyStopping counter: 3 out of 100
[2024-02-15 11:49:00,100][trainer.py][line:146][INFO] Epoch:[50/100]	 Train loss=0.0491594	 Vali Loss=0.0681338	 Cost time=16.0
[2024-02-15 11:49:00,101][utils.py][line:105][INFO] EarlyStopping counter: 4 out of 100
[2024-02-15 11:49:15,761][trainer.py][line:146][INFO] Epoch:[51/100]	 Train loss=0.0458255	 Vali Loss=0.0678225	 Cost time=15.7
[2024-02-15 11:49:15,762][utils.py][line:105][INFO] EarlyStopping counter: 5 out of 100
[2024-02-15 11:49:30,627][trainer.py][line:146][INFO] Epoch:[52/100]	 Train loss=0.0458770	 Vali Loss=0.0685974	 Cost time=14.9
[2024-02-15 11:49:30,627][utils.py][line:105][INFO] EarlyStopping counter: 6 out of 100
[2024-02-15 11:49:45,409][trainer.py][line:146][INFO] Epoch:[53/100]	 Train loss=0.0471935	 Vali Loss=0.0689775	 Cost time=14.8
[2024-02-15 11:49:45,409][utils.py][line:105][INFO] EarlyStopping counter: 7 out of 100
[2024-02-15 11:50:00,221][trainer.py][line:146][INFO] Epoch:[54/100]	 Train loss=0.0455640	 Vali Loss=0.0674789	 Cost time=14.8
[2024-02-15 11:50:00,221][utils.py][line:105][INFO] EarlyStopping counter: 8 out of 100
[2024-02-15 11:50:15,082][trainer.py][line:146][INFO] Epoch:[55/100]	 Train loss=0.0456176	 Vali Loss=0.0677335	 Cost time=14.9
[2024-02-15 11:50:15,083][utils.py][line:105][INFO] EarlyStopping counter: 9 out of 100
[2024-02-15 11:50:29,878][trainer.py][line:146][INFO] Epoch:[56/100]	 Train loss=0.0460899	 Vali Loss=0.0676690	 Cost time=14.8
[2024-02-15 11:50:29,878][utils.py][line:105][INFO] EarlyStopping counter: 10 out of 100
[2024-02-15 11:50:44,627][trainer.py][line:146][INFO] Epoch:[57/100]	 Train loss=0.0459193	 Vali Loss=0.0719476	 Cost time=14.7
[2024-02-15 11:50:44,627][utils.py][line:105][INFO] EarlyStopping counter: 11 out of 100
[2024-02-15 11:50:59,437][trainer.py][line:146][INFO] Epoch:[58/100]	 Train loss=0.0454987	 Vali Loss=0.0690322	 Cost time=14.8
[2024-02-15 11:50:59,437][utils.py][line:105][INFO] EarlyStopping counter: 12 out of 100
[2024-02-15 11:51:14,314][trainer.py][line:146][INFO] Epoch:[59/100]	 Train loss=0.0460739	 Vali Loss=0.0758954	 Cost time=14.9
[2024-02-15 11:51:14,314][utils.py][line:105][INFO] EarlyStopping counter: 13 out of 100
[2024-02-15 11:51:29,061][trainer.py][line:146][INFO] Epoch:[60/100]	 Train loss=0.0454724	 Vali Loss=0.0689306	 Cost time=14.7
[2024-02-15 11:51:29,061][utils.py][line:105][INFO] EarlyStopping counter: 14 out of 100
[2024-02-15 11:51:43,816][trainer.py][line:146][INFO] Epoch:[61/100]	 Train loss=0.0440089	 Vali Loss=0.0674464	 Cost time=14.8
[2024-02-15 11:51:43,817][utils.py][line:105][INFO] EarlyStopping counter: 15 out of 100
[2024-02-15 11:51:58,575][trainer.py][line:146][INFO] Epoch:[62/100]	 Train loss=0.0443306	 Vali Loss=0.0676799	 Cost time=14.8
[2024-02-15 11:51:58,575][utils.py][line:105][INFO] EarlyStopping counter: 16 out of 100
[2024-02-15 11:52:13,333][trainer.py][line:146][INFO] Epoch:[63/100]	 Train loss=0.0437977	 Vali Loss=0.0679188	 Cost time=14.8
[2024-02-15 11:52:13,333][utils.py][line:105][INFO] EarlyStopping counter: 17 out of 100
[2024-02-15 11:52:28,177][trainer.py][line:146][INFO] Epoch:[64/100]	 Train loss=0.0439632	 Vali Loss=0.0681292	 Cost time=14.8
[2024-02-15 11:52:28,177][utils.py][line:105][INFO] EarlyStopping counter: 18 out of 100
[2024-02-15 11:52:42,980][trainer.py][line:146][INFO] Epoch:[65/100]	 Train loss=0.0438059	 Vali Loss=0.0690628	 Cost time=14.8
[2024-02-15 11:52:42,980][utils.py][line:105][INFO] EarlyStopping counter: 19 out of 100
[2024-02-15 11:52:57,743][trainer.py][line:146][INFO] Epoch:[66/100]	 Train loss=0.0441196	 Vali Loss=0.0672961	 Cost time=14.8
[2024-02-15 11:52:57,743][utils.py][line:105][INFO] EarlyStopping counter: 20 out of 100
[2024-02-15 11:53:12,517][trainer.py][line:146][INFO] Epoch:[67/100]	 Train loss=0.0448559	 Vali Loss=0.0678111	 Cost time=14.8
[2024-02-15 11:53:12,517][utils.py][line:105][INFO] EarlyStopping counter: 21 out of 100
[2024-02-15 11:53:27,387][trainer.py][line:146][INFO] Epoch:[68/100]	 Train loss=0.0440415	 Vali Loss=0.0673787	 Cost time=14.9
[2024-02-15 11:53:27,387][utils.py][line:105][INFO] EarlyStopping counter: 22 out of 100
[2024-02-15 11:53:42,132][trainer.py][line:146][INFO] Epoch:[69/100]	 Train loss=0.0438540	 Vali Loss=0.0694789	 Cost time=14.7
[2024-02-15 11:53:42,132][utils.py][line:105][INFO] EarlyStopping counter: 23 out of 100
[2024-02-15 11:53:56,900][trainer.py][line:146][INFO] Epoch:[70/100]	 Train loss=0.0441821	 Vali Loss=0.0674334	 Cost time=14.8
[2024-02-15 11:53:56,901][utils.py][line:105][INFO] EarlyStopping counter: 24 out of 100
[2024-02-15 11:54:11,655][trainer.py][line:146][INFO] Epoch:[71/100]	 Train loss=0.0435763	 Vali Loss=0.0673807	 Cost time=14.8
[2024-02-15 11:54:11,655][utils.py][line:105][INFO] EarlyStopping counter: 25 out of 100
[2024-02-15 11:54:26,411][trainer.py][line:146][INFO] Epoch:[72/100]	 Train loss=0.0434053	 Vali Loss=0.0673483	 Cost time=14.8
[2024-02-15 11:54:26,411][utils.py][line:105][INFO] EarlyStopping counter: 26 out of 100
[2024-02-15 11:54:41,272][trainer.py][line:146][INFO] Epoch:[73/100]	 Train loss=0.0432429	 Vali Loss=0.0677498	 Cost time=14.9
[2024-02-15 11:54:41,272][utils.py][line:105][INFO] EarlyStopping counter: 27 out of 100
[2024-02-15 11:54:56,017][trainer.py][line:146][INFO] Epoch:[74/100]	 Train loss=0.0433850	 Vali Loss=0.0671127	 Cost time=14.7
[2024-02-15 11:54:56,017][utils.py][line:105][INFO] EarlyStopping counter: 28 out of 100
[2024-02-15 11:55:10,789][trainer.py][line:146][INFO] Epoch:[75/100]	 Train loss=0.0431940	 Vali Loss=0.0673218	 Cost time=14.8
[2024-02-15 11:55:10,789][utils.py][line:105][INFO] EarlyStopping counter: 29 out of 100
[2024-02-15 11:55:25,531][trainer.py][line:146][INFO] Epoch:[76/100]	 Train loss=0.0432520	 Vali Loss=0.0683637	 Cost time=14.7
[2024-02-15 11:55:25,531][utils.py][line:105][INFO] EarlyStopping counter: 30 out of 100
[2024-02-15 11:55:40,357][trainer.py][line:146][INFO] Epoch:[77/100]	 Train loss=0.0433433	 Vali Loss=0.0676485	 Cost time=14.8
[2024-02-15 11:55:40,357][utils.py][line:105][INFO] EarlyStopping counter: 31 out of 100
[2024-02-15 11:55:55,108][trainer.py][line:146][INFO] Epoch:[78/100]	 Train loss=0.0432535	 Vali Loss=0.0675342	 Cost time=14.8
[2024-02-15 11:55:55,108][utils.py][line:105][INFO] EarlyStopping counter: 32 out of 100
[2024-02-15 11:56:09,865][trainer.py][line:146][INFO] Epoch:[79/100]	 Train loss=0.0431907	 Vali Loss=0.0679785	 Cost time=14.8
[2024-02-15 11:56:09,866][utils.py][line:105][INFO] EarlyStopping counter: 33 out of 100
[2024-02-15 11:56:24,617][trainer.py][line:146][INFO] Epoch:[80/100]	 Train loss=0.0433910	 Vali Loss=0.0668909	 Cost time=14.8
[2024-02-15 11:56:24,618][utils.py][line:105][INFO] EarlyStopping counter: 34 out of 100
[2024-02-15 11:56:39,396][trainer.py][line:146][INFO] Epoch:[81/100]	 Train loss=0.0429229	 Vali Loss=0.0671737	 Cost time=14.8
[2024-02-15 11:56:39,396][utils.py][line:105][INFO] EarlyStopping counter: 35 out of 100
[2024-02-15 11:56:54,239][trainer.py][line:146][INFO] Epoch:[82/100]	 Train loss=0.0429312	 Vali Loss=0.0668633	 Cost time=14.8
[2024-02-15 11:57:09,028][trainer.py][line:146][INFO] Epoch:[83/100]	 Train loss=0.0429821	 Vali Loss=0.0677382	 Cost time=14.8
[2024-02-15 11:57:09,028][utils.py][line:105][INFO] EarlyStopping counter: 1 out of 100
[2024-02-15 11:57:23,804][trainer.py][line:146][INFO] Epoch:[84/100]	 Train loss=0.0430595	 Vali Loss=0.0670438	 Cost time=14.8
[2024-02-15 11:57:23,804][utils.py][line:105][INFO] EarlyStopping counter: 2 out of 100
[2024-02-15 11:57:38,548][trainer.py][line:146][INFO] Epoch:[85/100]	 Train loss=0.0428868	 Vali Loss=0.0672787	 Cost time=14.7
[2024-02-15 11:57:38,548][utils.py][line:105][INFO] EarlyStopping counter: 3 out of 100
[2024-02-15 11:57:53,411][trainer.py][line:146][INFO] Epoch:[86/100]	 Train loss=0.0429611	 Vali Loss=0.0674583	 Cost time=14.9
[2024-02-15 11:57:53,411][utils.py][line:105][INFO] EarlyStopping counter: 4 out of 100
[2024-02-15 11:58:08,172][trainer.py][line:146][INFO] Epoch:[87/100]	 Train loss=0.0429096	 Vali Loss=0.0671941	 Cost time=14.8
[2024-02-15 11:58:08,172][utils.py][line:105][INFO] EarlyStopping counter: 5 out of 100
[2024-02-15 11:58:22,898][trainer.py][line:146][INFO] Epoch:[88/100]	 Train loss=0.0429112	 Vali Loss=0.0669714	 Cost time=14.7
[2024-02-15 11:58:22,898][utils.py][line:105][INFO] EarlyStopping counter: 6 out of 100
[2024-02-15 11:58:37,618][trainer.py][line:146][INFO] Epoch:[89/100]	 Train loss=0.0428491	 Vali Loss=0.0672122	 Cost time=14.7
[2024-02-15 11:58:37,618][utils.py][line:105][INFO] EarlyStopping counter: 7 out of 100
[2024-02-15 11:58:52,459][trainer.py][line:146][INFO] Epoch:[90/100]	 Train loss=0.0429250	 Vali Loss=0.0668810	 Cost time=14.8
[2024-02-15 11:58:52,459][utils.py][line:105][INFO] EarlyStopping counter: 8 out of 100
[2024-02-15 11:59:07,317][trainer.py][line:146][INFO] Epoch:[91/100]	 Train loss=0.0427435	 Vali Loss=0.0670048	 Cost time=14.9
[2024-02-15 11:59:07,317][utils.py][line:105][INFO] EarlyStopping counter: 9 out of 100
[2024-02-15 11:59:22,137][trainer.py][line:146][INFO] Epoch:[92/100]	 Train loss=0.0426552	 Vali Loss=0.0669773	 Cost time=14.8
[2024-02-15 11:59:22,137][utils.py][line:105][INFO] EarlyStopping counter: 10 out of 100
[2024-02-15 11:59:36,923][trainer.py][line:146][INFO] Epoch:[93/100]	 Train loss=0.0427034	 Vali Loss=0.0672125	 Cost time=14.8
[2024-02-15 11:59:36,923][utils.py][line:105][INFO] EarlyStopping counter: 11 out of 100
[2024-02-15 11:59:51,707][trainer.py][line:146][INFO] Epoch:[94/100]	 Train loss=0.0427193	 Vali Loss=0.0669356	 Cost time=14.8
[2024-02-15 11:59:51,707][utils.py][line:105][INFO] EarlyStopping counter: 12 out of 100
[2024-02-15 12:00:06,748][trainer.py][line:146][INFO] Epoch:[95/100]	 Train loss=0.0427228	 Vali Loss=0.0669643	 Cost time=15.0
[2024-02-15 12:00:06,748][utils.py][line:105][INFO] EarlyStopping counter: 13 out of 100
[2024-02-15 12:00:21,505][trainer.py][line:146][INFO] Epoch:[96/100]	 Train loss=0.0426616	 Vali Loss=0.0669568	 Cost time=14.8
[2024-02-15 12:00:21,505][utils.py][line:105][INFO] EarlyStopping counter: 14 out of 100
[2024-02-15 12:00:36,291][trainer.py][line:146][INFO] Epoch:[97/100]	 Train loss=0.0426813	 Vali Loss=0.0669867	 Cost time=14.8
[2024-02-15 12:00:36,291][utils.py][line:105][INFO] EarlyStopping counter: 15 out of 100
[2024-02-15 12:00:51,045][trainer.py][line:146][INFO] Epoch:[98/100]	 Train loss=0.0426434	 Vali Loss=0.0671823	 Cost time=14.8
[2024-02-15 12:00:51,045][utils.py][line:105][INFO] EarlyStopping counter: 16 out of 100
[2024-02-15 12:01:05,895][trainer.py][line:146][INFO] Epoch:[99/100]	 Train loss=0.0427136	 Vali Loss=0.0673662	 Cost time=14.8
[2024-02-15 12:01:05,895][utils.py][line:105][INFO] EarlyStopping counter: 17 out of 100
[2024-02-15 12:01:20,641][trainer.py][line:146][INFO] Epoch:[100/100]	 Train loss=0.0426854	 Vali Loss=0.0671121	 Cost time=14.7
[2024-02-15 12:01:20,641][utils.py][line:105][INFO] EarlyStopping counter: 18 out of 100
[2024-02-15 12:01:21,024][trainer.py][line:163][INFO] Finish training!
[2024-02-15 12:01:21,025][trainer.py][line:219][INFO] loading model...
[2024-02-15 12:01:21,982][utils.py][line:147][INFO] Test MSE:  199426.4688   |  Test RMSE:  446.5719   |  Test MAE:  274.9687   |  Test R2:  0.8783|
[2024-02-15 12:01:22,213][utils.py][line:147][INFO] Test MSE:  469361.2812   |  Test RMSE:  685.0995   |  Test MAE:  405.6786   |  Test R2:  0.8692|
[2024-02-15 12:01:22,421][utils.py][line:147][INFO] Test MSE:  123097.1953   |  Test RMSE:  350.8521   |  Test MAE:  203.6817   |  Test R2:  0.9076|
[2024-02-15 12:01:22,642][utils.py][line:147][INFO] Test MSE:  40441.7070   |  Test RMSE:  201.1012   |  Test MAE:  131.5658   |  Test R2:  0.6674|
[2024-02-15 12:01:22,834][utils.py][line:147][INFO] Test MSE:  20429.1875   |  Test RMSE:  142.9307   |  Test MAE:  38.9855   |  Test R2:  0.5877|
[2024-02-15 12:01:22,834][trainer.py][line:219][INFO] loading model...
[2024-02-15 12:01:23,755][utils.py][line:147][INFO] Test MSE:  199083.7812   |  Test RMSE:  446.1880   |  Test MAE:  275.7245   |  Test R2:  0.8785|
[2024-02-15 12:01:23,964][utils.py][line:147][INFO] Test MSE:  467579.5938   |  Test RMSE:  683.7979   |  Test MAE:  403.6625   |  Test R2:  0.8697|
[2024-02-15 12:01:24,189][utils.py][line:147][INFO] Test MSE:  123624.5078   |  Test RMSE:  351.6028   |  Test MAE:  203.9228   |  Test R2:  0.9072|
[2024-02-15 12:01:24,389][utils.py][line:147][INFO] Test MSE:  40016.9023   |  Test RMSE:  200.0423   |  Test MAE:  131.4743   |  Test R2:  0.6709|
[2024-02-15 12:01:24,601][utils.py][line:147][INFO] Test MSE:  20495.1934   |  Test RMSE:  143.1614   |  Test MAE:  46.1553   |  Test R2:  0.5864|
