[2024-01-02 11:19:15,190][trainer.py][line:83][INFO] -----Start training-----
[2024-01-02 11:19:25,689][trainer.py][line:146][INFO] Epoch:[1/100]	 Train loss=0.4496017	 Vali Loss=0.0919526	 Cost time=10.5
[2024-01-02 11:19:35,986][trainer.py][line:146][INFO] Epoch:[2/100]	 Train loss=0.1029687	 Vali Loss=0.0791296	 Cost time=10.3
[2024-01-02 11:19:46,148][trainer.py][line:146][INFO] Epoch:[3/100]	 Train loss=0.0950925	 Vali Loss=0.0812087	 Cost time=10.2
[2024-01-02 11:19:46,148][utils.py][line:105][INFO] EarlyStopping counter: 1 out of 100
[2024-01-02 11:19:56,302][trainer.py][line:146][INFO] Epoch:[4/100]	 Train loss=0.0997848	 Vali Loss=0.1055322	 Cost time=10.2
[2024-01-02 11:19:56,302][utils.py][line:105][INFO] EarlyStopping counter: 2 out of 100
[2024-01-02 11:20:06,489][trainer.py][line:146][INFO] Epoch:[5/100]	 Train loss=0.1108438	 Vali Loss=0.0870887	 Cost time=10.2
[2024-01-02 11:20:06,489][utils.py][line:105][INFO] EarlyStopping counter: 3 out of 100
[2024-01-02 11:20:16,639][trainer.py][line:146][INFO] Epoch:[6/100]	 Train loss=0.2192712	 Vali Loss=0.1054336	 Cost time=10.2
[2024-01-02 11:20:16,639][utils.py][line:105][INFO] EarlyStopping counter: 4 out of 100
[2024-01-02 11:20:26,795][trainer.py][line:146][INFO] Epoch:[7/100]	 Train loss=0.0975730	 Vali Loss=0.1585066	 Cost time=10.2
[2024-01-02 11:20:26,795][utils.py][line:105][INFO] EarlyStopping counter: 5 out of 100
[2024-01-02 11:20:37,176][trainer.py][line:146][INFO] Epoch:[8/100]	 Train loss=0.0835575	 Vali Loss=0.1115334	 Cost time=10.4
[2024-01-02 11:20:37,176][utils.py][line:105][INFO] EarlyStopping counter: 6 out of 100
[2024-01-02 11:20:47,328][trainer.py][line:146][INFO] Epoch:[9/100]	 Train loss=0.1460296	 Vali Loss=0.1273406	 Cost time=10.2
[2024-01-02 11:20:47,328][utils.py][line:105][INFO] EarlyStopping counter: 7 out of 100
[2024-01-02 11:20:57,546][trainer.py][line:146][INFO] Epoch:[10/100]	 Train loss=0.1656342	 Vali Loss=0.1111648	 Cost time=10.2
[2024-01-02 11:20:57,547][utils.py][line:105][INFO] EarlyStopping counter: 8 out of 100
[2024-01-02 11:21:07,690][trainer.py][line:146][INFO] Epoch:[11/100]	 Train loss=0.1229317	 Vali Loss=0.0770021	 Cost time=10.1
[2024-01-02 11:21:19,195][trainer.py][line:146][INFO] Epoch:[12/100]	 Train loss=0.0797335	 Vali Loss=0.1146106	 Cost time=11.5
[2024-01-02 11:21:19,195][utils.py][line:105][INFO] EarlyStopping counter: 1 out of 100
[2024-01-02 11:21:33,775][trainer.py][line:146][INFO] Epoch:[13/100]	 Train loss=0.1046231	 Vali Loss=0.0920013	 Cost time=14.6
[2024-01-02 11:21:33,775][utils.py][line:105][INFO] EarlyStopping counter: 2 out of 100
[2024-01-02 11:21:50,504][trainer.py][line:146][INFO] Epoch:[14/100]	 Train loss=0.0932165	 Vali Loss=0.0774393	 Cost time=16.7
[2024-01-02 11:21:50,504][utils.py][line:105][INFO] EarlyStopping counter: 3 out of 100
[2024-01-02 11:22:05,575][trainer.py][line:146][INFO] Epoch:[15/100]	 Train loss=0.1211226	 Vali Loss=0.1283724	 Cost time=15.1
[2024-01-02 11:22:05,575][utils.py][line:105][INFO] EarlyStopping counter: 4 out of 100
[2024-01-02 11:22:21,218][trainer.py][line:146][INFO] Epoch:[16/100]	 Train loss=0.1221324	 Vali Loss=0.0749311	 Cost time=15.6
[2024-01-02 11:22:34,957][trainer.py][line:146][INFO] Epoch:[17/100]	 Train loss=0.0698539	 Vali Loss=0.0867142	 Cost time=13.7
[2024-01-02 11:22:34,957][utils.py][line:105][INFO] EarlyStopping counter: 1 out of 100
[2024-01-02 11:22:48,271][trainer.py][line:146][INFO] Epoch:[18/100]	 Train loss=0.1080005	 Vali Loss=0.0774575	 Cost time=13.3
[2024-01-02 11:22:48,271][utils.py][line:105][INFO] EarlyStopping counter: 2 out of 100
[2024-01-02 11:23:00,215][trainer.py][line:146][INFO] Epoch:[19/100]	 Train loss=0.0813442	 Vali Loss=0.1345658	 Cost time=11.9
[2024-01-02 11:23:00,215][utils.py][line:105][INFO] EarlyStopping counter: 3 out of 100
[2024-01-02 11:23:11,883][trainer.py][line:146][INFO] Epoch:[20/100]	 Train loss=0.0704911	 Vali Loss=0.0691307	 Cost time=11.7
[2024-01-02 11:23:23,563][trainer.py][line:146][INFO] Epoch:[21/100]	 Train loss=0.0528189	 Vali Loss=0.0709222	 Cost time=11.7
[2024-01-02 11:23:23,563][utils.py][line:105][INFO] EarlyStopping counter: 1 out of 100
[2024-01-02 11:23:35,175][trainer.py][line:146][INFO] Epoch:[22/100]	 Train loss=0.0562365	 Vali Loss=0.0667573	 Cost time=11.6
[2024-01-02 11:23:46,876][trainer.py][line:146][INFO] Epoch:[23/100]	 Train loss=0.0604191	 Vali Loss=0.0715184	 Cost time=11.7
[2024-01-02 11:23:46,877][utils.py][line:105][INFO] EarlyStopping counter: 1 out of 100
[2024-01-02 11:23:58,780][trainer.py][line:146][INFO] Epoch:[24/100]	 Train loss=0.0563453	 Vali Loss=0.0685020	 Cost time=11.9
[2024-01-02 11:23:58,780][utils.py][line:105][INFO] EarlyStopping counter: 2 out of 100
[2024-01-02 11:24:10,455][trainer.py][line:146][INFO] Epoch:[25/100]	 Train loss=0.1177015	 Vali Loss=0.0809595	 Cost time=11.7
[2024-01-02 11:24:10,455][utils.py][line:105][INFO] EarlyStopping counter: 3 out of 100
[2024-01-02 11:24:22,161][trainer.py][line:146][INFO] Epoch:[26/100]	 Train loss=0.0550963	 Vali Loss=0.0697653	 Cost time=11.7
[2024-01-02 11:24:22,161][utils.py][line:105][INFO] EarlyStopping counter: 4 out of 100
[2024-01-02 11:24:33,851][trainer.py][line:146][INFO] Epoch:[27/100]	 Train loss=0.0522608	 Vali Loss=0.0991680	 Cost time=11.7
[2024-01-02 11:24:33,851][utils.py][line:105][INFO] EarlyStopping counter: 5 out of 100
[2024-01-02 11:24:45,624][trainer.py][line:146][INFO] Epoch:[28/100]	 Train loss=0.0550168	 Vali Loss=0.1062093	 Cost time=11.8
[2024-01-02 11:24:45,624][utils.py][line:105][INFO] EarlyStopping counter: 6 out of 100
[2024-01-02 11:24:57,370][trainer.py][line:146][INFO] Epoch:[29/100]	 Train loss=0.0565907	 Vali Loss=0.0673967	 Cost time=11.7
[2024-01-02 11:24:57,370][utils.py][line:105][INFO] EarlyStopping counter: 7 out of 100
[2024-01-02 11:25:08,493][trainer.py][line:146][INFO] Epoch:[30/100]	 Train loss=0.0575339	 Vali Loss=0.0747580	 Cost time=11.1
[2024-01-02 11:25:08,494][utils.py][line:105][INFO] EarlyStopping counter: 8 out of 100
[2024-01-02 11:25:19,304][trainer.py][line:146][INFO] Epoch:[31/100]	 Train loss=0.0525225	 Vali Loss=0.0665631	 Cost time=10.8
[2024-01-02 11:25:30,190][trainer.py][line:146][INFO] Epoch:[32/100]	 Train loss=0.0491829	 Vali Loss=0.0674601	 Cost time=10.9
[2024-01-02 11:25:30,190][utils.py][line:105][INFO] EarlyStopping counter: 1 out of 100
[2024-01-02 11:25:41,131][trainer.py][line:146][INFO] Epoch:[33/100]	 Train loss=0.0508358	 Vali Loss=0.0798089	 Cost time=10.9
[2024-01-02 11:25:41,131][utils.py][line:105][INFO] EarlyStopping counter: 2 out of 100
[2024-01-02 11:25:51,910][trainer.py][line:146][INFO] Epoch:[34/100]	 Train loss=0.0518034	 Vali Loss=0.0677696	 Cost time=10.8
[2024-01-02 11:25:51,910][utils.py][line:105][INFO] EarlyStopping counter: 3 out of 100
[2024-01-02 11:26:02,774][trainer.py][line:146][INFO] Epoch:[35/100]	 Train loss=0.0509546	 Vali Loss=0.0663752	 Cost time=10.9
[2024-01-02 11:26:13,707][trainer.py][line:146][INFO] Epoch:[36/100]	 Train loss=0.0557253	 Vali Loss=0.0711773	 Cost time=10.9
[2024-01-02 11:26:13,707][utils.py][line:105][INFO] EarlyStopping counter: 1 out of 100
[2024-01-02 11:26:24,556][trainer.py][line:146][INFO] Epoch:[37/100]	 Train loss=0.0528475	 Vali Loss=0.0677838	 Cost time=10.8
[2024-01-02 11:26:24,556][utils.py][line:105][INFO] EarlyStopping counter: 2 out of 100
[2024-01-02 11:26:35,431][trainer.py][line:146][INFO] Epoch:[38/100]	 Train loss=0.0491726	 Vali Loss=0.0680837	 Cost time=10.9
[2024-01-02 11:26:35,432][utils.py][line:105][INFO] EarlyStopping counter: 3 out of 100
[2024-01-02 11:26:46,232][trainer.py][line:146][INFO] Epoch:[39/100]	 Train loss=0.0512809	 Vali Loss=0.0698802	 Cost time=10.8
[2024-01-02 11:26:46,232][utils.py][line:105][INFO] EarlyStopping counter: 4 out of 100
[2024-01-02 11:26:56,975][trainer.py][line:146][INFO] Epoch:[40/100]	 Train loss=0.0535540	 Vali Loss=0.0687442	 Cost time=10.7
[2024-01-02 11:26:56,976][utils.py][line:105][INFO] EarlyStopping counter: 5 out of 100
[2024-01-02 11:27:07,887][trainer.py][line:146][INFO] Epoch:[41/100]	 Train loss=0.0479195	 Vali Loss=0.0868278	 Cost time=10.9
[2024-01-02 11:27:07,887][utils.py][line:105][INFO] EarlyStopping counter: 6 out of 100
[2024-01-02 11:27:18,843][trainer.py][line:146][INFO] Epoch:[42/100]	 Train loss=0.0483554	 Vali Loss=0.0687376	 Cost time=11.0
[2024-01-02 11:27:18,843][utils.py][line:105][INFO] EarlyStopping counter: 7 out of 100
[2024-01-02 11:27:29,713][trainer.py][line:146][INFO] Epoch:[43/100]	 Train loss=0.0467412	 Vali Loss=0.0663168	 Cost time=10.9
[2024-01-02 11:27:40,559][trainer.py][line:146][INFO] Epoch:[44/100]	 Train loss=0.0482033	 Vali Loss=0.0678976	 Cost time=10.8
[2024-01-02 11:27:40,559][utils.py][line:105][INFO] EarlyStopping counter: 1 out of 100
[2024-01-02 11:27:51,360][trainer.py][line:146][INFO] Epoch:[45/100]	 Train loss=0.0470533	 Vali Loss=0.0665814	 Cost time=10.8
[2024-01-02 11:27:51,361][utils.py][line:105][INFO] EarlyStopping counter: 2 out of 100
[2024-01-02 11:28:02,139][trainer.py][line:146][INFO] Epoch:[46/100]	 Train loss=0.0470159	 Vali Loss=0.0677472	 Cost time=10.8
[2024-01-02 11:28:02,140][utils.py][line:105][INFO] EarlyStopping counter: 3 out of 100
[2024-01-02 11:28:12,951][trainer.py][line:146][INFO] Epoch:[47/100]	 Train loss=0.0485099	 Vali Loss=0.0681566	 Cost time=10.8
[2024-01-02 11:28:12,951][utils.py][line:105][INFO] EarlyStopping counter: 4 out of 100
[2024-01-02 11:28:24,102][trainer.py][line:146][INFO] Epoch:[48/100]	 Train loss=0.0479647	 Vali Loss=0.0679255	 Cost time=11.2
[2024-01-02 11:28:24,102][utils.py][line:105][INFO] EarlyStopping counter: 5 out of 100
[2024-01-02 11:28:35,050][trainer.py][line:146][INFO] Epoch:[49/100]	 Train loss=0.0479399	 Vali Loss=0.0692547	 Cost time=10.9
[2024-01-02 11:28:35,050][utils.py][line:105][INFO] EarlyStopping counter: 6 out of 100
[2024-01-02 11:28:45,806][trainer.py][line:146][INFO] Epoch:[50/100]	 Train loss=0.0499745	 Vali Loss=0.0683303	 Cost time=10.8
[2024-01-02 11:28:45,806][utils.py][line:105][INFO] EarlyStopping counter: 7 out of 100
[2024-01-02 11:28:56,572][trainer.py][line:146][INFO] Epoch:[51/100]	 Train loss=0.0468795	 Vali Loss=0.0666095	 Cost time=10.8
[2024-01-02 11:28:56,572][utils.py][line:105][INFO] EarlyStopping counter: 8 out of 100
[2024-01-02 11:29:07,387][trainer.py][line:146][INFO] Epoch:[52/100]	 Train loss=0.0453652	 Vali Loss=0.0665190	 Cost time=10.8
[2024-01-02 11:29:07,387][utils.py][line:105][INFO] EarlyStopping counter: 9 out of 100
[2024-01-02 11:29:17,904][trainer.py][line:146][INFO] Epoch:[53/100]	 Train loss=0.0456075	 Vali Loss=0.0664842	 Cost time=10.5
[2024-01-02 11:29:17,904][utils.py][line:105][INFO] EarlyStopping counter: 10 out of 100
[2024-01-02 11:29:28,393][trainer.py][line:146][INFO] Epoch:[54/100]	 Train loss=0.0458686	 Vali Loss=0.0714665	 Cost time=10.5
[2024-01-02 11:29:28,393][utils.py][line:105][INFO] EarlyStopping counter: 11 out of 100
[2024-01-02 11:29:38,674][trainer.py][line:146][INFO] Epoch:[55/100]	 Train loss=0.0475687	 Vali Loss=0.0661035	 Cost time=10.3
[2024-01-02 11:29:48,969][trainer.py][line:146][INFO] Epoch:[56/100]	 Train loss=0.0455040	 Vali Loss=0.0669412	 Cost time=10.3
[2024-01-02 11:29:48,969][utils.py][line:105][INFO] EarlyStopping counter: 1 out of 100
[2024-01-02 11:29:59,216][trainer.py][line:146][INFO] Epoch:[57/100]	 Train loss=0.0450824	 Vali Loss=0.0705883	 Cost time=10.2
[2024-01-02 11:29:59,217][utils.py][line:105][INFO] EarlyStopping counter: 2 out of 100
[2024-01-02 11:30:09,503][trainer.py][line:146][INFO] Epoch:[58/100]	 Train loss=0.0463843	 Vali Loss=0.0682510	 Cost time=10.3
[2024-01-02 11:30:09,503][utils.py][line:105][INFO] EarlyStopping counter: 3 out of 100
[2024-01-02 11:30:19,952][trainer.py][line:146][INFO] Epoch:[59/100]	 Train loss=0.0460368	 Vali Loss=0.0683557	 Cost time=10.4
[2024-01-02 11:30:19,952][utils.py][line:105][INFO] EarlyStopping counter: 4 out of 100
[2024-01-02 11:30:30,331][trainer.py][line:146][INFO] Epoch:[60/100]	 Train loss=0.0463731	 Vali Loss=0.0670249	 Cost time=10.4
[2024-01-02 11:30:30,331][utils.py][line:105][INFO] EarlyStopping counter: 5 out of 100
[2024-01-02 11:30:40,601][trainer.py][line:146][INFO] Epoch:[61/100]	 Train loss=0.0450211	 Vali Loss=0.0664659	 Cost time=10.3
[2024-01-02 11:30:40,601][utils.py][line:105][INFO] EarlyStopping counter: 6 out of 100
[2024-01-02 11:30:50,826][trainer.py][line:146][INFO] Epoch:[62/100]	 Train loss=0.0442482	 Vali Loss=0.0671919	 Cost time=10.2
[2024-01-02 11:30:50,826][utils.py][line:105][INFO] EarlyStopping counter: 7 out of 100
[2024-01-02 11:31:01,011][trainer.py][line:146][INFO] Epoch:[63/100]	 Train loss=0.0448020	 Vali Loss=0.0677848	 Cost time=10.2
[2024-01-02 11:31:01,011][utils.py][line:105][INFO] EarlyStopping counter: 8 out of 100
[2024-01-02 11:31:11,212][trainer.py][line:146][INFO] Epoch:[64/100]	 Train loss=0.0448856	 Vali Loss=0.0669691	 Cost time=10.2
[2024-01-02 11:31:11,212][utils.py][line:105][INFO] EarlyStopping counter: 9 out of 100
[2024-01-02 11:31:21,439][trainer.py][line:146][INFO] Epoch:[65/100]	 Train loss=0.0453026	 Vali Loss=0.0677396	 Cost time=10.2
[2024-01-02 11:31:21,439][utils.py][line:105][INFO] EarlyStopping counter: 10 out of 100
[2024-01-02 11:31:31,752][trainer.py][line:146][INFO] Epoch:[66/100]	 Train loss=0.0446055	 Vali Loss=0.0667290	 Cost time=10.3
[2024-01-02 11:31:31,753][utils.py][line:105][INFO] EarlyStopping counter: 11 out of 100
[2024-01-02 11:31:42,464][trainer.py][line:146][INFO] Epoch:[67/100]	 Train loss=0.0448252	 Vali Loss=0.0670152	 Cost time=10.7
[2024-01-02 11:31:42,464][utils.py][line:105][INFO] EarlyStopping counter: 12 out of 100
[2024-01-02 11:31:52,719][trainer.py][line:146][INFO] Epoch:[68/100]	 Train loss=0.0449942	 Vali Loss=0.0680386	 Cost time=10.3
[2024-01-02 11:31:52,719][utils.py][line:105][INFO] EarlyStopping counter: 13 out of 100
[2024-01-02 11:32:02,920][trainer.py][line:146][INFO] Epoch:[69/100]	 Train loss=0.0448992	 Vali Loss=0.0664780	 Cost time=10.2
[2024-01-02 11:32:02,920][utils.py][line:105][INFO] EarlyStopping counter: 14 out of 100
[2024-01-02 11:32:13,170][trainer.py][line:146][INFO] Epoch:[70/100]	 Train loss=0.0444847	 Vali Loss=0.0665923	 Cost time=10.2
[2024-01-02 11:32:13,170][utils.py][line:105][INFO] EarlyStopping counter: 15 out of 100
[2024-01-02 11:32:23,404][trainer.py][line:146][INFO] Epoch:[71/100]	 Train loss=0.0443968	 Vali Loss=0.0665240	 Cost time=10.2
[2024-01-02 11:32:23,404][utils.py][line:105][INFO] EarlyStopping counter: 16 out of 100
[2024-01-02 11:32:33,601][trainer.py][line:146][INFO] Epoch:[72/100]	 Train loss=0.0442993	 Vali Loss=0.0671220	 Cost time=10.2
[2024-01-02 11:32:33,602][utils.py][line:105][INFO] EarlyStopping counter: 17 out of 100
[2024-01-02 11:32:43,948][trainer.py][line:146][INFO] Epoch:[73/100]	 Train loss=0.0442004	 Vali Loss=0.0672857	 Cost time=10.3
[2024-01-02 11:32:43,948][utils.py][line:105][INFO] EarlyStopping counter: 18 out of 100
[2024-01-02 11:32:54,179][trainer.py][line:146][INFO] Epoch:[74/100]	 Train loss=0.0443443	 Vali Loss=0.0671762	 Cost time=10.2
[2024-01-02 11:32:54,180][utils.py][line:105][INFO] EarlyStopping counter: 19 out of 100
[2024-01-02 11:33:04,404][trainer.py][line:146][INFO] Epoch:[75/100]	 Train loss=0.0444032	 Vali Loss=0.0667096	 Cost time=10.2
[2024-01-02 11:33:04,404][utils.py][line:105][INFO] EarlyStopping counter: 20 out of 100
[2024-01-02 11:33:14,628][trainer.py][line:146][INFO] Epoch:[76/100]	 Train loss=0.0443915	 Vali Loss=0.0671335	 Cost time=10.2
[2024-01-02 11:33:14,628][utils.py][line:105][INFO] EarlyStopping counter: 21 out of 100
[2024-01-02 11:33:24,842][trainer.py][line:146][INFO] Epoch:[77/100]	 Train loss=0.0441797	 Vali Loss=0.0681382	 Cost time=10.2
[2024-01-02 11:33:24,843][utils.py][line:105][INFO] EarlyStopping counter: 22 out of 100
[2024-01-02 11:33:35,075][trainer.py][line:146][INFO] Epoch:[78/100]	 Train loss=0.0441505	 Vali Loss=0.0671131	 Cost time=10.2
[2024-01-02 11:33:35,075][utils.py][line:105][INFO] EarlyStopping counter: 23 out of 100
[2024-01-02 11:33:45,375][trainer.py][line:146][INFO] Epoch:[79/100]	 Train loss=0.0444294	 Vali Loss=0.0667663	 Cost time=10.3
[2024-01-02 11:33:45,375][utils.py][line:105][INFO] EarlyStopping counter: 24 out of 100
[2024-01-02 11:33:55,621][trainer.py][line:146][INFO] Epoch:[80/100]	 Train loss=0.0441457	 Vali Loss=0.0675262	 Cost time=10.2
[2024-01-02 11:33:55,621][utils.py][line:105][INFO] EarlyStopping counter: 25 out of 100
[2024-01-02 11:34:05,827][trainer.py][line:146][INFO] Epoch:[81/100]	 Train loss=0.0440061	 Vali Loss=0.0670591	 Cost time=10.2
[2024-01-02 11:34:05,827][utils.py][line:105][INFO] EarlyStopping counter: 26 out of 100
[2024-01-02 11:34:16,443][trainer.py][line:146][INFO] Epoch:[82/100]	 Train loss=0.0440211	 Vali Loss=0.0671476	 Cost time=10.6
[2024-01-02 11:34:16,443][utils.py][line:105][INFO] EarlyStopping counter: 27 out of 100
[2024-01-02 11:34:26,687][trainer.py][line:146][INFO] Epoch:[83/100]	 Train loss=0.0439337	 Vali Loss=0.0665850	 Cost time=10.2
[2024-01-02 11:34:26,687][utils.py][line:105][INFO] EarlyStopping counter: 28 out of 100
[2024-01-02 11:34:36,922][trainer.py][line:146][INFO] Epoch:[84/100]	 Train loss=0.0439897	 Vali Loss=0.0668125	 Cost time=10.2
[2024-01-02 11:34:36,922][utils.py][line:105][INFO] EarlyStopping counter: 29 out of 100
[2024-01-02 11:34:47,121][trainer.py][line:146][INFO] Epoch:[85/100]	 Train loss=0.0439399	 Vali Loss=0.0667603	 Cost time=10.2
[2024-01-02 11:34:47,121][utils.py][line:105][INFO] EarlyStopping counter: 30 out of 100
[2024-01-02 11:34:57,490][trainer.py][line:146][INFO] Epoch:[86/100]	 Train loss=0.0440323	 Vali Loss=0.0666727	 Cost time=10.4
[2024-01-02 11:34:57,490][utils.py][line:105][INFO] EarlyStopping counter: 31 out of 100
[2024-01-02 11:35:07,695][trainer.py][line:146][INFO] Epoch:[87/100]	 Train loss=0.0440106	 Vali Loss=0.0667956	 Cost time=10.2
[2024-01-02 11:35:07,695][utils.py][line:105][INFO] EarlyStopping counter: 32 out of 100
[2024-01-02 11:35:17,918][trainer.py][line:146][INFO] Epoch:[88/100]	 Train loss=0.0437376	 Vali Loss=0.0676073	 Cost time=10.2
[2024-01-02 11:35:17,918][utils.py][line:105][INFO] EarlyStopping counter: 33 out of 100
[2024-01-02 11:35:28,159][trainer.py][line:146][INFO] Epoch:[89/100]	 Train loss=0.0438398	 Vali Loss=0.0669350	 Cost time=10.2
[2024-01-02 11:35:28,159][utils.py][line:105][INFO] EarlyStopping counter: 34 out of 100
[2024-01-02 11:35:38,376][trainer.py][line:146][INFO] Epoch:[90/100]	 Train loss=0.0442175	 Vali Loss=0.0667507	 Cost time=10.2
[2024-01-02 11:35:38,376][utils.py][line:105][INFO] EarlyStopping counter: 35 out of 100
[2024-01-02 11:35:48,579][trainer.py][line:146][INFO] Epoch:[91/100]	 Train loss=0.0437787	 Vali Loss=0.0668239	 Cost time=10.2
[2024-01-02 11:35:48,579][utils.py][line:105][INFO] EarlyStopping counter: 36 out of 100
[2024-01-02 11:35:58,929][trainer.py][line:146][INFO] Epoch:[92/100]	 Train loss=0.0437514	 Vali Loss=0.0668827	 Cost time=10.3
[2024-01-02 11:35:58,929][utils.py][line:105][INFO] EarlyStopping counter: 37 out of 100
[2024-01-02 11:36:09,163][trainer.py][line:146][INFO] Epoch:[93/100]	 Train loss=0.0436974	 Vali Loss=0.0673261	 Cost time=10.2
[2024-01-02 11:36:09,163][utils.py][line:105][INFO] EarlyStopping counter: 38 out of 100
[2024-01-02 11:36:19,385][trainer.py][line:146][INFO] Epoch:[94/100]	 Train loss=0.0435201	 Vali Loss=0.0666648	 Cost time=10.2
[2024-01-02 11:36:19,385][utils.py][line:105][INFO] EarlyStopping counter: 39 out of 100
[2024-01-02 11:36:29,644][trainer.py][line:146][INFO] Epoch:[95/100]	 Train loss=0.0436739	 Vali Loss=0.0668989	 Cost time=10.3
[2024-01-02 11:36:29,644][utils.py][line:105][INFO] EarlyStopping counter: 40 out of 100
[2024-01-02 11:36:39,882][trainer.py][line:146][INFO] Epoch:[96/100]	 Train loss=0.0437693	 Vali Loss=0.0668887	 Cost time=10.2
[2024-01-02 11:36:39,882][utils.py][line:105][INFO] EarlyStopping counter: 41 out of 100
[2024-01-02 11:36:50,094][trainer.py][line:146][INFO] Epoch:[97/100]	 Train loss=0.0436652	 Vali Loss=0.0670041	 Cost time=10.2
[2024-01-02 11:36:50,094][utils.py][line:105][INFO] EarlyStopping counter: 42 out of 100
[2024-01-02 11:37:00,352][trainer.py][line:146][INFO] Epoch:[98/100]	 Train loss=0.0437104	 Vali Loss=0.0668757	 Cost time=10.3
[2024-01-02 11:37:00,352][utils.py][line:105][INFO] EarlyStopping counter: 43 out of 100
[2024-01-02 11:37:10,722][trainer.py][line:146][INFO] Epoch:[99/100]	 Train loss=0.0436387	 Vali Loss=0.0669991	 Cost time=10.4
[2024-01-02 11:37:10,722][utils.py][line:105][INFO] EarlyStopping counter: 44 out of 100
[2024-01-02 11:37:21,030][trainer.py][line:146][INFO] Epoch:[100/100]	 Train loss=0.0437543	 Vali Loss=0.0668033	 Cost time=10.3
[2024-01-02 11:37:21,030][utils.py][line:105][INFO] EarlyStopping counter: 45 out of 100
[2024-01-02 11:37:21,416][trainer.py][line:163][INFO] Finish training!
[2024-01-02 11:37:21,417][trainer.py][line:219][INFO] loading model...
[2024-01-02 11:37:22,407][utils.py][line:147][INFO] Test MSE:  192570.1562   |  Test RMSE:  438.8282   |  Test MAE:  274.4709   |  Test R2:  0.8825|
[2024-01-02 11:37:22,676][utils.py][line:147][INFO] Test MSE:  470982.2188   |  Test RMSE:  686.2814   |  Test MAE:  404.5283   |  Test R2:  0.8687|
[2024-01-02 11:37:22,887][utils.py][line:147][INFO] Test MSE:  124430.0234   |  Test RMSE:  352.7464   |  Test MAE:  206.9097   |  Test R2:  0.9066|
[2024-01-02 11:37:23,082][utils.py][line:147][INFO] Test MSE:  39422.0508   |  Test RMSE:  198.5499   |  Test MAE:  134.7931   |  Test R2:  0.6758|
[2024-01-02 11:37:23,288][utils.py][line:147][INFO] Test MSE:  20626.1992   |  Test RMSE:  143.6182   |  Test MAE:  40.5154   |  Test R2:  0.5837|
[2024-01-02 11:37:23,289][trainer.py][line:219][INFO] loading model...
[2024-01-02 11:37:24,188][utils.py][line:147][INFO] Test MSE:  189618.1250   |  Test RMSE:  435.4516   |  Test MAE:  269.1823   |  Test R2:  0.8843|
[2024-01-02 11:37:24,391][utils.py][line:147][INFO] Test MSE:  468374.9062   |  Test RMSE:  684.3792   |  Test MAE:  401.8794   |  Test R2:  0.8695|
[2024-01-02 11:37:24,611][utils.py][line:147][INFO] Test MSE:  124148.0234   |  Test RMSE:  352.3465   |  Test MAE:  204.2059   |  Test R2:  0.9069|
[2024-01-02 11:37:24,827][utils.py][line:147][INFO] Test MSE:  39371.7539   |  Test RMSE:  198.4232   |  Test MAE:  134.9734   |  Test R2:  0.6762|
[2024-01-02 11:37:25,009][utils.py][line:147][INFO] Test MSE:  20159.1758   |  Test RMSE:  141.9830   |  Test MAE:  30.9311   |  Test R2:  0.5932|
