[2024-02-15 23:12:40,935][trainer.py][line:83][INFO] -----Start training-----
[2024-02-15 23:12:56,642][trainer.py][line:146][INFO] Epoch:[1/100]	 Train loss=0.2667828	 Vali Loss=0.0976630	 Cost time=15.7
[2024-02-15 23:13:11,508][trainer.py][line:146][INFO] Epoch:[2/100]	 Train loss=0.1157209	 Vali Loss=0.1188580	 Cost time=14.9
[2024-02-15 23:13:11,512][utils.py][line:105][INFO] EarlyStopping counter: 1 out of 100
[2024-02-15 23:13:26,348][trainer.py][line:146][INFO] Epoch:[3/100]	 Train loss=0.0910102	 Vali Loss=0.1077409	 Cost time=14.8
[2024-02-15 23:13:26,348][utils.py][line:105][INFO] EarlyStopping counter: 2 out of 100
[2024-02-15 23:13:41,322][trainer.py][line:146][INFO] Epoch:[4/100]	 Train loss=0.1351464	 Vali Loss=0.0801666	 Cost time=15.0
[2024-02-15 23:13:56,703][trainer.py][line:146][INFO] Epoch:[5/100]	 Train loss=0.0878699	 Vali Loss=0.1626008	 Cost time=15.3
[2024-02-15 23:13:56,703][utils.py][line:105][INFO] EarlyStopping counter: 1 out of 100
[2024-02-15 23:14:11,746][trainer.py][line:146][INFO] Epoch:[6/100]	 Train loss=0.1284325	 Vali Loss=0.0857982	 Cost time=15.0
[2024-02-15 23:14:11,746][utils.py][line:105][INFO] EarlyStopping counter: 2 out of 100
[2024-02-15 23:14:26,609][trainer.py][line:146][INFO] Epoch:[7/100]	 Train loss=0.1039732	 Vali Loss=0.0805885	 Cost time=14.9
[2024-02-15 23:14:26,609][utils.py][line:105][INFO] EarlyStopping counter: 3 out of 100
[2024-02-15 23:14:41,554][trainer.py][line:146][INFO] Epoch:[8/100]	 Train loss=0.0826918	 Vali Loss=0.1005986	 Cost time=14.9
[2024-02-15 23:14:41,555][utils.py][line:105][INFO] EarlyStopping counter: 4 out of 100
[2024-02-15 23:14:56,420][trainer.py][line:146][INFO] Epoch:[9/100]	 Train loss=0.0909199	 Vali Loss=0.0920624	 Cost time=14.9
[2024-02-15 23:14:56,420][utils.py][line:105][INFO] EarlyStopping counter: 5 out of 100
[2024-02-15 23:15:11,955][trainer.py][line:146][INFO] Epoch:[10/100]	 Train loss=0.0904024	 Vali Loss=0.1074063	 Cost time=15.5
[2024-02-15 23:15:11,955][utils.py][line:105][INFO] EarlyStopping counter: 6 out of 100
[2024-02-15 23:15:27,156][trainer.py][line:146][INFO] Epoch:[11/100]	 Train loss=0.0692390	 Vali Loss=0.0693574	 Cost time=15.2
[2024-02-15 23:15:42,307][trainer.py][line:146][INFO] Epoch:[12/100]	 Train loss=0.0664950	 Vali Loss=0.0981265	 Cost time=15.1
[2024-02-15 23:15:42,307][utils.py][line:105][INFO] EarlyStopping counter: 1 out of 100
[2024-02-15 23:15:57,342][trainer.py][line:146][INFO] Epoch:[13/100]	 Train loss=0.0661390	 Vali Loss=0.0678938	 Cost time=15.0
[2024-02-15 23:16:12,647][trainer.py][line:146][INFO] Epoch:[14/100]	 Train loss=0.0817734	 Vali Loss=0.0801010	 Cost time=15.3
[2024-02-15 23:16:12,647][utils.py][line:105][INFO] EarlyStopping counter: 1 out of 100
[2024-02-15 23:16:27,478][trainer.py][line:146][INFO] Epoch:[15/100]	 Train loss=0.0754886	 Vali Loss=0.0772460	 Cost time=14.8
[2024-02-15 23:16:27,478][utils.py][line:105][INFO] EarlyStopping counter: 2 out of 100
[2024-02-15 23:16:42,283][trainer.py][line:146][INFO] Epoch:[16/100]	 Train loss=0.0705707	 Vali Loss=0.0864372	 Cost time=14.8
[2024-02-15 23:16:42,283][utils.py][line:105][INFO] EarlyStopping counter: 3 out of 100
[2024-02-15 23:16:57,187][trainer.py][line:146][INFO] Epoch:[17/100]	 Train loss=0.0724154	 Vali Loss=0.0780510	 Cost time=14.9
[2024-02-15 23:16:57,187][utils.py][line:105][INFO] EarlyStopping counter: 4 out of 100
[2024-02-15 23:17:11,994][trainer.py][line:146][INFO] Epoch:[18/100]	 Train loss=0.0709315	 Vali Loss=0.0701440	 Cost time=14.8
[2024-02-15 23:17:11,995][utils.py][line:105][INFO] EarlyStopping counter: 5 out of 100
[2024-02-15 23:17:26,783][trainer.py][line:146][INFO] Epoch:[19/100]	 Train loss=0.0682708	 Vali Loss=0.0743220	 Cost time=14.8
[2024-02-15 23:17:26,783][utils.py][line:105][INFO] EarlyStopping counter: 6 out of 100
[2024-02-15 23:17:41,622][trainer.py][line:146][INFO] Epoch:[20/100]	 Train loss=0.0771070	 Vali Loss=0.0861332	 Cost time=14.8
[2024-02-15 23:17:41,622][utils.py][line:105][INFO] EarlyStopping counter: 7 out of 100
[2024-02-15 23:17:56,539][trainer.py][line:146][INFO] Epoch:[21/100]	 Train loss=0.0611030	 Vali Loss=0.0727735	 Cost time=14.9
[2024-02-15 23:17:56,539][utils.py][line:105][INFO] EarlyStopping counter: 8 out of 100
[2024-02-15 23:18:11,384][trainer.py][line:146][INFO] Epoch:[22/100]	 Train loss=0.0573921	 Vali Loss=0.0713450	 Cost time=14.8
[2024-02-15 23:18:11,384][utils.py][line:105][INFO] EarlyStopping counter: 9 out of 100
[2024-02-15 23:18:26,210][trainer.py][line:146][INFO] Epoch:[23/100]	 Train loss=0.0625216	 Vali Loss=0.0692588	 Cost time=14.8
[2024-02-15 23:18:26,210][utils.py][line:105][INFO] EarlyStopping counter: 10 out of 100
[2024-02-15 23:18:41,113][trainer.py][line:146][INFO] Epoch:[24/100]	 Train loss=0.0580676	 Vali Loss=0.0727728	 Cost time=14.9
[2024-02-15 23:18:41,114][utils.py][line:105][INFO] EarlyStopping counter: 11 out of 100
[2024-02-15 23:18:55,976][trainer.py][line:146][INFO] Epoch:[25/100]	 Train loss=0.0610899	 Vali Loss=0.0742033	 Cost time=14.9
[2024-02-15 23:18:55,976][utils.py][line:105][INFO] EarlyStopping counter: 12 out of 100
[2024-02-15 23:19:10,852][trainer.py][line:146][INFO] Epoch:[26/100]	 Train loss=0.0575062	 Vali Loss=0.0706873	 Cost time=14.9
[2024-02-15 23:19:10,853][utils.py][line:105][INFO] EarlyStopping counter: 13 out of 100
[2024-02-15 23:19:25,696][trainer.py][line:146][INFO] Epoch:[27/100]	 Train loss=0.0635294	 Vali Loss=0.0772670	 Cost time=14.8
[2024-02-15 23:19:25,696][utils.py][line:105][INFO] EarlyStopping counter: 14 out of 100
[2024-02-15 23:19:40,628][trainer.py][line:146][INFO] Epoch:[28/100]	 Train loss=0.0617706	 Vali Loss=0.0735866	 Cost time=14.9
[2024-02-15 23:19:40,628][utils.py][line:105][INFO] EarlyStopping counter: 15 out of 100
[2024-02-15 23:19:55,511][trainer.py][line:146][INFO] Epoch:[29/100]	 Train loss=0.0571157	 Vali Loss=0.0855891	 Cost time=14.9
[2024-02-15 23:19:55,511][utils.py][line:105][INFO] EarlyStopping counter: 16 out of 100
[2024-02-15 23:20:10,598][trainer.py][line:146][INFO] Epoch:[30/100]	 Train loss=0.0571463	 Vali Loss=0.0770440	 Cost time=15.1
[2024-02-15 23:20:10,598][utils.py][line:105][INFO] EarlyStopping counter: 17 out of 100
[2024-02-15 23:20:25,494][trainer.py][line:146][INFO] Epoch:[31/100]	 Train loss=0.0539644	 Vali Loss=0.0738818	 Cost time=14.9
[2024-02-15 23:20:25,494][utils.py][line:105][INFO] EarlyStopping counter: 18 out of 100
[2024-02-15 23:20:40,357][trainer.py][line:146][INFO] Epoch:[32/100]	 Train loss=0.0526225	 Vali Loss=0.0701215	 Cost time=14.9
[2024-02-15 23:20:40,357][utils.py][line:105][INFO] EarlyStopping counter: 19 out of 100
[2024-02-15 23:20:55,279][trainer.py][line:146][INFO] Epoch:[33/100]	 Train loss=0.0522452	 Vali Loss=0.0684770	 Cost time=14.9
[2024-02-15 23:20:55,279][utils.py][line:105][INFO] EarlyStopping counter: 20 out of 100
[2024-02-15 23:21:10,260][trainer.py][line:146][INFO] Epoch:[34/100]	 Train loss=0.0540890	 Vali Loss=0.0693327	 Cost time=15.0
[2024-02-15 23:21:10,260][utils.py][line:105][INFO] EarlyStopping counter: 21 out of 100
[2024-02-15 23:21:25,275][trainer.py][line:146][INFO] Epoch:[35/100]	 Train loss=0.0512598	 Vali Loss=0.0696219	 Cost time=15.0
[2024-02-15 23:21:25,275][utils.py][line:105][INFO] EarlyStopping counter: 22 out of 100
[2024-02-15 23:21:40,658][trainer.py][line:146][INFO] Epoch:[36/100]	 Train loss=0.0518838	 Vali Loss=0.0679531	 Cost time=15.4
[2024-02-15 23:21:40,659][utils.py][line:105][INFO] EarlyStopping counter: 23 out of 100
[2024-02-15 23:21:55,743][trainer.py][line:146][INFO] Epoch:[37/100]	 Train loss=0.0515229	 Vali Loss=0.0689510	 Cost time=15.1
[2024-02-15 23:21:55,743][utils.py][line:105][INFO] EarlyStopping counter: 24 out of 100
[2024-02-15 23:22:10,849][trainer.py][line:146][INFO] Epoch:[38/100]	 Train loss=0.0524137	 Vali Loss=0.0766691	 Cost time=15.1
[2024-02-15 23:22:10,849][utils.py][line:105][INFO] EarlyStopping counter: 25 out of 100
[2024-02-15 23:22:25,753][trainer.py][line:146][INFO] Epoch:[39/100]	 Train loss=0.0520826	 Vali Loss=0.0684410	 Cost time=14.9
[2024-02-15 23:22:25,753][utils.py][line:105][INFO] EarlyStopping counter: 26 out of 100
[2024-02-15 23:22:40,516][trainer.py][line:146][INFO] Epoch:[40/100]	 Train loss=0.0526436	 Vali Loss=0.0696214	 Cost time=14.8
[2024-02-15 23:22:40,516][utils.py][line:105][INFO] EarlyStopping counter: 27 out of 100
[2024-02-15 23:22:55,269][trainer.py][line:146][INFO] Epoch:[41/100]	 Train loss=0.0473977	 Vali Loss=0.0662949	 Cost time=14.8
[2024-02-15 23:23:10,098][trainer.py][line:146][INFO] Epoch:[42/100]	 Train loss=0.0489359	 Vali Loss=0.0674451	 Cost time=14.8
[2024-02-15 23:23:10,098][utils.py][line:105][INFO] EarlyStopping counter: 1 out of 100
[2024-02-15 23:23:24,871][trainer.py][line:146][INFO] Epoch:[43/100]	 Train loss=0.0499429	 Vali Loss=0.0665631	 Cost time=14.8
[2024-02-15 23:23:24,872][utils.py][line:105][INFO] EarlyStopping counter: 2 out of 100
[2024-02-15 23:23:39,739][trainer.py][line:146][INFO] Epoch:[44/100]	 Train loss=0.0488725	 Vali Loss=0.0705628	 Cost time=14.9
[2024-02-15 23:23:39,739][utils.py][line:105][INFO] EarlyStopping counter: 3 out of 100
[2024-02-15 23:23:54,490][trainer.py][line:146][INFO] Epoch:[45/100]	 Train loss=0.0471078	 Vali Loss=0.0668084	 Cost time=14.7
[2024-02-15 23:23:54,490][utils.py][line:105][INFO] EarlyStopping counter: 4 out of 100
[2024-02-15 23:24:09,264][trainer.py][line:146][INFO] Epoch:[46/100]	 Train loss=0.0469365	 Vali Loss=0.0671155	 Cost time=14.8
[2024-02-15 23:24:09,264][utils.py][line:105][INFO] EarlyStopping counter: 5 out of 100
[2024-02-15 23:24:24,211][trainer.py][line:146][INFO] Epoch:[47/100]	 Train loss=0.0477200	 Vali Loss=0.0677384	 Cost time=14.9
[2024-02-15 23:24:24,211][utils.py][line:105][INFO] EarlyStopping counter: 6 out of 100
[2024-02-15 23:24:39,061][trainer.py][line:146][INFO] Epoch:[48/100]	 Train loss=0.0487793	 Vali Loss=0.0692053	 Cost time=14.9
[2024-02-15 23:24:39,061][utils.py][line:105][INFO] EarlyStopping counter: 7 out of 100
[2024-02-15 23:24:53,844][trainer.py][line:146][INFO] Epoch:[49/100]	 Train loss=0.0499036	 Vali Loss=0.0773255	 Cost time=14.8
[2024-02-15 23:24:53,845][utils.py][line:105][INFO] EarlyStopping counter: 8 out of 100
[2024-02-15 23:25:08,643][trainer.py][line:146][INFO] Epoch:[50/100]	 Train loss=0.0462410	 Vali Loss=0.0664270	 Cost time=14.8
[2024-02-15 23:25:08,643][utils.py][line:105][INFO] EarlyStopping counter: 9 out of 100
[2024-02-15 23:25:23,436][trainer.py][line:146][INFO] Epoch:[51/100]	 Train loss=0.0456616	 Vali Loss=0.0702195	 Cost time=14.8
[2024-02-15 23:25:23,436][utils.py][line:105][INFO] EarlyStopping counter: 10 out of 100
[2024-02-15 23:25:38,236][trainer.py][line:146][INFO] Epoch:[52/100]	 Train loss=0.0457602	 Vali Loss=0.0673334	 Cost time=14.8
[2024-02-15 23:25:38,236][utils.py][line:105][INFO] EarlyStopping counter: 11 out of 100
[2024-02-15 23:25:53,090][trainer.py][line:146][INFO] Epoch:[53/100]	 Train loss=0.0451919	 Vali Loss=0.0664943	 Cost time=14.9
[2024-02-15 23:25:53,090][utils.py][line:105][INFO] EarlyStopping counter: 12 out of 100
[2024-02-15 23:26:07,844][trainer.py][line:146][INFO] Epoch:[54/100]	 Train loss=0.0461003	 Vali Loss=0.0679194	 Cost time=14.8
[2024-02-15 23:26:07,845][utils.py][line:105][INFO] EarlyStopping counter: 13 out of 100
[2024-02-15 23:26:23,478][trainer.py][line:146][INFO] Epoch:[55/100]	 Train loss=0.0449013	 Vali Loss=0.0668236	 Cost time=15.6
[2024-02-15 23:26:23,478][utils.py][line:105][INFO] EarlyStopping counter: 14 out of 100
[2024-02-15 23:26:39,764][trainer.py][line:146][INFO] Epoch:[56/100]	 Train loss=0.0450776	 Vali Loss=0.0668590	 Cost time=16.3
[2024-02-15 23:26:39,764][utils.py][line:105][INFO] EarlyStopping counter: 15 out of 100
[2024-02-15 23:26:56,466][trainer.py][line:146][INFO] Epoch:[57/100]	 Train loss=0.0447351	 Vali Loss=0.0665215	 Cost time=16.7
[2024-02-15 23:26:56,466][utils.py][line:105][INFO] EarlyStopping counter: 16 out of 100
[2024-02-15 23:27:11,861][trainer.py][line:146][INFO] Epoch:[58/100]	 Train loss=0.0450234	 Vali Loss=0.0668863	 Cost time=15.4
[2024-02-15 23:27:11,861][utils.py][line:105][INFO] EarlyStopping counter: 17 out of 100
[2024-02-15 23:27:26,654][trainer.py][line:146][INFO] Epoch:[59/100]	 Train loss=0.0453975	 Vali Loss=0.0679344	 Cost time=14.8
[2024-02-15 23:27:26,654][utils.py][line:105][INFO] EarlyStopping counter: 18 out of 100
[2024-02-15 23:27:41,420][trainer.py][line:146][INFO] Epoch:[60/100]	 Train loss=0.0460760	 Vali Loss=0.0672288	 Cost time=14.8
[2024-02-15 23:27:41,420][utils.py][line:105][INFO] EarlyStopping counter: 19 out of 100
[2024-02-15 23:27:56,261][trainer.py][line:146][INFO] Epoch:[61/100]	 Train loss=0.0439192	 Vali Loss=0.0664586	 Cost time=14.8
[2024-02-15 23:27:56,261][utils.py][line:105][INFO] EarlyStopping counter: 20 out of 100
[2024-02-15 23:28:11,016][trainer.py][line:146][INFO] Epoch:[62/100]	 Train loss=0.0445642	 Vali Loss=0.0660979	 Cost time=14.8
[2024-02-15 23:28:25,781][trainer.py][line:146][INFO] Epoch:[63/100]	 Train loss=0.0438765	 Vali Loss=0.0660692	 Cost time=14.8
[2024-02-15 23:28:40,563][trainer.py][line:146][INFO] Epoch:[64/100]	 Train loss=0.0440715	 Vali Loss=0.0662192	 Cost time=14.8
[2024-02-15 23:28:40,563][utils.py][line:105][INFO] EarlyStopping counter: 1 out of 100
[2024-02-15 23:28:55,325][trainer.py][line:146][INFO] Epoch:[65/100]	 Train loss=0.0437822	 Vali Loss=0.0660652	 Cost time=14.8
[2024-02-15 23:29:10,257][trainer.py][line:146][INFO] Epoch:[66/100]	 Train loss=0.0442271	 Vali Loss=0.0665409	 Cost time=14.9
[2024-02-15 23:29:10,257][utils.py][line:105][INFO] EarlyStopping counter: 1 out of 100
[2024-02-15 23:29:25,004][trainer.py][line:146][INFO] Epoch:[67/100]	 Train loss=0.0436376	 Vali Loss=0.0662771	 Cost time=14.7
[2024-02-15 23:29:25,005][utils.py][line:105][INFO] EarlyStopping counter: 2 out of 100
[2024-02-15 23:29:39,774][trainer.py][line:146][INFO] Epoch:[68/100]	 Train loss=0.0436333	 Vali Loss=0.0664394	 Cost time=14.8
[2024-02-15 23:29:39,774][utils.py][line:105][INFO] EarlyStopping counter: 3 out of 100
[2024-02-15 23:29:54,563][trainer.py][line:146][INFO] Epoch:[69/100]	 Train loss=0.0436462	 Vali Loss=0.0662752	 Cost time=14.8
[2024-02-15 23:29:54,563][utils.py][line:105][INFO] EarlyStopping counter: 4 out of 100
[2024-02-15 23:30:09,454][trainer.py][line:146][INFO] Epoch:[70/100]	 Train loss=0.0435631	 Vali Loss=0.0666879	 Cost time=14.9
[2024-02-15 23:30:09,454][utils.py][line:105][INFO] EarlyStopping counter: 5 out of 100
[2024-02-15 23:30:24,233][trainer.py][line:146][INFO] Epoch:[71/100]	 Train loss=0.0433706	 Vali Loss=0.0666423	 Cost time=14.8
[2024-02-15 23:30:24,233][utils.py][line:105][INFO] EarlyStopping counter: 6 out of 100
[2024-02-15 23:30:39,006][trainer.py][line:146][INFO] Epoch:[72/100]	 Train loss=0.0430454	 Vali Loss=0.0662503	 Cost time=14.8
[2024-02-15 23:30:39,006][utils.py][line:105][INFO] EarlyStopping counter: 7 out of 100
[2024-02-15 23:30:53,749][trainer.py][line:146][INFO] Epoch:[73/100]	 Train loss=0.0430178	 Vali Loss=0.0664899	 Cost time=14.7
[2024-02-15 23:30:53,749][utils.py][line:105][INFO] EarlyStopping counter: 8 out of 100
[2024-02-15 23:31:08,529][trainer.py][line:146][INFO] Epoch:[74/100]	 Train loss=0.0430577	 Vali Loss=0.0663522	 Cost time=14.8
[2024-02-15 23:31:08,529][utils.py][line:105][INFO] EarlyStopping counter: 9 out of 100
[2024-02-15 23:31:23,422][trainer.py][line:146][INFO] Epoch:[75/100]	 Train loss=0.0430498	 Vali Loss=0.0664915	 Cost time=14.9
[2024-02-15 23:31:23,422][utils.py][line:105][INFO] EarlyStopping counter: 10 out of 100
[2024-02-15 23:31:38,178][trainer.py][line:146][INFO] Epoch:[76/100]	 Train loss=0.0430508	 Vali Loss=0.0669719	 Cost time=14.8
[2024-02-15 23:31:38,178][utils.py][line:105][INFO] EarlyStopping counter: 11 out of 100
[2024-02-15 23:31:52,915][trainer.py][line:146][INFO] Epoch:[77/100]	 Train loss=0.0431408	 Vali Loss=0.0665036	 Cost time=14.7
[2024-02-15 23:31:52,915][utils.py][line:105][INFO] EarlyStopping counter: 12 out of 100
[2024-02-15 23:32:07,682][trainer.py][line:146][INFO] Epoch:[78/100]	 Train loss=0.0435375	 Vali Loss=0.0666415	 Cost time=14.8
[2024-02-15 23:32:07,682][utils.py][line:105][INFO] EarlyStopping counter: 13 out of 100
[2024-02-15 23:32:22,483][trainer.py][line:146][INFO] Epoch:[79/100]	 Train loss=0.0430314	 Vali Loss=0.0668439	 Cost time=14.8
[2024-02-15 23:32:22,483][utils.py][line:105][INFO] EarlyStopping counter: 14 out of 100
[2024-02-15 23:32:37,220][trainer.py][line:146][INFO] Epoch:[80/100]	 Train loss=0.0429180	 Vali Loss=0.0662945	 Cost time=14.7
[2024-02-15 23:32:37,220][utils.py][line:105][INFO] EarlyStopping counter: 15 out of 100
[2024-02-15 23:32:52,243][trainer.py][line:146][INFO] Epoch:[81/100]	 Train loss=0.0426863	 Vali Loss=0.0662580	 Cost time=15.0
[2024-02-15 23:32:52,243][utils.py][line:105][INFO] EarlyStopping counter: 16 out of 100
[2024-02-15 23:33:07,056][trainer.py][line:146][INFO] Epoch:[82/100]	 Train loss=0.0426012	 Vali Loss=0.0665762	 Cost time=14.8
[2024-02-15 23:33:07,056][utils.py][line:105][INFO] EarlyStopping counter: 17 out of 100
[2024-02-15 23:33:21,844][trainer.py][line:146][INFO] Epoch:[83/100]	 Train loss=0.0426234	 Vali Loss=0.0664718	 Cost time=14.8
[2024-02-15 23:33:21,844][utils.py][line:105][INFO] EarlyStopping counter: 18 out of 100
[2024-02-15 23:33:36,592][trainer.py][line:146][INFO] Epoch:[84/100]	 Train loss=0.0425906	 Vali Loss=0.0669058	 Cost time=14.7
[2024-02-15 23:33:36,592][utils.py][line:105][INFO] EarlyStopping counter: 19 out of 100
[2024-02-15 23:33:51,300][trainer.py][line:146][INFO] Epoch:[85/100]	 Train loss=0.0426455	 Vali Loss=0.0670271	 Cost time=14.7
[2024-02-15 23:33:51,301][utils.py][line:105][INFO] EarlyStopping counter: 20 out of 100
[2024-02-15 23:34:05,996][trainer.py][line:146][INFO] Epoch:[86/100]	 Train loss=0.0426910	 Vali Loss=0.0665366	 Cost time=14.7
[2024-02-15 23:34:05,996][utils.py][line:105][INFO] EarlyStopping counter: 21 out of 100
[2024-02-15 23:34:20,751][trainer.py][line:146][INFO] Epoch:[87/100]	 Train loss=0.0425963	 Vali Loss=0.0673082	 Cost time=14.8
[2024-02-15 23:34:20,751][utils.py][line:105][INFO] EarlyStopping counter: 22 out of 100
[2024-02-15 23:34:35,588][trainer.py][line:146][INFO] Epoch:[88/100]	 Train loss=0.0426191	 Vali Loss=0.0665845	 Cost time=14.8
[2024-02-15 23:34:35,588][utils.py][line:105][INFO] EarlyStopping counter: 23 out of 100
[2024-02-15 23:34:50,267][trainer.py][line:146][INFO] Epoch:[89/100]	 Train loss=0.0425960	 Vali Loss=0.0661958	 Cost time=14.7
[2024-02-15 23:34:50,267][utils.py][line:105][INFO] EarlyStopping counter: 24 out of 100
[2024-02-15 23:35:04,985][trainer.py][line:146][INFO] Epoch:[90/100]	 Train loss=0.0425470	 Vali Loss=0.0667191	 Cost time=14.7
[2024-02-15 23:35:04,985][utils.py][line:105][INFO] EarlyStopping counter: 25 out of 100
[2024-02-15 23:35:19,687][trainer.py][line:146][INFO] Epoch:[91/100]	 Train loss=0.0424234	 Vali Loss=0.0665470	 Cost time=14.7
[2024-02-15 23:35:19,687][utils.py][line:105][INFO] EarlyStopping counter: 26 out of 100
[2024-02-15 23:35:34,468][trainer.py][line:146][INFO] Epoch:[92/100]	 Train loss=0.0423706	 Vali Loss=0.0663940	 Cost time=14.8
[2024-02-15 23:35:34,468][utils.py][line:105][INFO] EarlyStopping counter: 27 out of 100
[2024-02-15 23:35:49,212][trainer.py][line:146][INFO] Epoch:[93/100]	 Train loss=0.0424049	 Vali Loss=0.0663525	 Cost time=14.7
[2024-02-15 23:35:49,212][utils.py][line:105][INFO] EarlyStopping counter: 28 out of 100
[2024-02-15 23:36:03,911][trainer.py][line:146][INFO] Epoch:[94/100]	 Train loss=0.0423669	 Vali Loss=0.0665600	 Cost time=14.7
[2024-02-15 23:36:03,911][utils.py][line:105][INFO] EarlyStopping counter: 29 out of 100
[2024-02-15 23:36:18,632][trainer.py][line:146][INFO] Epoch:[95/100]	 Train loss=0.0423758	 Vali Loss=0.0664895	 Cost time=14.7
[2024-02-15 23:36:18,632][utils.py][line:105][INFO] EarlyStopping counter: 30 out of 100
[2024-02-15 23:36:33,328][trainer.py][line:146][INFO] Epoch:[96/100]	 Train loss=0.0424451	 Vali Loss=0.0666420	 Cost time=14.7
[2024-02-15 23:36:33,328][utils.py][line:105][INFO] EarlyStopping counter: 31 out of 100
[2024-02-15 23:36:48,133][trainer.py][line:146][INFO] Epoch:[97/100]	 Train loss=0.0424022	 Vali Loss=0.0664269	 Cost time=14.8
[2024-02-15 23:36:48,133][utils.py][line:105][INFO] EarlyStopping counter: 32 out of 100
[2024-02-15 23:37:02,837][trainer.py][line:146][INFO] Epoch:[98/100]	 Train loss=0.0424022	 Vali Loss=0.0666416	 Cost time=14.7
[2024-02-15 23:37:02,837][utils.py][line:105][INFO] EarlyStopping counter: 33 out of 100
[2024-02-15 23:37:17,569][trainer.py][line:146][INFO] Epoch:[99/100]	 Train loss=0.0423602	 Vali Loss=0.0664020	 Cost time=14.7
[2024-02-15 23:37:17,569][utils.py][line:105][INFO] EarlyStopping counter: 34 out of 100
[2024-02-15 23:37:32,279][trainer.py][line:146][INFO] Epoch:[100/100]	 Train loss=0.0424001	 Vali Loss=0.0666700	 Cost time=14.7
[2024-02-15 23:37:32,279][utils.py][line:105][INFO] EarlyStopping counter: 35 out of 100
[2024-02-15 23:37:32,590][trainer.py][line:163][INFO] Finish training!
[2024-02-15 23:37:32,591][trainer.py][line:219][INFO] loading model...
[2024-02-15 23:37:33,530][utils.py][line:147][INFO] Test MSE:  190368.2500   |  Test RMSE:  436.3121   |  Test MAE:  270.7288   |  Test R2:  0.8839|
[2024-02-15 23:37:33,763][utils.py][line:147][INFO] Test MSE:  459459.7500   |  Test RMSE:  677.8346   |  Test MAE:  402.1769   |  Test R2:  0.8719|
[2024-02-15 23:37:33,989][utils.py][line:147][INFO] Test MSE:  119679.9766   |  Test RMSE:  345.9479   |  Test MAE:  203.7947   |  Test R2:  0.9102|
[2024-02-15 23:37:34,190][utils.py][line:147][INFO] Test MSE:  39257.4375   |  Test RMSE:  198.1349   |  Test MAE:  134.5554   |  Test R2:  0.6771|
[2024-02-15 23:37:34,383][utils.py][line:147][INFO] Test MSE:  20177.7734   |  Test RMSE:  142.0485   |  Test MAE:  31.2394   |  Test R2:  0.5928|
[2024-02-15 23:37:34,383][trainer.py][line:219][INFO] loading model...
[2024-02-15 23:37:35,284][utils.py][line:147][INFO] Test MSE:  189714.2031   |  Test RMSE:  435.5620   |  Test MAE:  268.5508   |  Test R2:  0.8843|
[2024-02-15 23:37:35,490][utils.py][line:147][INFO] Test MSE:  483959.6250   |  Test RMSE:  695.6721   |  Test MAE:  404.4700   |  Test R2:  0.8651|
[2024-02-15 23:37:35,713][utils.py][line:147][INFO] Test MSE:  120667.9219   |  Test RMSE:  347.3729   |  Test MAE:  201.6823   |  Test R2:  0.9095|
[2024-02-15 23:37:35,913][utils.py][line:147][INFO] Test MSE:  40107.6641   |  Test RMSE:  200.2690   |  Test MAE:  135.0689   |  Test R2:  0.6701|
[2024-02-15 23:37:36,126][utils.py][line:147][INFO] Test MSE:  20170.6953   |  Test RMSE:  142.0236   |  Test MAE:  31.7334   |  Test R2:  0.5929|
