[2023-12-25 19:57:54,870][trainer.py][line:81][INFO] -----Start training-----
[2023-12-25 19:58:09,775][trainer.py][line:144][INFO] Epoch:[1/100]	 Train loss=0.2667828	 Vali Loss=0.0976629	 Cost time=14.9
[2023-12-25 19:58:24,364][trainer.py][line:144][INFO] Epoch:[2/100]	 Train loss=0.1157209	 Vali Loss=0.1188580	 Cost time=14.6
[2023-12-25 19:58:24,368][utils.py][line:105][INFO] EarlyStopping counter: 1 out of 100
[2023-12-25 19:58:38,787][trainer.py][line:144][INFO] Epoch:[3/100]	 Train loss=0.0910102	 Vali Loss=0.1077409	 Cost time=14.4
[2023-12-25 19:58:38,787][utils.py][line:105][INFO] EarlyStopping counter: 2 out of 100
[2023-12-25 19:58:53,561][trainer.py][line:144][INFO] Epoch:[4/100]	 Train loss=0.1351464	 Vali Loss=0.0801666	 Cost time=14.8
[2023-12-25 19:59:08,041][trainer.py][line:144][INFO] Epoch:[5/100]	 Train loss=0.0878699	 Vali Loss=0.1626008	 Cost time=14.4
[2023-12-25 19:59:08,042][utils.py][line:105][INFO] EarlyStopping counter: 1 out of 100
[2023-12-25 19:59:22,385][trainer.py][line:144][INFO] Epoch:[6/100]	 Train loss=0.1284325	 Vali Loss=0.0857982	 Cost time=14.3
[2023-12-25 19:59:22,385][utils.py][line:105][INFO] EarlyStopping counter: 2 out of 100
[2023-12-25 19:59:36,960][trainer.py][line:144][INFO] Epoch:[7/100]	 Train loss=0.1039732	 Vali Loss=0.0805885	 Cost time=14.6
[2023-12-25 19:59:36,960][utils.py][line:105][INFO] EarlyStopping counter: 3 out of 100
[2023-12-25 19:59:51,328][trainer.py][line:144][INFO] Epoch:[8/100]	 Train loss=0.0826918	 Vali Loss=0.1005986	 Cost time=14.4
[2023-12-25 19:59:51,328][utils.py][line:105][INFO] EarlyStopping counter: 4 out of 100
[2023-12-25 20:00:05,689][trainer.py][line:144][INFO] Epoch:[9/100]	 Train loss=0.0909199	 Vali Loss=0.0920624	 Cost time=14.4
[2023-12-25 20:00:05,689][utils.py][line:105][INFO] EarlyStopping counter: 5 out of 100
[2023-12-25 20:00:20,012][trainer.py][line:144][INFO] Epoch:[10/100]	 Train loss=0.0904024	 Vali Loss=0.1074063	 Cost time=14.3
[2023-12-25 20:00:20,012][utils.py][line:105][INFO] EarlyStopping counter: 6 out of 100
[2023-12-25 20:00:34,503][trainer.py][line:144][INFO] Epoch:[11/100]	 Train loss=0.0692390	 Vali Loss=0.0693574	 Cost time=14.5
[2023-12-25 20:00:48,877][trainer.py][line:144][INFO] Epoch:[12/100]	 Train loss=0.0664950	 Vali Loss=0.0981265	 Cost time=14.4
[2023-12-25 20:00:48,877][utils.py][line:105][INFO] EarlyStopping counter: 1 out of 100
[2023-12-25 20:01:03,272][trainer.py][line:144][INFO] Epoch:[13/100]	 Train loss=0.0661390	 Vali Loss=0.0678938	 Cost time=14.4
[2023-12-25 20:01:17,630][trainer.py][line:144][INFO] Epoch:[14/100]	 Train loss=0.0817734	 Vali Loss=0.0801010	 Cost time=14.3
[2023-12-25 20:01:17,630][utils.py][line:105][INFO] EarlyStopping counter: 1 out of 100
[2023-12-25 20:01:31,959][trainer.py][line:144][INFO] Epoch:[15/100]	 Train loss=0.0754886	 Vali Loss=0.0772460	 Cost time=14.3
[2023-12-25 20:01:31,959][utils.py][line:105][INFO] EarlyStopping counter: 2 out of 100
[2023-12-25 20:01:46,437][trainer.py][line:144][INFO] Epoch:[16/100]	 Train loss=0.0705707	 Vali Loss=0.0864372	 Cost time=14.5
[2023-12-25 20:01:46,437][utils.py][line:105][INFO] EarlyStopping counter: 3 out of 100
[2023-12-25 20:02:00,820][trainer.py][line:144][INFO] Epoch:[17/100]	 Train loss=0.0724154	 Vali Loss=0.0780510	 Cost time=14.4
[2023-12-25 20:02:00,820][utils.py][line:105][INFO] EarlyStopping counter: 4 out of 100
[2023-12-25 20:02:15,179][trainer.py][line:144][INFO] Epoch:[18/100]	 Train loss=0.0709315	 Vali Loss=0.0701440	 Cost time=14.4
[2023-12-25 20:02:15,179][utils.py][line:105][INFO] EarlyStopping counter: 5 out of 100
[2023-12-25 20:02:29,639][trainer.py][line:144][INFO] Epoch:[19/100]	 Train loss=0.0682708	 Vali Loss=0.0743220	 Cost time=14.5
[2023-12-25 20:02:29,639][utils.py][line:105][INFO] EarlyStopping counter: 6 out of 100
[2023-12-25 20:02:44,042][trainer.py][line:144][INFO] Epoch:[20/100]	 Train loss=0.0771070	 Vali Loss=0.0861332	 Cost time=14.4
[2023-12-25 20:02:44,042][utils.py][line:105][INFO] EarlyStopping counter: 7 out of 100
[2023-12-25 20:02:58,466][trainer.py][line:144][INFO] Epoch:[21/100]	 Train loss=0.0611030	 Vali Loss=0.0727735	 Cost time=14.4
[2023-12-25 20:02:58,466][utils.py][line:105][INFO] EarlyStopping counter: 8 out of 100
[2023-12-25 20:03:13,168][trainer.py][line:144][INFO] Epoch:[22/100]	 Train loss=0.0573921	 Vali Loss=0.0713449	 Cost time=14.7
[2023-12-25 20:03:13,168][utils.py][line:105][INFO] EarlyStopping counter: 9 out of 100
[2023-12-25 20:03:27,650][trainer.py][line:144][INFO] Epoch:[23/100]	 Train loss=0.0625216	 Vali Loss=0.0692588	 Cost time=14.5
[2023-12-25 20:03:27,650][utils.py][line:105][INFO] EarlyStopping counter: 10 out of 100
[2023-12-25 20:03:41,975][trainer.py][line:144][INFO] Epoch:[24/100]	 Train loss=0.0580676	 Vali Loss=0.0727728	 Cost time=14.3
[2023-12-25 20:03:41,976][utils.py][line:105][INFO] EarlyStopping counter: 11 out of 100
[2023-12-25 20:03:56,476][trainer.py][line:144][INFO] Epoch:[25/100]	 Train loss=0.0610899	 Vali Loss=0.0742033	 Cost time=14.5
[2023-12-25 20:03:56,476][utils.py][line:105][INFO] EarlyStopping counter: 12 out of 100
[2023-12-25 20:04:10,821][trainer.py][line:144][INFO] Epoch:[26/100]	 Train loss=0.0575062	 Vali Loss=0.0706873	 Cost time=14.3
[2023-12-25 20:04:10,821][utils.py][line:105][INFO] EarlyStopping counter: 13 out of 100
[2023-12-25 20:04:25,263][trainer.py][line:144][INFO] Epoch:[27/100]	 Train loss=0.0635294	 Vali Loss=0.0772670	 Cost time=14.4
[2023-12-25 20:04:25,263][utils.py][line:105][INFO] EarlyStopping counter: 14 out of 100
[2023-12-25 20:04:39,586][trainer.py][line:144][INFO] Epoch:[28/100]	 Train loss=0.0617706	 Vali Loss=0.0735866	 Cost time=14.3
[2023-12-25 20:04:39,586][utils.py][line:105][INFO] EarlyStopping counter: 15 out of 100
[2023-12-25 20:04:53,890][trainer.py][line:144][INFO] Epoch:[29/100]	 Train loss=0.0571157	 Vali Loss=0.0855891	 Cost time=14.3
[2023-12-25 20:04:53,890][utils.py][line:105][INFO] EarlyStopping counter: 16 out of 100
[2023-12-25 20:05:08,686][trainer.py][line:144][INFO] Epoch:[30/100]	 Train loss=0.0571463	 Vali Loss=0.0770440	 Cost time=14.8
[2023-12-25 20:05:08,686][utils.py][line:105][INFO] EarlyStopping counter: 17 out of 100
[2023-12-25 20:05:23,145][trainer.py][line:144][INFO] Epoch:[31/100]	 Train loss=0.0539644	 Vali Loss=0.0738818	 Cost time=14.5
[2023-12-25 20:05:23,145][utils.py][line:105][INFO] EarlyStopping counter: 18 out of 100
[2023-12-25 20:05:37,578][trainer.py][line:144][INFO] Epoch:[32/100]	 Train loss=0.0526225	 Vali Loss=0.0701215	 Cost time=14.4
[2023-12-25 20:05:37,579][utils.py][line:105][INFO] EarlyStopping counter: 19 out of 100
[2023-12-25 20:05:51,926][trainer.py][line:144][INFO] Epoch:[33/100]	 Train loss=0.0522452	 Vali Loss=0.0684770	 Cost time=14.3
[2023-12-25 20:05:51,926][utils.py][line:105][INFO] EarlyStopping counter: 20 out of 100
[2023-12-25 20:06:06,442][trainer.py][line:144][INFO] Epoch:[34/100]	 Train loss=0.0540890	 Vali Loss=0.0693327	 Cost time=14.5
[2023-12-25 20:06:06,442][utils.py][line:105][INFO] EarlyStopping counter: 21 out of 100
[2023-12-25 20:06:20,801][trainer.py][line:144][INFO] Epoch:[35/100]	 Train loss=0.0512598	 Vali Loss=0.0696219	 Cost time=14.4
[2023-12-25 20:06:20,801][utils.py][line:105][INFO] EarlyStopping counter: 22 out of 100
[2023-12-25 20:06:35,244][trainer.py][line:144][INFO] Epoch:[36/100]	 Train loss=0.0518838	 Vali Loss=0.0679531	 Cost time=14.4
[2023-12-25 20:06:35,244][utils.py][line:105][INFO] EarlyStopping counter: 23 out of 100
[2023-12-25 20:06:49,620][trainer.py][line:144][INFO] Epoch:[37/100]	 Train loss=0.0515229	 Vali Loss=0.0689510	 Cost time=14.4
[2023-12-25 20:06:49,620][utils.py][line:105][INFO] EarlyStopping counter: 24 out of 100
[2023-12-25 20:07:03,950][trainer.py][line:144][INFO] Epoch:[38/100]	 Train loss=0.0524137	 Vali Loss=0.0766691	 Cost time=14.3
[2023-12-25 20:07:03,950][utils.py][line:105][INFO] EarlyStopping counter: 25 out of 100
[2023-12-25 20:07:18,453][trainer.py][line:144][INFO] Epoch:[39/100]	 Train loss=0.0520826	 Vali Loss=0.0684410	 Cost time=14.5
[2023-12-25 20:07:18,453][utils.py][line:105][INFO] EarlyStopping counter: 26 out of 100
[2023-12-25 20:07:32,798][trainer.py][line:144][INFO] Epoch:[40/100]	 Train loss=0.0526436	 Vali Loss=0.0696214	 Cost time=14.3
[2023-12-25 20:07:32,798][utils.py][line:105][INFO] EarlyStopping counter: 27 out of 100
[2023-12-25 20:07:47,175][trainer.py][line:144][INFO] Epoch:[41/100]	 Train loss=0.0473977	 Vali Loss=0.0662949	 Cost time=14.4
[2023-12-25 20:08:01,523][trainer.py][line:144][INFO] Epoch:[42/100]	 Train loss=0.0489359	 Vali Loss=0.0674451	 Cost time=14.3
[2023-12-25 20:08:01,523][utils.py][line:105][INFO] EarlyStopping counter: 1 out of 100
[2023-12-25 20:08:15,958][trainer.py][line:144][INFO] Epoch:[43/100]	 Train loss=0.0499429	 Vali Loss=0.0665631	 Cost time=14.4
[2023-12-25 20:08:15,958][utils.py][line:105][INFO] EarlyStopping counter: 2 out of 100
[2023-12-25 20:08:30,344][trainer.py][line:144][INFO] Epoch:[44/100]	 Train loss=0.0488725	 Vali Loss=0.0705628	 Cost time=14.4
[2023-12-25 20:08:30,345][utils.py][line:105][INFO] EarlyStopping counter: 3 out of 100
[2023-12-25 20:08:45,786][trainer.py][line:144][INFO] Epoch:[45/100]	 Train loss=0.0471078	 Vali Loss=0.0668084	 Cost time=15.4
[2023-12-25 20:08:45,786][utils.py][line:105][INFO] EarlyStopping counter: 4 out of 100
[2023-12-25 20:09:00,596][trainer.py][line:144][INFO] Epoch:[46/100]	 Train loss=0.0469365	 Vali Loss=0.0671155	 Cost time=14.8
[2023-12-25 20:09:00,596][utils.py][line:105][INFO] EarlyStopping counter: 5 out of 100
[2023-12-25 20:09:14,996][trainer.py][line:144][INFO] Epoch:[47/100]	 Train loss=0.0477200	 Vali Loss=0.0677384	 Cost time=14.4
[2023-12-25 20:09:14,997][utils.py][line:105][INFO] EarlyStopping counter: 6 out of 100
[2023-12-25 20:09:29,622][trainer.py][line:144][INFO] Epoch:[48/100]	 Train loss=0.0487793	 Vali Loss=0.0692054	 Cost time=14.6
[2023-12-25 20:09:29,622][utils.py][line:105][INFO] EarlyStopping counter: 7 out of 100
[2023-12-25 20:09:43,993][trainer.py][line:144][INFO] Epoch:[49/100]	 Train loss=0.0499036	 Vali Loss=0.0773255	 Cost time=14.4
[2023-12-25 20:09:43,993][utils.py][line:105][INFO] EarlyStopping counter: 8 out of 100
[2023-12-25 20:09:58,381][trainer.py][line:144][INFO] Epoch:[50/100]	 Train loss=0.0462410	 Vali Loss=0.0664270	 Cost time=14.4
[2023-12-25 20:09:58,381][utils.py][line:105][INFO] EarlyStopping counter: 9 out of 100
[2023-12-25 20:10:12,718][trainer.py][line:144][INFO] Epoch:[51/100]	 Train loss=0.0456616	 Vali Loss=0.0702195	 Cost time=14.3
[2023-12-25 20:10:12,718][utils.py][line:105][INFO] EarlyStopping counter: 10 out of 100
[2023-12-25 20:10:27,125][trainer.py][line:144][INFO] Epoch:[52/100]	 Train loss=0.0457602	 Vali Loss=0.0673334	 Cost time=14.4
[2023-12-25 20:10:27,125][utils.py][line:105][INFO] EarlyStopping counter: 11 out of 100
[2023-12-25 20:10:41,529][trainer.py][line:144][INFO] Epoch:[53/100]	 Train loss=0.0451919	 Vali Loss=0.0664943	 Cost time=14.4
[2023-12-25 20:10:41,529][utils.py][line:105][INFO] EarlyStopping counter: 12 out of 100
[2023-12-25 20:10:55,927][trainer.py][line:144][INFO] Epoch:[54/100]	 Train loss=0.0461003	 Vali Loss=0.0679194	 Cost time=14.4
[2023-12-25 20:10:55,927][utils.py][line:105][INFO] EarlyStopping counter: 13 out of 100
[2023-12-25 20:11:10,613][trainer.py][line:144][INFO] Epoch:[55/100]	 Train loss=0.0449013	 Vali Loss=0.0668236	 Cost time=14.7
[2023-12-25 20:11:10,613][utils.py][line:105][INFO] EarlyStopping counter: 14 out of 100
[2023-12-25 20:11:24,961][trainer.py][line:144][INFO] Epoch:[56/100]	 Train loss=0.0450776	 Vali Loss=0.0668590	 Cost time=14.3
[2023-12-25 20:11:24,961][utils.py][line:105][INFO] EarlyStopping counter: 15 out of 100
[2023-12-25 20:11:39,432][trainer.py][line:144][INFO] Epoch:[57/100]	 Train loss=0.0447351	 Vali Loss=0.0665215	 Cost time=14.5
[2023-12-25 20:11:39,432][utils.py][line:105][INFO] EarlyStopping counter: 16 out of 100
[2023-12-25 20:11:53,775][trainer.py][line:144][INFO] Epoch:[58/100]	 Train loss=0.0450234	 Vali Loss=0.0668863	 Cost time=14.3
[2023-12-25 20:11:53,776][utils.py][line:105][INFO] EarlyStopping counter: 17 out of 100
[2023-12-25 20:12:08,468][trainer.py][line:144][INFO] Epoch:[59/100]	 Train loss=0.0453975	 Vali Loss=0.0679344	 Cost time=14.7
[2023-12-25 20:12:08,468][utils.py][line:105][INFO] EarlyStopping counter: 18 out of 100
[2023-12-25 20:12:22,803][trainer.py][line:144][INFO] Epoch:[60/100]	 Train loss=0.0460760	 Vali Loss=0.0672288	 Cost time=14.3
[2023-12-25 20:12:22,803][utils.py][line:105][INFO] EarlyStopping counter: 19 out of 100
[2023-12-25 20:12:37,149][trainer.py][line:144][INFO] Epoch:[61/100]	 Train loss=0.0439192	 Vali Loss=0.0664586	 Cost time=14.3
[2023-12-25 20:12:37,149][utils.py][line:105][INFO] EarlyStopping counter: 20 out of 100
[2023-12-25 20:12:51,655][trainer.py][line:144][INFO] Epoch:[62/100]	 Train loss=0.0445642	 Vali Loss=0.0660979	 Cost time=14.5
[2023-12-25 20:13:06,040][trainer.py][line:144][INFO] Epoch:[63/100]	 Train loss=0.0438765	 Vali Loss=0.0660692	 Cost time=14.4
[2023-12-25 20:13:20,420][trainer.py][line:144][INFO] Epoch:[64/100]	 Train loss=0.0440715	 Vali Loss=0.0662192	 Cost time=14.4
[2023-12-25 20:13:20,420][utils.py][line:105][INFO] EarlyStopping counter: 1 out of 100
[2023-12-25 20:13:34,754][trainer.py][line:144][INFO] Epoch:[65/100]	 Train loss=0.0437822	 Vali Loss=0.0660652	 Cost time=14.3
[2023-12-25 20:13:49,536][trainer.py][line:144][INFO] Epoch:[66/100]	 Train loss=0.0442271	 Vali Loss=0.0665409	 Cost time=14.8
[2023-12-25 20:13:49,537][utils.py][line:105][INFO] EarlyStopping counter: 1 out of 100
[2023-12-25 20:14:04,013][trainer.py][line:144][INFO] Epoch:[67/100]	 Train loss=0.0436376	 Vali Loss=0.0662771	 Cost time=14.5
[2023-12-25 20:14:04,013][utils.py][line:105][INFO] EarlyStopping counter: 2 out of 100
[2023-12-25 20:14:18,447][trainer.py][line:144][INFO] Epoch:[68/100]	 Train loss=0.0436333	 Vali Loss=0.0664394	 Cost time=14.4
[2023-12-25 20:14:18,447][utils.py][line:105][INFO] EarlyStopping counter: 3 out of 100
[2023-12-25 20:14:32,814][trainer.py][line:144][INFO] Epoch:[69/100]	 Train loss=0.0436462	 Vali Loss=0.0662752	 Cost time=14.4
[2023-12-25 20:14:32,814][utils.py][line:105][INFO] EarlyStopping counter: 4 out of 100
[2023-12-25 20:14:47,172][trainer.py][line:144][INFO] Epoch:[70/100]	 Train loss=0.0435631	 Vali Loss=0.0666879	 Cost time=14.4
[2023-12-25 20:14:47,172][utils.py][line:105][INFO] EarlyStopping counter: 5 out of 100
[2023-12-25 20:15:01,747][trainer.py][line:144][INFO] Epoch:[71/100]	 Train loss=0.0433706	 Vali Loss=0.0666423	 Cost time=14.6
[2023-12-25 20:15:01,747][utils.py][line:105][INFO] EarlyStopping counter: 6 out of 100
[2023-12-25 20:15:16,312][trainer.py][line:144][INFO] Epoch:[72/100]	 Train loss=0.0430454	 Vali Loss=0.0662503	 Cost time=14.6
[2023-12-25 20:15:16,313][utils.py][line:105][INFO] EarlyStopping counter: 7 out of 100
[2023-12-25 20:15:30,700][trainer.py][line:144][INFO] Epoch:[73/100]	 Train loss=0.0430178	 Vali Loss=0.0664899	 Cost time=14.4
[2023-12-25 20:15:30,700][utils.py][line:105][INFO] EarlyStopping counter: 8 out of 100
[2023-12-25 20:15:45,021][trainer.py][line:144][INFO] Epoch:[74/100]	 Train loss=0.0430577	 Vali Loss=0.0663522	 Cost time=14.3
[2023-12-25 20:15:45,021][utils.py][line:105][INFO] EarlyStopping counter: 9 out of 100
[2023-12-25 20:15:59,481][trainer.py][line:144][INFO] Epoch:[75/100]	 Train loss=0.0430498	 Vali Loss=0.0664915	 Cost time=14.5
[2023-12-25 20:15:59,481][utils.py][line:105][INFO] EarlyStopping counter: 10 out of 100
[2023-12-25 20:16:13,880][trainer.py][line:144][INFO] Epoch:[76/100]	 Train loss=0.0430508	 Vali Loss=0.0669720	 Cost time=14.4
[2023-12-25 20:16:13,880][utils.py][line:105][INFO] EarlyStopping counter: 11 out of 100
[2023-12-25 20:16:28,330][trainer.py][line:144][INFO] Epoch:[77/100]	 Train loss=0.0431408	 Vali Loss=0.0665036	 Cost time=14.4
[2023-12-25 20:16:28,330][utils.py][line:105][INFO] EarlyStopping counter: 12 out of 100
[2023-12-25 20:16:42,680][trainer.py][line:144][INFO] Epoch:[78/100]	 Train loss=0.0435375	 Vali Loss=0.0666415	 Cost time=14.3
[2023-12-25 20:16:42,680][utils.py][line:105][INFO] EarlyStopping counter: 13 out of 100
[2023-12-25 20:16:57,016][trainer.py][line:144][INFO] Epoch:[79/100]	 Train loss=0.0430314	 Vali Loss=0.0668439	 Cost time=14.3
[2023-12-25 20:16:57,017][utils.py][line:105][INFO] EarlyStopping counter: 14 out of 100
[2023-12-25 20:17:11,568][trainer.py][line:144][INFO] Epoch:[80/100]	 Train loss=0.0429180	 Vali Loss=0.0662945	 Cost time=14.6
[2023-12-25 20:17:11,568][utils.py][line:105][INFO] EarlyStopping counter: 15 out of 100
[2023-12-25 20:17:25,897][trainer.py][line:144][INFO] Epoch:[81/100]	 Train loss=0.0426863	 Vali Loss=0.0662580	 Cost time=14.3
[2023-12-25 20:17:25,897][utils.py][line:105][INFO] EarlyStopping counter: 16 out of 100
[2023-12-25 20:17:40,438][trainer.py][line:144][INFO] Epoch:[82/100]	 Train loss=0.0426012	 Vali Loss=0.0665762	 Cost time=14.5
[2023-12-25 20:17:40,438][utils.py][line:105][INFO] EarlyStopping counter: 17 out of 100
[2023-12-25 20:17:54,770][trainer.py][line:144][INFO] Epoch:[83/100]	 Train loss=0.0426234	 Vali Loss=0.0664718	 Cost time=14.3
[2023-12-25 20:17:54,770][utils.py][line:105][INFO] EarlyStopping counter: 18 out of 100
[2023-12-25 20:18:09,099][trainer.py][line:144][INFO] Epoch:[84/100]	 Train loss=0.0425906	 Vali Loss=0.0669058	 Cost time=14.3
[2023-12-25 20:18:09,099][utils.py][line:105][INFO] EarlyStopping counter: 19 out of 100
[2023-12-25 20:18:23,672][trainer.py][line:144][INFO] Epoch:[85/100]	 Train loss=0.0426455	 Vali Loss=0.0670271	 Cost time=14.6
[2023-12-25 20:18:23,672][utils.py][line:105][INFO] EarlyStopping counter: 20 out of 100
[2023-12-25 20:18:38,060][trainer.py][line:144][INFO] Epoch:[86/100]	 Train loss=0.0426910	 Vali Loss=0.0665366	 Cost time=14.4
[2023-12-25 20:18:38,060][utils.py][line:105][INFO] EarlyStopping counter: 21 out of 100
[2023-12-25 20:18:52,430][trainer.py][line:144][INFO] Epoch:[87/100]	 Train loss=0.0425963	 Vali Loss=0.0673082	 Cost time=14.4
[2023-12-25 20:18:52,431][utils.py][line:105][INFO] EarlyStopping counter: 22 out of 100
[2023-12-25 20:19:06,736][trainer.py][line:144][INFO] Epoch:[88/100]	 Train loss=0.0426191	 Vali Loss=0.0665845	 Cost time=14.3
[2023-12-25 20:19:06,736][utils.py][line:105][INFO] EarlyStopping counter: 23 out of 100
[2023-12-25 20:19:21,200][trainer.py][line:144][INFO] Epoch:[89/100]	 Train loss=0.0425960	 Vali Loss=0.0661958	 Cost time=14.5
[2023-12-25 20:19:21,200][utils.py][line:105][INFO] EarlyStopping counter: 24 out of 100
[2023-12-25 20:19:35,475][trainer.py][line:144][INFO] Epoch:[90/100]	 Train loss=0.0425470	 Vali Loss=0.0667191	 Cost time=14.3
[2023-12-25 20:19:35,476][utils.py][line:105][INFO] EarlyStopping counter: 25 out of 100
[2023-12-25 20:19:49,861][trainer.py][line:144][INFO] Epoch:[91/100]	 Train loss=0.0424234	 Vali Loss=0.0665470	 Cost time=14.4
[2023-12-25 20:19:49,862][utils.py][line:105][INFO] EarlyStopping counter: 26 out of 100
[2023-12-25 20:20:04,159][trainer.py][line:144][INFO] Epoch:[92/100]	 Train loss=0.0423706	 Vali Loss=0.0663940	 Cost time=14.3
[2023-12-25 20:20:04,159][utils.py][line:105][INFO] EarlyStopping counter: 27 out of 100
[2023-12-25 20:20:18,656][trainer.py][line:144][INFO] Epoch:[93/100]	 Train loss=0.0424049	 Vali Loss=0.0663525	 Cost time=14.5
[2023-12-25 20:20:18,657][utils.py][line:105][INFO] EarlyStopping counter: 28 out of 100
[2023-12-25 20:20:33,226][trainer.py][line:144][INFO] Epoch:[94/100]	 Train loss=0.0423669	 Vali Loss=0.0665599	 Cost time=14.6
[2023-12-25 20:20:33,226][utils.py][line:105][INFO] EarlyStopping counter: 29 out of 100
[2023-12-25 20:20:47,572][trainer.py][line:144][INFO] Epoch:[95/100]	 Train loss=0.0423758	 Vali Loss=0.0664895	 Cost time=14.3
[2023-12-25 20:20:47,572][utils.py][line:105][INFO] EarlyStopping counter: 30 out of 100
[2023-12-25 20:21:01,970][trainer.py][line:144][INFO] Epoch:[96/100]	 Train loss=0.0424451	 Vali Loss=0.0666420	 Cost time=14.4
[2023-12-25 20:21:01,971][utils.py][line:105][INFO] EarlyStopping counter: 31 out of 100
[2023-12-25 20:21:16,283][trainer.py][line:144][INFO] Epoch:[97/100]	 Train loss=0.0424022	 Vali Loss=0.0664269	 Cost time=14.3
[2023-12-25 20:21:16,283][utils.py][line:105][INFO] EarlyStopping counter: 32 out of 100
[2023-12-25 20:21:30,686][trainer.py][line:144][INFO] Epoch:[98/100]	 Train loss=0.0424022	 Vali Loss=0.0666416	 Cost time=14.4
[2023-12-25 20:21:30,686][utils.py][line:105][INFO] EarlyStopping counter: 33 out of 100
[2023-12-25 20:21:45,106][trainer.py][line:144][INFO] Epoch:[99/100]	 Train loss=0.0423602	 Vali Loss=0.0664020	 Cost time=14.4
[2023-12-25 20:21:45,106][utils.py][line:105][INFO] EarlyStopping counter: 34 out of 100
[2023-12-25 20:21:59,535][trainer.py][line:144][INFO] Epoch:[100/100]	 Train loss=0.0424001	 Vali Loss=0.0666699	 Cost time=14.4
[2023-12-25 20:21:59,535][utils.py][line:105][INFO] EarlyStopping counter: 35 out of 100
[2023-12-25 20:21:59,963][trainer.py][line:161][INFO] Finish training!
[2023-12-25 20:21:59,964][trainer.py][line:217][INFO] loading model...
[2023-12-25 20:22:00,994][utils.py][line:147][INFO] Test MSE:  190368.2500   |  Test RMSE:  436.3121   |  Test MAE:  270.7288   |  Test R2:  0.8839|
[2023-12-25 20:22:01,223][utils.py][line:147][INFO] Test MSE:  459459.7500   |  Test RMSE:  677.8346   |  Test MAE:  402.1769   |  Test R2:  0.8719|
[2023-12-25 20:22:01,420][utils.py][line:147][INFO] Test MSE:  119679.9766   |  Test RMSE:  345.9479   |  Test MAE:  203.7947   |  Test R2:  0.9102|
[2023-12-25 20:22:01,609][utils.py][line:147][INFO] Test MSE:  39257.4375   |  Test RMSE:  198.1349   |  Test MAE:  134.5554   |  Test R2:  0.6771|
[2023-12-25 20:22:01,786][utils.py][line:147][INFO] Test MSE:  20177.7734   |  Test RMSE:  142.0485   |  Test MAE:  31.2394   |  Test R2:  0.5928|
[2023-12-25 20:22:01,786][trainer.py][line:217][INFO] loading model...
[2023-12-25 20:22:02,692][utils.py][line:147][INFO] Test MSE:  189714.2031   |  Test RMSE:  435.5620   |  Test MAE:  268.5508   |  Test R2:  0.8843|
[2023-12-25 20:22:02,886][utils.py][line:147][INFO] Test MSE:  483959.6250   |  Test RMSE:  695.6721   |  Test MAE:  404.4700   |  Test R2:  0.8651|
[2023-12-25 20:22:03,082][utils.py][line:147][INFO] Test MSE:  120667.9219   |  Test RMSE:  347.3729   |  Test MAE:  201.6823   |  Test R2:  0.9095|
[2023-12-25 20:22:03,298][utils.py][line:147][INFO] Test MSE:  40107.6641   |  Test RMSE:  200.2690   |  Test MAE:  135.0689   |  Test R2:  0.6701|
[2023-12-25 20:22:03,478][utils.py][line:147][INFO] Test MSE:  20170.6953   |  Test RMSE:  142.0236   |  Test MAE:  31.7334   |  Test R2:  0.5929|
