[2024-02-14 22:04:38,225][trainer.py][line:83][INFO] -----Start training-----
[2024-02-14 22:05:01,943][trainer.py][line:146][INFO] Epoch:[1/100]	 Train loss=0.3170247	 Vali Loss=0.1326175	 Cost time=23.7
[2024-02-14 22:05:21,601][trainer.py][line:146][INFO] Epoch:[2/100]	 Train loss=0.1095932	 Vali Loss=0.1304438	 Cost time=19.6
[2024-02-14 22:05:42,563][trainer.py][line:146][INFO] Epoch:[3/100]	 Train loss=0.1009980	 Vali Loss=0.0729601	 Cost time=20.9
[2024-02-14 22:06:02,169][trainer.py][line:146][INFO] Epoch:[4/100]	 Train loss=0.1135589	 Vali Loss=0.0848237	 Cost time=19.6
[2024-02-14 22:06:02,169][utils.py][line:105][INFO] EarlyStopping counter: 1 out of 100
[2024-02-14 22:06:29,499][trainer.py][line:146][INFO] Epoch:[5/100]	 Train loss=0.0908434	 Vali Loss=0.1180102	 Cost time=27.3
[2024-02-14 22:06:29,521][utils.py][line:105][INFO] EarlyStopping counter: 2 out of 100
[2024-02-14 22:06:58,130][trainer.py][line:146][INFO] Epoch:[6/100]	 Train loss=0.0926006	 Vali Loss=0.0793896	 Cost time=28.6
[2024-02-14 22:06:58,130][utils.py][line:105][INFO] EarlyStopping counter: 3 out of 100
[2024-02-14 22:07:23,661][trainer.py][line:146][INFO] Epoch:[7/100]	 Train loss=0.0860206	 Vali Loss=0.0777233	 Cost time=25.5
[2024-02-14 22:07:23,661][utils.py][line:105][INFO] EarlyStopping counter: 4 out of 100
[2024-02-14 22:07:42,465][trainer.py][line:146][INFO] Epoch:[8/100]	 Train loss=0.0954364	 Vali Loss=0.0791833	 Cost time=18.8
[2024-02-14 22:07:42,465][utils.py][line:105][INFO] EarlyStopping counter: 5 out of 100
[2024-02-14 22:08:01,277][trainer.py][line:146][INFO] Epoch:[9/100]	 Train loss=0.0944224	 Vali Loss=0.0812397	 Cost time=18.8
[2024-02-14 22:08:01,277][utils.py][line:105][INFO] EarlyStopping counter: 6 out of 100
[2024-02-14 22:08:21,074][trainer.py][line:146][INFO] Epoch:[10/100]	 Train loss=0.1360502	 Vali Loss=0.0969206	 Cost time=19.8
[2024-02-14 22:08:21,074][utils.py][line:105][INFO] EarlyStopping counter: 7 out of 100
[2024-02-14 22:08:41,449][trainer.py][line:146][INFO] Epoch:[11/100]	 Train loss=0.0839796	 Vali Loss=0.0866640	 Cost time=20.4
[2024-02-14 22:08:41,449][utils.py][line:105][INFO] EarlyStopping counter: 8 out of 100
[2024-02-14 22:09:04,522][trainer.py][line:146][INFO] Epoch:[12/100]	 Train loss=0.0862270	 Vali Loss=0.0821582	 Cost time=23.1
[2024-02-14 22:09:04,522][utils.py][line:105][INFO] EarlyStopping counter: 9 out of 100
[2024-02-14 22:09:24,202][trainer.py][line:146][INFO] Epoch:[13/100]	 Train loss=0.0781817	 Vali Loss=0.1189872	 Cost time=19.7
[2024-02-14 22:09:24,202][utils.py][line:105][INFO] EarlyStopping counter: 10 out of 100
[2024-02-14 22:09:45,036][trainer.py][line:146][INFO] Epoch:[14/100]	 Train loss=0.1320939	 Vali Loss=0.1133172	 Cost time=20.8
[2024-02-14 22:09:45,036][utils.py][line:105][INFO] EarlyStopping counter: 11 out of 100
[2024-02-14 22:10:08,969][trainer.py][line:146][INFO] Epoch:[15/100]	 Train loss=0.0775293	 Vali Loss=0.0718695	 Cost time=23.9
[2024-02-14 22:10:32,565][trainer.py][line:146][INFO] Epoch:[16/100]	 Train loss=0.1388483	 Vali Loss=0.1736080	 Cost time=23.6
[2024-02-14 22:10:32,565][utils.py][line:105][INFO] EarlyStopping counter: 1 out of 100
[2024-02-14 22:10:53,947][trainer.py][line:146][INFO] Epoch:[17/100]	 Train loss=0.0939236	 Vali Loss=0.1253357	 Cost time=21.4
[2024-02-14 22:10:53,947][utils.py][line:105][INFO] EarlyStopping counter: 2 out of 100
[2024-02-14 22:11:17,008][trainer.py][line:146][INFO] Epoch:[18/100]	 Train loss=0.0833919	 Vali Loss=0.0775021	 Cost time=23.1
[2024-02-14 22:11:17,009][utils.py][line:105][INFO] EarlyStopping counter: 3 out of 100
[2024-02-14 22:11:38,002][trainer.py][line:146][INFO] Epoch:[19/100]	 Train loss=0.0731249	 Vali Loss=0.1531842	 Cost time=21.0
[2024-02-14 22:11:38,002][utils.py][line:105][INFO] EarlyStopping counter: 4 out of 100
[2024-02-14 22:11:57,932][trainer.py][line:146][INFO] Epoch:[20/100]	 Train loss=0.0749616	 Vali Loss=0.0843684	 Cost time=19.9
[2024-02-14 22:11:57,932][utils.py][line:105][INFO] EarlyStopping counter: 5 out of 100
[2024-02-14 22:12:19,776][trainer.py][line:146][INFO] Epoch:[21/100]	 Train loss=0.0642995	 Vali Loss=0.0729532	 Cost time=21.8
[2024-02-14 22:12:19,776][utils.py][line:105][INFO] EarlyStopping counter: 6 out of 100
[2024-02-14 22:12:39,401][trainer.py][line:146][INFO] Epoch:[22/100]	 Train loss=0.0583602	 Vali Loss=0.0706115	 Cost time=19.6
[2024-02-14 22:13:00,069][trainer.py][line:146][INFO] Epoch:[23/100]	 Train loss=0.0670234	 Vali Loss=0.0690625	 Cost time=20.6
[2024-02-14 22:13:20,437][trainer.py][line:146][INFO] Epoch:[24/100]	 Train loss=0.0632664	 Vali Loss=0.0700657	 Cost time=20.3
[2024-02-14 22:13:20,437][utils.py][line:105][INFO] EarlyStopping counter: 1 out of 100
[2024-02-14 22:13:42,131][trainer.py][line:146][INFO] Epoch:[25/100]	 Train loss=0.0617734	 Vali Loss=0.0723246	 Cost time=21.7
[2024-02-14 22:13:42,131][utils.py][line:105][INFO] EarlyStopping counter: 2 out of 100
[2024-02-14 22:14:00,515][trainer.py][line:146][INFO] Epoch:[26/100]	 Train loss=0.0614389	 Vali Loss=0.0691607	 Cost time=18.4
[2024-02-14 22:14:00,516][utils.py][line:105][INFO] EarlyStopping counter: 3 out of 100
[2024-02-14 22:14:18,520][trainer.py][line:146][INFO] Epoch:[27/100]	 Train loss=0.0590867	 Vali Loss=0.0705326	 Cost time=18.0
[2024-02-14 22:14:18,521][utils.py][line:105][INFO] EarlyStopping counter: 4 out of 100
[2024-02-14 22:14:36,602][trainer.py][line:146][INFO] Epoch:[28/100]	 Train loss=0.0641518	 Vali Loss=0.0952110	 Cost time=18.1
[2024-02-14 22:14:36,602][utils.py][line:105][INFO] EarlyStopping counter: 5 out of 100
[2024-02-14 22:14:54,610][trainer.py][line:146][INFO] Epoch:[29/100]	 Train loss=0.0589546	 Vali Loss=0.0719754	 Cost time=18.0
[2024-02-14 22:14:54,610][utils.py][line:105][INFO] EarlyStopping counter: 6 out of 100
[2024-02-14 22:15:13,663][trainer.py][line:146][INFO] Epoch:[30/100]	 Train loss=0.0592205	 Vali Loss=0.0706777	 Cost time=19.1
[2024-02-14 22:15:13,663][utils.py][line:105][INFO] EarlyStopping counter: 7 out of 100
[2024-02-14 22:15:34,781][trainer.py][line:146][INFO] Epoch:[31/100]	 Train loss=0.0522479	 Vali Loss=0.0721494	 Cost time=21.1
[2024-02-14 22:15:34,781][utils.py][line:105][INFO] EarlyStopping counter: 8 out of 100
[2024-02-14 22:15:54,785][trainer.py][line:146][INFO] Epoch:[32/100]	 Train loss=0.0541627	 Vali Loss=0.0703651	 Cost time=20.0
[2024-02-14 22:15:54,785][utils.py][line:105][INFO] EarlyStopping counter: 9 out of 100
[2024-02-14 22:16:14,820][trainer.py][line:146][INFO] Epoch:[33/100]	 Train loss=0.0523340	 Vali Loss=0.0684936	 Cost time=20.0
[2024-02-14 22:16:34,589][trainer.py][line:146][INFO] Epoch:[34/100]	 Train loss=0.0506950	 Vali Loss=0.0690002	 Cost time=19.7
[2024-02-14 22:16:34,590][utils.py][line:105][INFO] EarlyStopping counter: 1 out of 100
[2024-02-14 22:16:55,382][trainer.py][line:146][INFO] Epoch:[35/100]	 Train loss=0.0530880	 Vali Loss=0.0926413	 Cost time=20.8
[2024-02-14 22:16:55,382][utils.py][line:105][INFO] EarlyStopping counter: 2 out of 100
[2024-02-14 22:17:17,092][trainer.py][line:146][INFO] Epoch:[36/100]	 Train loss=0.0574599	 Vali Loss=0.0803519	 Cost time=21.7
[2024-02-14 22:17:17,092][utils.py][line:105][INFO] EarlyStopping counter: 3 out of 100
[2024-02-14 22:17:35,723][trainer.py][line:146][INFO] Epoch:[37/100]	 Train loss=0.0565442	 Vali Loss=0.0713748	 Cost time=18.6
[2024-02-14 22:17:35,723][utils.py][line:105][INFO] EarlyStopping counter: 4 out of 100
[2024-02-14 22:17:54,391][trainer.py][line:146][INFO] Epoch:[38/100]	 Train loss=0.0512638	 Vali Loss=0.0702087	 Cost time=18.7
[2024-02-14 22:17:54,392][utils.py][line:105][INFO] EarlyStopping counter: 5 out of 100
[2024-02-14 22:18:13,613][trainer.py][line:146][INFO] Epoch:[39/100]	 Train loss=0.0516392	 Vali Loss=0.0699191	 Cost time=19.2
[2024-02-14 22:18:13,613][utils.py][line:105][INFO] EarlyStopping counter: 6 out of 100
[2024-02-14 22:18:36,392][trainer.py][line:146][INFO] Epoch:[40/100]	 Train loss=0.0612446	 Vali Loss=0.0803319	 Cost time=22.8
[2024-02-14 22:18:36,392][utils.py][line:105][INFO] EarlyStopping counter: 7 out of 100
[2024-02-14 22:18:58,708][trainer.py][line:146][INFO] Epoch:[41/100]	 Train loss=0.0488350	 Vali Loss=0.0667998	 Cost time=22.3
[2024-02-14 22:19:22,282][trainer.py][line:146][INFO] Epoch:[42/100]	 Train loss=0.0457910	 Vali Loss=0.0678437	 Cost time=23.5
[2024-02-14 22:19:22,282][utils.py][line:105][INFO] EarlyStopping counter: 1 out of 100
[2024-02-14 22:19:43,769][trainer.py][line:146][INFO] Epoch:[43/100]	 Train loss=0.0498878	 Vali Loss=0.0692789	 Cost time=21.5
[2024-02-14 22:19:43,769][utils.py][line:105][INFO] EarlyStopping counter: 2 out of 100
[2024-02-14 22:20:07,495][trainer.py][line:146][INFO] Epoch:[44/100]	 Train loss=0.0495124	 Vali Loss=0.0725658	 Cost time=23.7
[2024-02-14 22:20:07,495][utils.py][line:105][INFO] EarlyStopping counter: 3 out of 100
[2024-02-14 22:20:27,410][trainer.py][line:146][INFO] Epoch:[45/100]	 Train loss=0.0468681	 Vali Loss=0.0739365	 Cost time=19.9
[2024-02-14 22:20:27,410][utils.py][line:105][INFO] EarlyStopping counter: 4 out of 100
[2024-02-14 22:20:48,791][trainer.py][line:146][INFO] Epoch:[46/100]	 Train loss=0.0481218	 Vali Loss=0.0690553	 Cost time=21.4
[2024-02-14 22:20:48,791][utils.py][line:105][INFO] EarlyStopping counter: 5 out of 100
[2024-02-14 22:21:09,090][trainer.py][line:146][INFO] Epoch:[47/100]	 Train loss=0.0504761	 Vali Loss=0.0674655	 Cost time=20.3
[2024-02-14 22:21:09,090][utils.py][line:105][INFO] EarlyStopping counter: 6 out of 100
[2024-02-14 22:21:30,020][trainer.py][line:146][INFO] Epoch:[48/100]	 Train loss=0.0510293	 Vali Loss=0.0675524	 Cost time=20.9
[2024-02-14 22:21:30,020][utils.py][line:105][INFO] EarlyStopping counter: 7 out of 100
[2024-02-14 22:21:52,910][trainer.py][line:146][INFO] Epoch:[49/100]	 Train loss=0.0479372	 Vali Loss=0.0724987	 Cost time=22.9
[2024-02-14 22:21:52,910][utils.py][line:105][INFO] EarlyStopping counter: 8 out of 100
[2024-02-14 22:22:15,060][trainer.py][line:146][INFO] Epoch:[50/100]	 Train loss=0.0490070	 Vali Loss=0.0697613	 Cost time=22.1
[2024-02-14 22:22:15,060][utils.py][line:105][INFO] EarlyStopping counter: 9 out of 100
[2024-02-14 22:22:36,211][trainer.py][line:146][INFO] Epoch:[51/100]	 Train loss=0.0460471	 Vali Loss=0.0679228	 Cost time=21.2
[2024-02-14 22:22:36,211][utils.py][line:105][INFO] EarlyStopping counter: 10 out of 100
[2024-02-14 22:22:56,761][trainer.py][line:146][INFO] Epoch:[52/100]	 Train loss=0.0465073	 Vali Loss=0.0675177	 Cost time=20.5
[2024-02-14 22:22:56,761][utils.py][line:105][INFO] EarlyStopping counter: 11 out of 100
[2024-02-14 22:23:14,868][trainer.py][line:146][INFO] Epoch:[53/100]	 Train loss=0.0462163	 Vali Loss=0.0684140	 Cost time=18.1
[2024-02-14 22:23:14,868][utils.py][line:105][INFO] EarlyStopping counter: 12 out of 100
[2024-02-14 22:23:34,242][trainer.py][line:146][INFO] Epoch:[54/100]	 Train loss=0.0461661	 Vali Loss=0.0690451	 Cost time=19.4
[2024-02-14 22:23:34,242][utils.py][line:105][INFO] EarlyStopping counter: 13 out of 100
[2024-02-14 22:23:53,369][trainer.py][line:146][INFO] Epoch:[55/100]	 Train loss=0.0460911	 Vali Loss=0.0666530	 Cost time=19.1
[2024-02-14 22:24:12,034][trainer.py][line:146][INFO] Epoch:[56/100]	 Train loss=0.0462488	 Vali Loss=0.0672943	 Cost time=18.6
[2024-02-14 22:24:12,034][utils.py][line:105][INFO] EarlyStopping counter: 1 out of 100
[2024-02-14 22:24:33,501][trainer.py][line:146][INFO] Epoch:[57/100]	 Train loss=0.0462199	 Vali Loss=0.0677205	 Cost time=21.5
[2024-02-14 22:24:33,501][utils.py][line:105][INFO] EarlyStopping counter: 2 out of 100
[2024-02-14 22:24:53,213][trainer.py][line:146][INFO] Epoch:[58/100]	 Train loss=0.0457633	 Vali Loss=0.0668369	 Cost time=19.7
[2024-02-14 22:24:53,213][utils.py][line:105][INFO] EarlyStopping counter: 3 out of 100
[2024-02-14 22:25:15,693][trainer.py][line:146][INFO] Epoch:[59/100]	 Train loss=0.0463204	 Vali Loss=0.0677960	 Cost time=22.5
[2024-02-14 22:25:15,693][utils.py][line:105][INFO] EarlyStopping counter: 4 out of 100
[2024-02-14 22:25:36,040][trainer.py][line:146][INFO] Epoch:[60/100]	 Train loss=0.0469964	 Vali Loss=0.0681720	 Cost time=20.3
[2024-02-14 22:25:36,040][utils.py][line:105][INFO] EarlyStopping counter: 5 out of 100
[2024-02-14 22:25:57,394][trainer.py][line:146][INFO] Epoch:[61/100]	 Train loss=0.0448717	 Vali Loss=0.0673900	 Cost time=21.4
[2024-02-14 22:25:57,394][utils.py][line:105][INFO] EarlyStopping counter: 6 out of 100
[2024-02-14 22:26:18,093][trainer.py][line:146][INFO] Epoch:[62/100]	 Train loss=0.0449417	 Vali Loss=0.0674727	 Cost time=20.7
[2024-02-14 22:26:18,094][utils.py][line:105][INFO] EarlyStopping counter: 7 out of 100
[2024-02-14 22:26:37,068][trainer.py][line:146][INFO] Epoch:[63/100]	 Train loss=0.0449104	 Vali Loss=0.0673032	 Cost time=19.0
[2024-02-14 22:26:37,068][utils.py][line:105][INFO] EarlyStopping counter: 8 out of 100
[2024-02-14 22:26:57,400][trainer.py][line:146][INFO] Epoch:[64/100]	 Train loss=0.0448168	 Vali Loss=0.0667714	 Cost time=20.3
[2024-02-14 22:26:57,400][utils.py][line:105][INFO] EarlyStopping counter: 9 out of 100
[2024-02-14 22:27:20,282][trainer.py][line:146][INFO] Epoch:[65/100]	 Train loss=0.0444523	 Vali Loss=0.0691334	 Cost time=22.9
[2024-02-14 22:27:20,282][utils.py][line:105][INFO] EarlyStopping counter: 10 out of 100
[2024-02-14 22:27:42,685][trainer.py][line:146][INFO] Epoch:[66/100]	 Train loss=0.0446263	 Vali Loss=0.0672270	 Cost time=22.4
[2024-02-14 22:27:42,685][utils.py][line:105][INFO] EarlyStopping counter: 11 out of 100
[2024-02-14 22:28:06,878][trainer.py][line:146][INFO] Epoch:[67/100]	 Train loss=0.0444674	 Vali Loss=0.0678372	 Cost time=24.2
[2024-02-14 22:28:06,879][utils.py][line:105][INFO] EarlyStopping counter: 12 out of 100
[2024-02-14 22:28:30,686][trainer.py][line:146][INFO] Epoch:[68/100]	 Train loss=0.0445271	 Vali Loss=0.0674541	 Cost time=23.8
[2024-02-14 22:28:30,687][utils.py][line:105][INFO] EarlyStopping counter: 13 out of 100
[2024-02-14 22:28:51,040][trainer.py][line:146][INFO] Epoch:[69/100]	 Train loss=0.0446704	 Vali Loss=0.0675283	 Cost time=20.4
[2024-02-14 22:28:51,040][utils.py][line:105][INFO] EarlyStopping counter: 14 out of 100
[2024-02-14 22:29:09,646][trainer.py][line:146][INFO] Epoch:[70/100]	 Train loss=0.0444238	 Vali Loss=0.0675627	 Cost time=18.6
[2024-02-14 22:29:09,646][utils.py][line:105][INFO] EarlyStopping counter: 15 out of 100
[2024-02-14 22:29:28,884][trainer.py][line:146][INFO] Epoch:[71/100]	 Train loss=0.0437790	 Vali Loss=0.0687388	 Cost time=19.2
[2024-02-14 22:29:28,884][utils.py][line:105][INFO] EarlyStopping counter: 16 out of 100
[2024-02-14 22:29:48,167][trainer.py][line:146][INFO] Epoch:[72/100]	 Train loss=0.0442929	 Vali Loss=0.0675601	 Cost time=19.3
[2024-02-14 22:29:48,167][utils.py][line:105][INFO] EarlyStopping counter: 17 out of 100
[2024-02-14 22:30:08,765][trainer.py][line:146][INFO] Epoch:[73/100]	 Train loss=0.0437614	 Vali Loss=0.0675149	 Cost time=20.6
[2024-02-14 22:30:08,765][utils.py][line:105][INFO] EarlyStopping counter: 18 out of 100
[2024-02-14 22:30:31,088][trainer.py][line:146][INFO] Epoch:[74/100]	 Train loss=0.0440034	 Vali Loss=0.0673262	 Cost time=22.3
[2024-02-14 22:30:31,088][utils.py][line:105][INFO] EarlyStopping counter: 19 out of 100
[2024-02-14 22:30:54,475][trainer.py][line:146][INFO] Epoch:[75/100]	 Train loss=0.0439804	 Vali Loss=0.0675125	 Cost time=23.4
[2024-02-14 22:30:54,475][utils.py][line:105][INFO] EarlyStopping counter: 20 out of 100
[2024-02-14 22:31:16,288][trainer.py][line:146][INFO] Epoch:[76/100]	 Train loss=0.0436795	 Vali Loss=0.0672672	 Cost time=21.8
[2024-02-14 22:31:16,288][utils.py][line:105][INFO] EarlyStopping counter: 21 out of 100
[2024-02-14 22:31:38,014][trainer.py][line:146][INFO] Epoch:[77/100]	 Train loss=0.0438087	 Vali Loss=0.0676123	 Cost time=21.7
[2024-02-14 22:31:38,014][utils.py][line:105][INFO] EarlyStopping counter: 22 out of 100
[2024-02-14 22:31:57,533][trainer.py][line:146][INFO] Epoch:[78/100]	 Train loss=0.0436167	 Vali Loss=0.0672823	 Cost time=19.5
[2024-02-14 22:31:57,533][utils.py][line:105][INFO] EarlyStopping counter: 23 out of 100
[2024-02-14 22:32:17,143][trainer.py][line:146][INFO] Epoch:[79/100]	 Train loss=0.0441084	 Vali Loss=0.0673073	 Cost time=19.6
[2024-02-14 22:32:17,143][utils.py][line:105][INFO] EarlyStopping counter: 24 out of 100
[2024-02-14 22:32:37,885][trainer.py][line:146][INFO] Epoch:[80/100]	 Train loss=0.0438836	 Vali Loss=0.0673310	 Cost time=20.7
[2024-02-14 22:32:37,885][utils.py][line:105][INFO] EarlyStopping counter: 25 out of 100
[2024-02-14 22:32:57,384][trainer.py][line:146][INFO] Epoch:[81/100]	 Train loss=0.0434626	 Vali Loss=0.0672591	 Cost time=19.5
[2024-02-14 22:32:57,384][utils.py][line:105][INFO] EarlyStopping counter: 26 out of 100
[2024-02-14 22:33:17,401][trainer.py][line:146][INFO] Epoch:[82/100]	 Train loss=0.0433965	 Vali Loss=0.0673565	 Cost time=20.0
[2024-02-14 22:33:17,401][utils.py][line:105][INFO] EarlyStopping counter: 27 out of 100
[2024-02-14 22:33:42,814][trainer.py][line:146][INFO] Epoch:[83/100]	 Train loss=0.0436629	 Vali Loss=0.0672695	 Cost time=25.4
[2024-02-14 22:33:42,814][utils.py][line:105][INFO] EarlyStopping counter: 28 out of 100
[2024-02-14 22:34:04,016][trainer.py][line:146][INFO] Epoch:[84/100]	 Train loss=0.0436380	 Vali Loss=0.0670994	 Cost time=21.2
[2024-02-14 22:34:04,016][utils.py][line:105][INFO] EarlyStopping counter: 29 out of 100
[2024-02-14 22:34:24,784][trainer.py][line:146][INFO] Epoch:[85/100]	 Train loss=0.0433551	 Vali Loss=0.0672996	 Cost time=20.8
[2024-02-14 22:34:24,784][utils.py][line:105][INFO] EarlyStopping counter: 30 out of 100
[2024-02-14 22:34:46,250][trainer.py][line:146][INFO] Epoch:[86/100]	 Train loss=0.0434431	 Vali Loss=0.0671155	 Cost time=21.5
[2024-02-14 22:34:46,250][utils.py][line:105][INFO] EarlyStopping counter: 31 out of 100
[2024-02-14 22:35:06,998][trainer.py][line:146][INFO] Epoch:[87/100]	 Train loss=0.0434041	 Vali Loss=0.0672325	 Cost time=20.7
[2024-02-14 22:35:06,998][utils.py][line:105][INFO] EarlyStopping counter: 32 out of 100
[2024-02-14 22:35:26,255][trainer.py][line:146][INFO] Epoch:[88/100]	 Train loss=0.0435576	 Vali Loss=0.0670955	 Cost time=19.3
[2024-02-14 22:35:26,255][utils.py][line:105][INFO] EarlyStopping counter: 33 out of 100
[2024-02-14 22:35:46,177][trainer.py][line:146][INFO] Epoch:[89/100]	 Train loss=0.0431847	 Vali Loss=0.0671276	 Cost time=19.9
[2024-02-14 22:35:46,177][utils.py][line:105][INFO] EarlyStopping counter: 34 out of 100
[2024-02-14 22:36:05,702][trainer.py][line:146][INFO] Epoch:[90/100]	 Train loss=0.0434228	 Vali Loss=0.0671433	 Cost time=19.5
[2024-02-14 22:36:05,702][utils.py][line:105][INFO] EarlyStopping counter: 35 out of 100
[2024-02-14 22:36:29,113][trainer.py][line:146][INFO] Epoch:[91/100]	 Train loss=0.0430526	 Vali Loss=0.0671209	 Cost time=23.4
[2024-02-14 22:36:29,113][utils.py][line:105][INFO] EarlyStopping counter: 36 out of 100
[2024-02-14 22:36:51,079][trainer.py][line:146][INFO] Epoch:[92/100]	 Train loss=0.0431810	 Vali Loss=0.0670902	 Cost time=22.0
[2024-02-14 22:36:51,079][utils.py][line:105][INFO] EarlyStopping counter: 37 out of 100
[2024-02-14 22:37:12,902][trainer.py][line:146][INFO] Epoch:[93/100]	 Train loss=0.0431213	 Vali Loss=0.0671220	 Cost time=21.8
[2024-02-14 22:37:12,902][utils.py][line:105][INFO] EarlyStopping counter: 38 out of 100
[2024-02-14 22:37:32,235][trainer.py][line:146][INFO] Epoch:[94/100]	 Train loss=0.0430721	 Vali Loss=0.0671864	 Cost time=19.3
[2024-02-14 22:37:32,236][utils.py][line:105][INFO] EarlyStopping counter: 39 out of 100
[2024-02-14 22:37:52,044][trainer.py][line:146][INFO] Epoch:[95/100]	 Train loss=0.0431992	 Vali Loss=0.0672610	 Cost time=19.8
[2024-02-14 22:37:52,045][utils.py][line:105][INFO] EarlyStopping counter: 40 out of 100
[2024-02-14 22:38:10,544][trainer.py][line:146][INFO] Epoch:[96/100]	 Train loss=0.0431278	 Vali Loss=0.0672405	 Cost time=18.5
[2024-02-14 22:38:10,545][utils.py][line:105][INFO] EarlyStopping counter: 41 out of 100
[2024-02-14 22:38:30,466][trainer.py][line:146][INFO] Epoch:[97/100]	 Train loss=0.0431009	 Vali Loss=0.0671795	 Cost time=19.9
[2024-02-14 22:38:30,466][utils.py][line:105][INFO] EarlyStopping counter: 42 out of 100
[2024-02-14 22:38:49,559][trainer.py][line:146][INFO] Epoch:[98/100]	 Train loss=0.0430901	 Vali Loss=0.0673416	 Cost time=19.1
[2024-02-14 22:38:49,559][utils.py][line:105][INFO] EarlyStopping counter: 43 out of 100
[2024-02-14 22:39:10,803][trainer.py][line:146][INFO] Epoch:[99/100]	 Train loss=0.0429858	 Vali Loss=0.0673733	 Cost time=21.2
[2024-02-14 22:39:10,804][utils.py][line:105][INFO] EarlyStopping counter: 44 out of 100
[2024-02-14 22:39:30,175][trainer.py][line:146][INFO] Epoch:[100/100]	 Train loss=0.0431190	 Vali Loss=0.0673313	 Cost time=19.4
[2024-02-14 22:39:30,175][utils.py][line:105][INFO] EarlyStopping counter: 45 out of 100
[2024-02-14 22:39:30,928][trainer.py][line:163][INFO] Finish training!
[2024-02-14 22:39:30,930][trainer.py][line:219][INFO] loading model...
[2024-02-14 22:39:32,839][utils.py][line:147][INFO] Test MSE:  177277.9375   |  Test RMSE:  421.0439   |  Test MAE:  261.2044   |  Test R2:  0.8918|
[2024-02-14 22:39:33,203][utils.py][line:147][INFO] Test MSE:  468549.9688   |  Test RMSE:  684.5071   |  Test MAE:  406.2158   |  Test R2:  0.8694|
[2024-02-14 22:39:33,533][utils.py][line:147][INFO] Test MSE:  121044.1797   |  Test RMSE:  347.9140   |  Test MAE:  205.5037   |  Test R2:  0.9092|
[2024-02-14 22:39:33,878][utils.py][line:147][INFO] Test MSE:  39365.6406   |  Test RMSE:  198.4078   |  Test MAE:  133.8606   |  Test R2:  0.6762|
[2024-02-14 22:39:34,196][utils.py][line:147][INFO] Test MSE:  20846.3203   |  Test RMSE:  144.3826   |  Test MAE:  52.6463   |  Test R2:  0.5793|
[2024-02-14 22:39:34,196][trainer.py][line:219][INFO] loading model...
[2024-02-14 22:39:35,689][utils.py][line:147][INFO] Test MSE:  178616.9844   |  Test RMSE:  422.6310   |  Test MAE:  258.0607   |  Test R2:  0.8910|
[2024-02-14 22:39:36,033][utils.py][line:147][INFO] Test MSE:  468685.3438   |  Test RMSE:  684.6060   |  Test MAE:  405.9258   |  Test R2:  0.8694|
[2024-02-14 22:39:36,367][utils.py][line:147][INFO] Test MSE:  122304.0625   |  Test RMSE:  349.7200   |  Test MAE:  200.6641   |  Test R2:  0.9082|
[2024-02-14 22:39:36,699][utils.py][line:147][INFO] Test MSE:  40389.5664   |  Test RMSE:  200.9716   |  Test MAE:  131.9450   |  Test R2:  0.6678|
[2024-02-14 22:39:37,012][utils.py][line:147][INFO] Test MSE:  20742.8770   |  Test RMSE:  144.0239   |  Test MAE:  36.7948   |  Test R2:  0.5814|
